
*** Running vivado
    with args -log blk_mem_gen_0.vds -m64 -product Vivado -mode batch -messageDb vivado.pb -notrace -source blk_mem_gen_0.tcl


****** Vivado v2016.3 (64-bit)
  **** SW Build 1682563 on Mon Oct 10 19:07:27 MDT 2016
  **** IP Build 1681267 on Mon Oct 10 21:28:31 MDT 2016
    ** Copyright 1986-2016 Xilinx, Inc. All Rights Reserved.

source blk_mem_gen_0.tcl -notrace
Starting RTL Elaboration : Time (s): cpu = 00:00:11 ; elapsed = 00:00:14 . Memory (MB): peak = 347.418 ; gain = 138.168
INFO: [Synth 8-638] synthesizing module 'blk_mem_gen_0' [c:/College/Thesis/VivadoProjects/SHA1_BRAM/SHA1_BRAM.srcs/sources_1/ip/blk_mem_gen_0/synth/blk_mem_gen_0.vhd:70]
INFO: [Synth 8-256] done synthesizing module 'blk_mem_gen_0' (9#1) [c:/College/Thesis/VivadoProjects/SHA1_BRAM/SHA1_BRAM.srcs/sources_1/ip/blk_mem_gen_0/synth/blk_mem_gen_0.vhd:70]
Finished RTL Elaboration : Time (s): cpu = 00:01:06 ; elapsed = 00:01:16 . Memory (MB): peak = 545.652 ; gain = 336.402
Finished RTL Optimization Phase 1 : Time (s): cpu = 00:01:07 ; elapsed = 00:01:16 . Memory (MB): peak = 545.652 ; gain = 336.402
INFO: [Device 21-403] Loading part xc7a100tcsg324-1
Constraint Validation Runtime : Time (s): cpu = 00:00:00 ; elapsed = 00:00:00.220 . Memory (MB): peak = 615.984 ; gain = 0.000
Finished Constraint Validation : Time (s): cpu = 00:01:17 ; elapsed = 00:01:28 . Memory (MB): peak = 615.984 ; gain = 406.734
Finished Loading Part and Timing Information : Time (s): cpu = 00:01:17 ; elapsed = 00:01:28 . Memory (MB): peak = 615.984 ; gain = 406.734
Finished applying 'set_property' XDC Constraints : Time (s): cpu = 00:01:17 ; elapsed = 00:01:28 . Memory (MB): peak = 615.984 ; gain = 406.734
Finished RTL Optimization Phase 2 : Time (s): cpu = 00:01:17 ; elapsed = 00:01:28 . Memory (MB): peak = 615.984 ; gain = 406.734
Finished Cross Boundary and Area Optimization : Time (s): cpu = 00:01:18 ; elapsed = 00:01:29 . Memory (MB): peak = 615.984 ; gain = 406.734
Finished Applying XDC Timing Constraints : Time (s): cpu = 00:01:29 ; elapsed = 00:01:41 . Memory (MB): peak = 635.941 ; gain = 426.691
Finished Timing Optimization : Time (s): cpu = 00:01:29 ; elapsed = 00:01:41 . Memory (MB): peak = 635.941 ; gain = 426.691
Finished Technology Mapping : Time (s): cpu = 00:01:29 ; elapsed = 00:01:41 . Memory (MB): peak = 645.547 ; gain = 436.297
Finished IO Insertion : Time (s): cpu = 00:01:30 ; elapsed = 00:01:42 . Memory (MB): peak = 645.547 ; gain = 436.297
Finished Renaming Generated Instances : Time (s): cpu = 00:01:30 ; elapsed = 00:01:42 . Memory (MB): peak = 645.547 ; gain = 436.297
Finished Rebuilding User Hierarchy : Time (s): cpu = 00:01:30 ; elapsed = 00:01:42 . Memory (MB): peak = 645.547 ; gain = 436.297
Finished Renaming Generated Ports : Time (s): cpu = 00:01:30 ; elapsed = 00:01:42 . Memory (MB): peak = 645.547 ; gain = 436.297
Finished Handling Custom Attributes : Time (s): cpu = 00:01:30 ; elapsed = 00:01:42 . Memory (MB): peak = 645.547 ; gain = 436.297
Finished Renaming Generated Nets : Time (s): cpu = 00:01:30 ; elapsed = 00:01:42 . Memory (MB): peak = 645.547 ; gain = 436.297

Report Cell Usage: 
+------+---------+------+
|      |Cell     |Count |
+------+---------+------+
|1     |RAMB18E1 |     1|
+------+---------+------+
Finished Writing Synthesis Report : Time (s): cpu = 00:01:30 ; elapsed = 00:01:42 . Memory (MB): peak = 645.547 ; gain = 436.297
synth_design: Time (s): cpu = 00:01:27 ; elapsed = 00:01:36 . Memory (MB): peak = 677.328 ; gain = 408.277
