Unable to capture context for thread 10184 in process 8044, can not generate back trace
Unable to capture context for thread 2796 in process 8044, can not generate back trace
Unable to capture context for thread 6740 in process 8044, can not generate back trace
Exception at PC 0x00007FF9F2F59E08
Unable to capture context for thread 10184 in process 8044, can not generate back trace
Unable to capture context for thread 2796 in process 8044, can not generate back trace
Unable to capture context for thread 6740 in process 8044, can not generate back trace
Exception at PC 0x00007FF9906FBB93
Printing stacktrace...

Exception at PC 0x00007FF9F2F59E08
Exception at PC 0x00007FF9F2F59E08
Exception at PC 0x00007FF9F2F59E08
Exception at PC 0x00007FF9F2F59E08
Exception at PC 0x00007FF9F2F59E08
Exception at PC 0x00007FF9F2F59E08
Exception at PC 0x00007FF9F2F59E08
Exception at PC 0x00007FF9F2F59E08
Exception at PC 0x00007FF9F2F59E08
Exception at PC 0x00007FF9F2F59E08
Exception at PC 0x00007FF9F2F59E08
Exception at PC 0x00007FF9F2F59E08
Exception at PC 0x00007FF9F2F59E08
Exception at PC 0x00007FF9F2F59E08
Exception at PC 0x00007FF9F2F59E08
Exception at PC 0x00007FF9F2F59E08
Exception at PC 0x00007FF9F2F59E08
Exception at PC 0x00007FF9F2F59E08
[0]  [0x00007FF9906FBB93]
[1]  [0x00007FF9906FBB93]
[2]  [0x00007FF9906FB4A1]
[3]  [0x00007FF9906FB3EF]
[4]  [0x00007FF9906E19FE]
[5]  [0x00007FF9906E0ED1]
[6]  [0x00007FF9906E0D76]
[7]  [0x00007FF9906879F6]
[8]  [0x00007FF990677AFB]
[9]  [0x00007FF99079E90A]
[10]  [0x00007FF9907B9F87]
[11]  [0x00007FF9907BA05F]
[12] (BaseThreadInitThunk+0x14) [0x00007FF9F6232774]
[13] (RtlUserThreadStart+0x21) [0x00007FF9F65B0D61]
Done
