
*** Running vivado
    with args -log blk_mem_gen_1.vds -m64 -product Vivado -mode batch -messageDb vivado.pb -notrace -source blk_mem_gen_1.tcl


****** Vivado v2016.3 (64-bit)
  **** SW Build 1682563 on Mon Oct 10 19:07:27 MDT 2016
  **** IP Build 1681267 on Mon Oct 10 21:28:31 MDT 2016
    ** Copyright 1986-2016 Xilinx, Inc. All Rights Reserved.

source blk_mem_gen_1.tcl -notrace
Starting RTL Elaboration : Time (s): cpu = 00:00:11 ; elapsed = 00:00:14 . Memory (MB): peak = 347.117 ; gain = 137.395
INFO: [Synth 8-638] synthesizing module 'blk_mem_gen_1' [c:/College/Thesis/VivadoProjects/SHA1_BRAM/SHA1_BRAM.srcs/sources_1/ip/blk_mem_gen_1/synth/blk_mem_gen_1.vhd:70]
INFO: [Synth 8-256] done synthesizing module 'blk_mem_gen_1' (9#1) [c:/College/Thesis/VivadoProjects/SHA1_BRAM/SHA1_BRAM.srcs/sources_1/ip/blk_mem_gen_1/synth/blk_mem_gen_1.vhd:70]
Finished RTL Elaboration : Time (s): cpu = 00:01:05 ; elapsed = 00:01:12 . Memory (MB): peak = 545.430 ; gain = 335.707
Finished RTL Optimization Phase 1 : Time (s): cpu = 00:01:06 ; elapsed = 00:01:12 . Memory (MB): peak = 545.430 ; gain = 335.707
INFO: [Device 21-403] Loading part xc7a100tcsg324-1
Constraint Validation Runtime : Time (s): cpu = 00:00:01 ; elapsed = 00:00:00.022 . Memory (MB): peak = 615.211 ; gain = 0.000
Finished Constraint Validation : Time (s): cpu = 00:01:16 ; elapsed = 00:01:23 . Memory (MB): peak = 615.211 ; gain = 405.488
Finished Loading Part and Timing Information : Time (s): cpu = 00:01:16 ; elapsed = 00:01:23 . Memory (MB): peak = 615.211 ; gain = 405.488
Finished applying 'set_property' XDC Constraints : Time (s): cpu = 00:01:16 ; elapsed = 00:01:23 . Memory (MB): peak = 615.211 ; gain = 405.488
Finished RTL Optimization Phase 2 : Time (s): cpu = 00:01:17 ; elapsed = 00:01:24 . Memory (MB): peak = 615.211 ; gain = 405.488
Finished Cross Boundary and Area Optimization : Time (s): cpu = 00:01:17 ; elapsed = 00:01:24 . Memory (MB): peak = 615.211 ; gain = 405.488
Finished Applying XDC Timing Constraints : Time (s): cpu = 00:01:28 ; elapsed = 00:01:36 . Memory (MB): peak = 636.227 ; gain = 426.504
Finished Timing Optimization : Time (s): cpu = 00:01:28 ; elapsed = 00:01:36 . Memory (MB): peak = 636.227 ; gain = 426.504
Finished Technology Mapping : Time (s): cpu = 00:01:28 ; elapsed = 00:01:36 . Memory (MB): peak = 645.824 ; gain = 436.102
Finished IO Insertion : Time (s): cpu = 00:01:29 ; elapsed = 00:01:37 . Memory (MB): peak = 645.824 ; gain = 436.102
Finished Renaming Generated Instances : Time (s): cpu = 00:01:29 ; elapsed = 00:01:37 . Memory (MB): peak = 645.824 ; gain = 436.102
Finished Rebuilding User Hierarchy : Time (s): cpu = 00:01:29 ; elapsed = 00:01:37 . Memory (MB): peak = 645.824 ; gain = 436.102
Finished Renaming Generated Ports : Time (s): cpu = 00:01:29 ; elapsed = 00:01:37 . Memory (MB): peak = 645.824 ; gain = 436.102
Finished Handling Custom Attributes : Time (s): cpu = 00:01:29 ; elapsed = 00:01:37 . Memory (MB): peak = 645.824 ; gain = 436.102
Finished Renaming Generated Nets : Time (s): cpu = 00:01:29 ; elapsed = 00:01:37 . Memory (MB): peak = 645.824 ; gain = 436.102

Report Cell Usage: 
+------+---------+------+
|      |Cell     |Count |
+------+---------+------+
|1     |RAMB18E1 |     1|
+------+---------+------+
Finished Writing Synthesis Report : Time (s): cpu = 00:01:29 ; elapsed = 00:01:37 . Memory (MB): peak = 645.824 ; gain = 436.102
synth_design: Time (s): cpu = 00:01:26 ; elapsed = 00:01:32 . Memory (MB): peak = 676.781 ; gain = 407.188
