#
# A fatal error has been detected by the Java Runtime Environment:
#
#  EXCEPTION_ACCESS_VIOLATION (0xc0000005) at pc=0x00000000518a05b4, pid=1240, tid=3268
#
# JRE version: Java(TM) SE Runtime Environment (8.0_66-b18) (build 1.8.0_66-b18)
# Java VM: Java HotSpot(TM) 64-Bit Server VM (25.66-b18 mixed mode windows-amd64 compressed oops)
# Problematic frame:
# C  0x00000000518a05b4
#
# Failed to write core dump. Minidumps are not enabled by default on client versions of Windows
#
# If you would like to submit a bug report, please visit:
#   http://bugreport.java.com/bugreport/crash.jsp
# The crash happened outside the Java Virtual Machine in native code.
# See problematic frame for where to report the bug.
#

---------------  T H R E A D  ---------------

Current thread (0x000001c8b712e000):  JavaThread "AWT-EventQueue-1" [_thread_in_native, id=3268, stack(0x0000000ae7000000,0x0000000ae7500000)]

siginfo: ExceptionCode=0xc0000005, reading address 0x0000000000000008

Registers:
RAX=0x000000000000000d, RBX=0x000001c8b712e1f8, RCX=0x0000000000000000, RDX=0x000000001a010eba
RSP=0x0000000ae74fc408, RBP=0x000001c8b712e1f8, RSI=0x000001c8e9c7cdf0, RDI=0x000001c8cea62460
R8 =0x0000000000002c2e, R9 =0x000001c8b16d0000, R10=0x00000000001a0eba, R11=0x0000000000000246
R12=0x000000001a010eba, R13=0x0000000000000000, R14=0x00000000f8015e53, R15=0x000001c8b712e000
RIP=0x00000000518a05b4, EFLAGS=0x0000000000010206

Top of Stack: (sp=0x0000000ae74fc408)
0x0000000ae74fc408:   0000000051807619 000001c8b712e1f8
0x0000000ae74fc418:   000001c8e9c7cdf0 000001c80049414e
0x0000000ae74fc428:   000001c80049414e 0000000000000000
0x0000000ae74fc438:   000001c8e9c7cdf0 0000000ae74fcac8
0x0000000ae74fc448:   000000005183bf8d 000001c8b712e1f8
0x0000000ae74fc458:   0000000000000000 0000000ae74fc501
0x0000000ae74fc468:   0000000000000500 000001c8e99fa600
0x0000000ae74fc478:   0000000051803e72 0000000ae74fcac8
0x0000000ae74fc488:   0000000ae74fc580 000001c8b712e1f8
0x0000000ae74fc498:   0000000700000000 0000000000000000
0x0000000ae74fc4a8:   0000000000000011 0000000000000011
0x0000000ae74fc4b8:   000000070043ad68 0000000000000001
0x0000000ae74fc4c8:   000001c8b9802e90 0000000ae74fc5c0
0x0000000ae74fc4d8:   000001c8b938d3cc 0000000000000500
0x0000000ae74fc4e8:   000001c8b8b73dcc 0000000700e1fb90
0x0000000ae74fc4f8:   0000000ae74fcad0 000001c8b712e1f8 

Instructions: (pc=0x00000000518a05b4)
0x00000000518a0594:   41 5e 41 5d 41 5c 5f c3 48 8b 41 08 48 05 00 04
0x00000000518a05a4:   00 00 c3 cc 48 8b 41 08 48 8b 80 18 0c 00 00 c3
0x00000000518a05b4:   48 8b 49 08 48 85 c9 74 05 e9 16 a8 fe ff 33 c0
0x00000000518a05c4:   c3 cc cc cc 48 83 ec 28 48 8b 49 08 48 85 c9 74 


Register to memory mapping:

RAX=0x000000000000000d is an unknown value
RBX=0x000001c8b712e1f8 is an unknown value
RCX=0x0000000000000000 is an unknown value
RDX=0x000000001a010eba is an unknown value
RSP=0x0000000ae74fc408 is pointing into the stack for thread: 0x000001c8b712e000
RBP=0x000001c8b712e1f8 is an unknown value
RSI=0x000001c8e9c7cdf0 is an unknown value
RDI=0x000001c8cea62460 is an unknown value
R8 =0x0000000000002c2e is an unknown value
R9 =0x000001c8b16d0000 is an unknown value
R10=0x00000000001a0eba is an unknown value
R11=0x0000000000000246 is an unknown value
R12=0x000000001a010eba is an unknown value
R13=0x0000000000000000 is an unknown value
R14=0x00000000f8015e53 is an unknown value
R15=0x000001c8b712e000 is a thread


Stack: [0x0000000ae7000000,0x0000000ae7500000],  sp=0x0000000ae74fc408,  free space=5105k
Native frames: (J=compiled Java code, j=interpreted, Vv=VM code, C=native code)
C  0x00000000518a05b4

Java frames: (J=compiled Java code, j=interpreted, Vv=VM code)
J 7853  sun.java2d.windows.GDIBlitLoops.nativeBlit(Lsun/java2d/SurfaceData;Lsun/java2d/SurfaceData;Lsun/java2d/pipe/Region;IIIIIIIIIZ)V (0 bytes) @ 0x000001c8b863ea6c [0x000001c8b863e980+0xec]
J 12024 C2 sun.java2d.windows.GDIBlitLoops.Blit(Lsun/java2d/SurfaceData;Lsun/java2d/SurfaceData;Ljava/awt/Composite;Lsun/java2d/pipe/Region;IIIIII)V (37 bytes) @ 0x000001c8b901ef88 [0x000001c8b901eee0+0xa8]
J 12508 C2 sun.java2d.pipe.DrawImage.blitSurfaceData(Lsun/java2d/SunGraphics2D;Lsun/java2d/pipe/Region;Lsun/java2d/SurfaceData;Lsun/java2d/SurfaceData;Lsun/java2d/loops/SurfaceType;Lsun/java2d/loops/SurfaceType;IIIIIILjava/awt/Color;)V (145 bytes) @ 0x000001c8b9748e2c [0x000001c8b9748b80+0x2ac]
J 12533 C2 sun.java2d.pipe.DrawImage.renderImageCopy(Lsun/java2d/SunGraphics2D;Ljava/awt/Image;Ljava/awt/Color;IIIIII)Z (147 bytes) @ 0x000001c8b9768c40 [0x000001c8b9768a40+0x200]
J 11879 C2 sun.java2d.SunGraphics2D.drawImage(Ljava/awt/Image;IILjava/awt/Color;Ljava/awt/image/ImageObserver;)Z (145 bytes) @ 0x000001c8b96a7878 [0x000001c8b96a6760+0x1118]
J 7255 C2 sun.java2d.SunGraphics2D.drawImage(Ljava/awt/Image;IILjava/awt/image/ImageObserver;)Z (11 bytes) @ 0x000001c8b7e79798 [0x000001c8b7e79760+0x38]
J 7531 C1 javax.swing.RepaintManager$PaintManager.paintDoubleBuffered(Ljavax/swing/JComponent;Ljava/awt/Image;Ljava/awt/Graphics;IIII)V (294 bytes) @ 0x000001c8b89b9364 [0x000001c8b89b8a20+0x944]
J 7102 C1 javax.swing.RepaintManager$PaintManager.paint(Ljavax/swing/JComponent;Ljavax/swing/JComponent;Ljava/awt/Graphics;IIII)Z (189 bytes) @ 0x000001c8b87f6454 [0x000001c8b87f55a0+0xeb4]
J 7595 C1 javax.swing.RepaintManager.paint(Ljavax/swing/JComponent;Ljavax/swing/JComponent;Ljava/awt/Graphics;IIII)V (93 bytes) @ 0x000001c8b89f46bc [0x000001c8b89f41e0+0x4dc]
J 12687 C2 javax.swing.JComponent.paint(Ljava/awt/Graphics;)V (409 bytes) @ 0x000001c8b9803118 [0x000001c8b98025a0+0xb78]
j  java.awt.GraphicsCallback$PaintCallback.run(Ljava/awt/Component;Ljava/awt/Graphics;)V+2
j  sun.awt.SunGraphicsCallback.runOneComponent(Ljava/awt/Component;Ljava/awt/Rectangle;Ljava/awt/Graphics;Ljava/awt/Shape;I)V+155
j  sun.awt.SunGraphicsCallback.runComponents([Ljava/awt/Component;Ljava/awt/Graphics;I)V+194
j  java.awt.Container.paint(Ljava/awt/Graphics;)V+58
j  java.awt.Window.paint(Ljava/awt/Graphics;)V+68
J 12000 C2 javax.swing.RepaintManager$4.run()Ljava/lang/Object; (5 bytes) @ 0x000001c8b8d62f54 [0x000001c8b8d62b60+0x3f4]
v  ~StubRoutines::call_stub
J 1666  java.security.AccessController.doPrivileged(Ljava/security/PrivilegedAction;Ljava/security/AccessControlContext;)Ljava/lang/Object; (0 bytes) @ 0x000001c8b7819726 [0x000001c8b78196c0+0x66]
J 11982 C2 javax.swing.RepaintManager.paintDirtyRegions(Ljava/util/Map;)V (196 bytes) @ 0x000001c8b8d5e788 [0x000001c8b8d5df80+0x808]
J 12038 C2 javax.swing.RepaintManager$ProcessingRunnable.run()V (41 bytes) @ 0x000001c8b80803b4 [0x000001c8b8080020+0x394]
J 8360 C2 java.awt.EventQueue$3.run()Ljava/lang/Object; (5 bytes) @ 0x000001c8b8b91840 [0x000001c8b8b91520+0x320]
v  ~StubRoutines::call_stub
J 1666  java.security.AccessController.doPrivileged(Ljava/security/PrivilegedAction;Ljava/security/AccessControlContext;)Ljava/lang/Object; (0 bytes) @ 0x000001c8b7819726 [0x000001c8b78196c0+0x66]
J 8392 C2 ui.frmwork.a.d.dispatchEvent(Ljava/awt/AWTEvent;)V (30 bytes) @ 0x000001c8b8bafbe0 [0x000001c8b8baf980+0x260]
J 8553 C2 java.awt.EventDispatchThread.pumpOneEventForFilters(I)V (295 bytes) @ 0x000001c8b8cb5aa0 [0x000001c8b8cb5720+0x380]
J 12433% C1 java.awt.EventDispatchThread.pumpEventsForFilter(ILjava/awt/Conditional;Ljava/awt/EventFilter;)V (47 bytes) @ 0x000001c8b7a67d2c [0x000001c8b7a679e0+0x34c]
j  java.awt.EventDispatchThread.pumpEventsForHierarchy(ILjava/awt/Conditional;Ljava/awt/Component;)V+11
j  java.awt.EventDispatchThread.pumpEvents(ILjava/awt/Conditional;)V+4
j  java.awt.EventDispatchThread.pumpEvents(Ljava/awt/Conditional;)V+3
j  java.awt.EventDispatchThread.run()V+9
v  ~StubRoutines::call_stub

---------------  P R O C E S S  ---------------

Java Threads: ( => current thread )
  0x000001c9066c7800 JavaThread "Image Fetcher 1" daemon [_thread_blocked, id=596, stack(0x0000000a98800000,0x0000000a98d00000)]
  0x000001c905aff800 JavaThread "Image Fetcher 0" daemon [_thread_blocked, id=8292, stack(0x0000000a97e00000,0x0000000a98300000)]
  0x000001c8d3359000 JavaThread "Monitor File Timestamp Swing Worker" [_thread_blocked, id=7540, stack(0x0000000af3900000,0x0000000af3e00000)]
  0x000001c8d07bd800 JavaThread "hw_ila_monitor" [_thread_blocked, id=424, stack(0x0000000aeaa00000,0x0000000aeaf00000)]
  0x000001c8ce3d7800 JavaThread "Update Runs Swing Worker" [_thread_blocked, id=8480, stack(0x0000000aea500000,0x0000000aeaa00000)]
  0x000001c8d0441000 JavaThread "Refresh Filesets Swing Worker" [_thread_blocked, id=5104, stack(0x0000000aea000000,0x0000000aea500000)]
  0x000001c8d09b1800 JavaThread "Monitor File Timestamp Swing Worker" [_thread_blocked, id=2780, stack(0x0000000ae9300000,0x0000000ae9800000)]
=>0x000001c8b712e000 JavaThread "AWT-EventQueue-1" [_thread_in_native, id=3268, stack(0x0000000ae7000000,0x0000000ae7500000)]
  0x000001c8b712f800 JavaThread "Process Messages" [_thread_blocked, id=9376, stack(0x0000000ae6b00000,0x0000000ae7000000)]
  0x000001c8b6ee2800 JavaThread "Thread-3" [_thread_in_native, id=10872, stack(0x0000000ae1300000,0x0000000ae2700000)]
  0x000001c8d0427800 JavaThread "AWT-EventQueue-0" [_thread_blocked, id=6324, stack(0x0000000ae6600000,0x0000000ae6b00000)]
  0x000001c8ce905000 JavaThread "AWT-Windows" daemon [_thread_in_native, id=10980, stack(0x0000000ae5c00000,0x0000000ae6100000)]
  0x000001c8ce906000 JavaThread "AWT-Shutdown" [_thread_blocked, id=4288, stack(0x0000000ae5700000,0x0000000ae5c00000)]
  0x000001c8ce8f0800 JavaThread "Java2D Disposer" daemon [_thread_blocked, id=8340, stack(0x0000000ae5200000,0x0000000ae5700000)]
  0x000001c8ce7b1800 JavaThread "TimerQueue" daemon [_thread_blocked, id=572, stack(0x0000000ae4d00000,0x0000000ae5200000)]
  0x000001c8ce545800 JavaThread "Service Thread" daemon [_thread_blocked, id=4324, stack(0x0000000ae4700000,0x0000000ae4c00000)]
  0x000001c8ce3a7000 JavaThread "C1 CompilerThread2" daemon [_thread_blocked, id=376, stack(0x0000000ae4600000,0x0000000ae4700000)]
  0x000001c8ce3a8800 JavaThread "C2 CompilerThread1" daemon [_thread_blocked, id=3480, stack(0x0000000ae4500000,0x0000000ae4600000)]
  0x000001c8ce3aa800 JavaThread "C2 CompilerThread0" daemon [_thread_blocked, id=7068, stack(0x0000000ae4400000,0x0000000ae4500000)]
  0x000001c8ce3ac000 JavaThread "Attach Listener" daemon [_thread_blocked, id=1324, stack(0x0000000ae3f00000,0x0000000ae4400000)]
  0x000001c8ce3ad800 JavaThread "Signal Dispatcher" daemon [_thread_blocked, id=10772, stack(0x0000000ae3a00000,0x0000000ae3f00000)]
  0x000001c8ce33c000 JavaThread "Finalizer" daemon [_thread_blocked, id=6888, stack(0x0000000ae3500000,0x0000000ae3a00000)]
  0x000001c8ce33d000 JavaThread "Reference Handler" daemon [_thread_blocked, id=5928, stack(0x0000000ae3000000,0x0000000ae3500000)]
  0x000001c8b7155800 JavaThread "main" [_thread_blocked, id=7632, stack(0x0000000ae2a00000,0x0000000ae2b00000)]

Other Threads:
  0x000001c8c66e0800 VMThread [stack: 0x0000000ae2f00000,0x0000000ae3000000] [id=7744]
  0x000001c8ce5c4000 WatcherThread [stack: 0x0000000ae4c00000,0x0000000ae4d00000] [id=9672]

VM state:not at safepoint (normal execution)

VM Mutex/Monitor currently owned by a thread: None

Heap:
 PSYoungGen      total 41472K, used 18694K [0x00000007bc400000, 0x00000007c0000000, 0x00000007c0000000)
  eden space 22528K, 77% used [0x00000007bc400000,0x00000007bd511870,0x00000007bda00000)
  from space 18944K, 6% used [0x00000007bda00000,0x00000007bdb30368,0x00000007bec80000)
  to   space 17920K, 0% used [0x00000007bee80000,0x00000007bee80000,0x00000007c0000000)
 ParOldGen       total 165888K, used 65718K [0x0000000700000000, 0x000000070a200000, 0x00000007bc400000)
  object space 165888K, 39% used [0x0000000700000000,0x000000070402d9e0,0x000000070a200000)
 Metaspace       used 67395K, capacity 68093K, committed 68736K, reserved 1107968K
  class space    used 9622K, capacity 9765K, committed 9856K, reserved 1048576K

Card table byte_map: [0x000001c8c6700000,0x000001c8c6d10000] byte_map_base: 0x000001c8c2f00000

Marking Bits: (ParMarkBitMap*) 0x00000000522ba5b0
 Begin Bits: [0x000001c8c7300000, 0x000001c8ca300000)
 End Bits:   [0x000001c8ca300000, 0x000001c8cd300000)

Polling page: 0x000001c8b2de0000

CodeCache: size=245760Kb used=40339Kb max_used=40342Kb free=205420Kb
 bounds [0x000001c8b7240000, 0x000001c8b99e0000, 0x000001c8c6240000]
 total_blobs=11587 nmethods=10702 adapters=791
 compilation: enabled

Compilation events (10 events):
Event: 981.825 Thread 0x000001c8ce3aa800 nmethod 13198 0x000001c8b99d5c50 code [0x000001c8b99d5da0, 0x000001c8b99d5ec8]
Event: 981.825 Thread 0x000001c8ce3aa800 13201       4       ui.data.j.e.i::a (83 bytes)
Event: 981.827 Thread 0x000001c8ce3aa800 nmethod 13201 0x000001c8b99d1650 code [0x000001c8b99d17c0, 0x000001c8b99d1938]
Event: 981.841 Thread 0x000001c8ce3a8800 nmethod 13192 0x000001c8b99d8490 code [0x000001c8b99d8760, 0x000001c8b99da360]
Event: 981.843 Thread 0x000001c8ce3a7000 13212       3       sun.swing.SwingUtilities2::getFontRenderContext (38 bytes)
Event: 981.843 Thread 0x000001c8ce3a7000 nmethod 13212 0x000001c8b99d2450 code [0x000001c8b99d25c0, 0x000001c8b99d2860]
Event: 981.844 Thread 0x000001c8ce3a7000 13213       3       sun.swing.SwingUtilities2$LSBCacheEntry::reset (37 bytes)
Event: 981.844 Thread 0x000001c8ce3a7000 nmethod 13213 0x000001c8b99d1f90 code [0x000001c8b99d2100, 0x000001c8b99d2358]
Event: 981.844 Thread 0x000001c8ce3a7000 13214       3       sun.swing.SwingUtilities2$LSBCacheEntry::getLeftSideBearing (123 bytes)
Event: 981.845 Thread 0x000001c8ce3a7000 nmethod 13214 0x000001c8b99d05d0 code [0x000001c8b99d07c0, 0x000001c8b99d10e0]

GC Heap History (10 events):
Event: 973.861 GC heap before
{Heap before GC invocations=69 (full 8):
 PSYoungGen      total 38400K, used 20480K [0x00000007bc400000, 0x00000007c0000000, 0x00000007c0000000)
  eden space 20480K, 100% used [0x00000007bc400000,0x00000007bd800000,0x00000007bd800000)
  from space 17920K, 0% used [0x00000007bee80000,0x00000007bee80000,0x00000007c0000000)
  to   space 20480K, 0% used [0x00000007bd800000,0x00000007bd800000,0x00000007bec00000)
 ParOldGen       total 165888K, used 65710K [0x0000000700000000, 0x000000070a200000, 0x00000007bc400000)
  object space 165888K, 39% used [0x0000000700000000,0x000000070402b9e0,0x000000070a200000)
 Metaspace       used 67245K, capacity 67945K, committed 68480K, reserved 1107968K
  class space    used 9612K, capacity 9759K, committed 9856K, reserved 1048576K
Event: 973.866 GC heap after
Heap after GC invocations=69 (full 8):
 PSYoungGen      total 40960K, used 512K [0x00000007bc400000, 0x00000007c0000000, 0x00000007c0000000)
  eden space 20480K, 0% used [0x00000007bc400000,0x00000007bc400000,0x00000007bd800000)
  from space 20480K, 2% used [0x00000007bd800000,0x00000007bd880368,0x00000007bec00000)
  to   space 20480K, 0% used [0x00000007bec00000,0x00000007bec00000,0x00000007c0000000)
 ParOldGen       total 165888K, used 65710K [0x0000000700000000, 0x000000070a200000, 0x00000007bc400000)
  object space 165888K, 39% used [0x0000000700000000,0x000000070402b9e0,0x000000070a200000)
 Metaspace       used 67245K, capacity 67945K, committed 68480K, reserved 1107968K
  class space    used 9612K, capacity 9759K, committed 9856K, reserved 1048576K
}
Event: 974.119 GC heap before
{Heap before GC invocations=70 (full 8):
 PSYoungGen      total 40960K, used 20992K [0x00000007bc400000, 0x00000007c0000000, 0x00000007c0000000)
  eden space 20480K, 100% used [0x00000007bc400000,0x00000007bd800000,0x00000007bd800000)
  from space 20480K, 2% used [0x00000007bd800000,0x00000007bd880368,0x00000007bec00000)
  to   space 20480K, 0% used [0x00000007bec00000,0x00000007bec00000,0x00000007c0000000)
 ParOldGen       total 165888K, used 65710K [0x0000000700000000, 0x000000070a200000, 0x00000007bc400000)
  object space 165888K, 39% used [0x0000000700000000,0x000000070402b9e0,0x000000070a200000)
 Metaspace       used 67275K, capacity 67945K, committed 68480K, reserved 1107968K
  class space    used 9615K, capacity 9759K, committed 9856K, reserved 1048576K
Event: 974.123 GC heap after
Heap after GC invocations=70 (full 8):
 PSYoungGen      total 40960K, used 752K [0x00000007bc400000, 0x00000007c0000000, 0x00000007c0000000)
  eden space 20480K, 0% used [0x00000007bc400000,0x00000007bc400000,0x00000007bd800000)
  from space 20480K, 3% used [0x00000007bec00000,0x00000007becbc3e0,0x00000007c0000000)
  to   space 20480K, 0% used [0x00000007bd800000,0x00000007bd800000,0x00000007bec00000)
 ParOldGen       total 165888K, used 65710K [0x0000000700000000, 0x000000070a200000, 0x00000007bc400000)
  object space 165888K, 39% used [0x0000000700000000,0x000000070402b9e0,0x000000070a200000)
 Metaspace       used 67275K, capacity 67945K, committed 68480K, reserved 1107968K
  class space    used 9615K, capacity 9759K, committed 9856K, reserved 1048576K
}
Event: 974.363 GC heap before
{Heap before GC invocations=71 (full 8):
 PSYoungGen      total 40960K, used 21232K [0x00000007bc400000, 0x00000007c0000000, 0x00000007c0000000)
  eden space 20480K, 100% used [0x00000007bc400000,0x00000007bd800000,0x00000007bd800000)
  from space 20480K, 3% used [0x00000007bec00000,0x00000007becbc3e0,0x00000007c0000000)
  to   space 20480K, 0% used [0x00000007bd800000,0x00000007bd800000,0x00000007bec00000)
 ParOldGen       total 165888K, used 65710K [0x0000000700000000, 0x000000070a200000, 0x00000007bc400000)
  object space 165888K, 39% used [0x0000000700000000,0x000000070402b9e0,0x000000070a200000)
 Metaspace       used 67306K, capacity 68009K, committed 68736K, reserved 1107968K
  class space    used 9616K, capacity 9759K, committed 9856K, reserved 1048576K
Event: 974.367 GC heap after
Heap after GC invocations=71 (full 8):
 PSYoungGen      total 40960K, used 880K [0x00000007bc400000, 0x00000007c0000000, 0x00000007c0000000)
  eden space 20480K, 0% used [0x00000007bc400000,0x00000007bc400000,0x00000007bd800000)
  from space 20480K, 4% used [0x00000007bd800000,0x00000007bd8dc3e0,0x00000007bec00000)
  to   space 19968K, 0% used [0x00000007bec80000,0x00000007bec80000,0x00000007c0000000)
 ParOldGen       total 165888K, used 65718K [0x0000000700000000, 0x000000070a200000, 0x00000007bc400000)
  object space 165888K, 39% used [0x0000000700000000,0x000000070402d9e0,0x000000070a200000)
 Metaspace       used 67306K, capacity 68009K, committed 68736K, reserved 1107968K
  class space    used 9616K, capacity 9759K, committed 9856K, reserved 1048576K
}
Event: 974.584 GC heap before
{Heap before GC invocations=72 (full 8):
 PSYoungGen      total 40960K, used 21360K [0x00000007bc400000, 0x00000007c0000000, 0x00000007c0000000)
  eden space 20480K, 100% used [0x00000007bc400000,0x00000007bd800000,0x00000007bd800000)
  from space 20480K, 4% used [0x00000007bd800000,0x00000007bd8dc3e0,0x00000007bec00000)
  to   space 19968K, 0% used [0x00000007bec80000,0x00000007bec80000,0x00000007c0000000)
 ParOldGen       total 165888K, used 65718K [0x0000000700000000, 0x000000070a200000, 0x00000007bc400000)
  object space 165888K, 39% used [0x0000000700000000,0x000000070402d9e0,0x000000070a200000)
 Metaspace       used 67335K, capacity 68009K, committed 68736K, reserved 1107968K
  class space    used 9616K, capacity 9759K, committed 9856K, reserved 1048576K
Event: 974.588 GC heap after
Heap after GC invocations=72 (full 8):
 PSYoungGen      total 42496K, used 1152K [0x00000007bc400000, 0x00000007c0000000, 0x00000007c0000000)
  eden space 22528K, 0% used [0x00000007bc400000,0x00000007bc400000,0x00000007bda00000)
  from space 19968K, 5% used [0x00000007bec80000,0x00000007beda0368,0x00000007c0000000)
  to   space 18944K, 0% used [0x00000007bda00000,0x00000007bda00000,0x00000007bec80000)
 ParOldGen       total 165888K, used 65718K [0x0000000700000000, 0x000000070a200000, 0x00000007bc400000)
  object space 165888K, 39% used [0x0000000700000000,0x000000070402d9e0,0x000000070a200000)
 Metaspace       used 67335K, capacity 68009K, committed 68736K, reserved 1107968K
  class space    used 9616K, capacity 9759K, committed 9856K, reserved 1048576K
}
Event: 974.753 GC heap before
{Heap before GC invocations=73 (full 8):
 PSYoungGen      total 42496K, used 23680K [0x00000007bc400000, 0x00000007c0000000, 0x00000007c0000000)
  eden space 22528K, 100% used [0x00000007bc400000,0x00000007bda00000,0x00000007bda00000)
  from space 19968K, 5% used [0x00000007bec80000,0x00000007beda0368,0x00000007c0000000)
  to   space 18944K, 0% used [0x00000007bda00000,0x00000007bda00000,0x00000007bec80000)
 ParOldGen       total 165888K, used 65718K [0x0000000700000000, 0x000000070a200000, 0x00000007bc400000)
  object space 165888K, 39% used [0x0000000700000000,0x000000070402d9e0,0x000000070a200000)
 Metaspace       used 67366K, capacity 68073K, committed 68736K, reserved 1107968K
  class space    used 9617K, capacity 9759K, committed 9856K, reserved 1048576K
Event: 974.760 GC heap after
Heap after GC invocations=73 (full 8):
 PSYoungGen      total 41472K, used 1216K [0x00000007bc400000, 0x00000007c0000000, 0x00000007c0000000)
  eden space 22528K, 0% used [0x00000007bc400000,0x00000007bc400000,0x00000007bda00000)
  from space 18944K, 6% used [0x00000007bda00000,0x00000007bdb30368,0x00000007bec80000)
  to   space 17920K, 0% used [0x00000007bee80000,0x00000007bee80000,0x00000007c0000000)
 ParOldGen       total 165888K, used 65718K [0x0000000700000000, 0x000000070a200000, 0x00000007bc400000)
  object space 165888K, 39% used [0x0000000700000000,0x000000070402d9e0,0x000000070a200000)
 Metaspace       used 67366K, capacity 68073K, committed 68736K, reserved 1107968K
  class space    used 9617K, capacity 9759K, committed 9856K, reserved 1048576K
}

Deoptimization events (10 events):
Event: 974.761 Thread 0x000001c8b712e000 Uncommon trap: reason=array_check action=maybe_recompile pc=0x000001c8b7e71598 method=javax.swing.event.EventListenerList.getListeners(Ljava/lang/Class;)[Ljava/util/EventListener; @ 63
Event: 974.761 Thread 0x000001c8b712e000 Uncommon trap: reason=array_check action=maybe_recompile pc=0x000001c8b7e71598 method=javax.swing.event.EventListenerList.getListeners(Ljava/lang/Class;)[Ljava/util/EventListener; @ 63
Event: 974.761 Thread 0x000001c8b712e000 Uncommon trap: reason=array_check action=maybe_recompile pc=0x000001c8b7e71598 method=javax.swing.event.EventListenerList.getListeners(Ljava/lang/Class;)[Ljava/util/EventListener; @ 63
Event: 981.711 Thread 0x000001c8b712e000 Uncommon trap: reason=unstable_if action=reinterpret pc=0x000001c8b8332508 method=sun.awt.windows.ThemeReader.getTheme(Ljava/lang/String;)Ljava/lang/Long; @ 3
Event: 981.716 Thread 0x000001c8b712e000 Uncommon trap: reason=unstable_if action=reinterpret pc=0x000001c8b87dfbd0 method=sun.java2d.pipe.Region.getIntersection(Lsun/java2d/pipe/Region;)Lsun/java2d/pipe/Region; @ 15
Event: 981.728 Thread 0x000001c8b712e000 Uncommon trap: reason=unstable_if action=reinterpret pc=0x000001c8b93cfc0c method=sun.java2d.SunGraphics2D.transformShape(Ljava/awt/Shape;)Ljava/awt/Shape; @ 11
Event: 981.728 Thread 0x000001c8b712e000 Uncommon trap: reason=class_check action=maybe_recompile pc=0x000001c8b93e1a10 method=sun.java2d.SunGraphics2D.validateCompClip()V @ 47
Event: 981.783 Thread 0x000001c8b712e000 Uncommon trap: reason=unstable_if action=reinterpret pc=0x000001c8b9621858 method=java.awt.Font.equals(Ljava/lang/Object;)Z @ 97
Event: 981.784 Thread 0x000001c8b712e000 Uncommon trap: reason=range_check action=make_not_entrant pc=0x000001c8b7e72f94 method=java.awt.geom.AffineTransform.<init>([D)V @ 7
Event: 981.784 Thread 0x000001c8b712e000 Uncommon trap: reason=unstable_if action=reinterpret pc=0x000001c8b7a8c768 method=java.awt.Font.equals(Ljava/lang/Object;)Z @ 90

Internal exceptions (10 events):
Event: 52.106 Thread 0x000001c8b712e000 Exception <a 'java/lang/ClassNotFoundException': ui/views/waveform/f/nCustomizer> (0x00000007bd575320) thrown at [C:\re\workspace\8-2-build-windows-amd64-cygwin\jdk8u66\5298\hotspot\src\share\vm\classfile\systemDictionary.cpp, line 210]
Event: 52.111 Thread 0x000001c8b712e000 Implicit null exception at 0x000001c8b8a05e05 to 0x000001c8b8a06759
Event: 52.307 Thread 0x000001c8b712e000 Implicit null exception at 0x000001c8b8333a00 to 0x000001c8b8333f00
Event: 95.675 Thread 0x000001c8d8164800 Exception <a 'ui/frmwork/CommandFailedException'> (0x00000007bdb6f300) thrown at [C:\re\workspace\8-2-build-windows-amd64-cygwin\jdk8u66\5298\hotspot\src\share\vm\prims\jni.cpp, line 709]
Event: 107.296 Thread 0x000001c8b712e000 Implicit null exception at 0x000001c8b7553f4f to 0x000001c8b7554195
Event: 949.278 Thread 0x000001c8b712e000 Implicit null exception at 0x000001c8b94eeb47 to 0x000001c8b94f2161
Event: 949.552 Thread 0x000001c8d8245000 Exception <a 'ui/frmwork/CommandFailedException'> (0x00000007bcb570e0) thrown at [C:\re\workspace\8-2-build-windows-amd64-cygwin\jdk8u66\5298\hotspot\src\share\vm\prims\jni.cpp, line 709]
Event: 972.447 Thread 0x000001c8b712e000 Implicit null exception at 0x000001c8b88bb097 to 0x000001c8b88bbd05
Event: 974.748 Thread 0x000001c8b712e000 Implicit null exception at 0x000001c8b80de611 to 0x000001c8b80de801
Event: 974.748 Thread 0x000001c8b712e000 Implicit null exception at 0x000001c8b9934070 to 0x000001c8b99344fd

Events (10 events):
Event: 981.762 Thread 0x000001c8b712e000 DEOPT UNPACKING pc=0x000001c8b7287887 sp=0x0000000ae74f85e0 mode 0
Event: 981.783 Thread 0x000001c8b712e000 Uncommon trap: trap_request=0xffffff65 fr.pc=0x000001c8b9621858
Event: 981.783 Thread 0x000001c8b712e000 DEOPT PACKING pc=0x000001c8b9621858 sp=0x0000000ae74f8db0
Event: 981.783 Thread 0x000001c8b712e000 DEOPT UNPACKING pc=0x000001c8b7285832 sp=0x0000000ae74f8c10 mode 2
Event: 981.783 Thread 0x000001c8b712e000 Uncommon trap: trap_request=0xffffffe4 fr.pc=0x000001c8b7e72f94
Event: 981.784 Thread 0x000001c8b712e000 DEOPT PACKING pc=0x000001c8b7e72f94 sp=0x0000000ae74f8cb0
Event: 981.784 Thread 0x000001c8b712e000 DEOPT UNPACKING pc=0x000001c8b7285832 sp=0x0000000ae74f8c00 mode 2
Event: 981.784 Thread 0x000001c8b712e000 Uncommon trap: trap_request=0xffffff65 fr.pc=0x000001c8b7a8c768
Event: 981.784 Thread 0x000001c8b712e000 DEOPT PACKING pc=0x000001c8b7a8c768 sp=0x0000000ae74f8610
Event: 981.784 Thread 0x000001c8b712e000 DEOPT UNPACKING pc=0x000001c8b7285832 sp=0x0000000ae74f85c0 mode 2


Dynamic libraries:
0x00007ff7ada20000 - 0x00007ff7ada50000 	C:\Xilinx\Vivado\2016.3\bin\unwrapped\win64.o\vivado.exe
0x00007ffaacce0000 - 0x00007ffaacebb000 	C:\WINDOWS\SYSTEM32\ntdll.dll
0x00007ffaacb80000 - 0x00007ffaacc2e000 	C:\WINDOWS\System32\KERNEL32.DLL
0x00007ffaa9800000 - 0x00007ffaa9a49000 	C:\WINDOWS\System32\KERNELBASE.dll
0x00007ffa97130000 - 0x00007ffa97143000 	C:\Xilinx\Vivado\2016.3\lib\win64.o\libboost_signals.dll
0x00007ffa97150000 - 0x00007ffa97161000 	C:\Xilinx\Vivado\2016.3\lib\win64.o\librdi_commonmain.dll
0x000000000a900000 - 0x000000000a98d000 	C:\Xilinx\Vivado\2016.3\lib\win64.o\SHSMP64.dll
0x00007ffaaa340000 - 0x00007ffaaa48a000 	C:\WINDOWS\System32\USER32.dll
0x00007ffa6fae0000 - 0x00007ffa6fb87000 	C:\WINDOWS\SYSTEM32\MSVCP110.dll
0x00007ffaaa220000 - 0x00007ffaaa23e000 	C:\WINDOWS\System32\win32u.dll
0x00007ffa6fbe0000 - 0x00007ffa6fcb4000 	C:\WINDOWS\SYSTEM32\MSVCR110.dll
0x00007ffaaa310000 - 0x00007ffaaa337000 	C:\WINDOWS\System32\GDI32.dll
0x00007ffaa9300000 - 0x00007ffaa9489000 	C:\WINDOWS\System32\gdi32full.dll
0x00007ffaa9760000 - 0x00007ffaa97fa000 	C:\WINDOWS\System32\msvcp_win.dll
0x00007ffa97100000 - 0x00007ffa97124000 	C:\Xilinx\Vivado\2016.3\lib\win64.o\libboost_filesystem.dll
0x00007ffaa9200000 - 0x00007ffaa92f6000 	C:\WINDOWS\System32\ucrtbase.dll
0x00007ffaaaae0000 - 0x00007ffaaab81000 	C:\WINDOWS\System32\ADVAPI32.dll
0x00007ffaac760000 - 0x00007ffaac7fd000 	C:\WINDOWS\System32\msvcrt.dll
0x00007ffaac120000 - 0x00007ffaac179000 	C:\WINDOWS\System32\sechost.dll
0x00007ffaabff0000 - 0x00007ffaac115000 	C:\WINDOWS\System32\RPCRT4.dll
0x00007ffa63980000 - 0x00007ffa64429000 	C:\Xilinx\Vivado\2016.3\lib\win64.o\librdi_common.dll
0x00007ffa97210000 - 0x00007ffa97219000 	C:\Xilinx\Vivado\2016.3\lib\win64.o\librdi_commonversion.dll
0x00007ffaaa8d0000 - 0x00007ffaaa8d8000 	C:\WINDOWS\System32\PSAPI.DLL
0x00007ffaaabb0000 - 0x00007ffaabfe7000 	C:\WINDOWS\System32\SHELL32.dll
0x00007ffa7f220000 - 0x00007ffa7f273000 	C:\Xilinx\Vivado\2016.3\lib\win64.o\librdi_commonxillic.dll
0x0000000052340000 - 0x0000000052467000 	C:\Xilinx\Vivado\2016.3\lib\win64.o\tcl85t.dll
0x00007ffaa9490000 - 0x00007ffaa94d9000 	C:\WINDOWS\System32\cfgmgr32.dll
0x00007ffaac800000 - 0x00007ffaac86c000 	C:\WINDOWS\System32\WS2_32.dll
0x00007ffaac870000 - 0x00007ffaac91a000 	C:\WINDOWS\System32\shcore.dll
0x00007ffaac180000 - 0x00007ffaac479000 	C:\WINDOWS\System32\combase.dll
0x00007ffa96140000 - 0x00007ffa96149000 	C:\Xilinx\Vivado\2016.3\lib\win64.o\libboost_system.dll
0x00007ffaaa150000 - 0x00007ffaaa1ba000 	C:\WINDOWS\System32\bcryptPrimitives.dll
0x00007ffaa9a50000 - 0x00007ffaaa142000 	C:\WINDOWS\System32\windows.storage.dll
0x00007ffaa37e0000 - 0x00007ffaa37ea000 	C:\WINDOWS\SYSTEM32\VERSION.dll
0x00007ffaaaa80000 - 0x00007ffaaaad1000 	C:\WINDOWS\System32\shlwapi.dll
0x00007ffaa91e0000 - 0x00007ffaa91f1000 	C:\WINDOWS\System32\kernel.appcore.dll
0x00007ffaa9150000 - 0x00007ffaa919c000 	C:\WINDOWS\System32\powrprof.dll
0x00007ffaa91c0000 - 0x00007ffaa91d5000 	C:\WINDOWS\System32\profapi.dll
0x00007ffa95d50000 - 0x00007ffa95d60000 	C:\Xilinx\Vivado\2016.3\lib\win64.o\libboost_date_time.dll
0x00007ffa74d30000 - 0x00007ffa7509e000 	C:\Xilinx\Vivado\2016.3\lib\win64.o\libCOIN-all.dll
0x00007ffa7a360000 - 0x00007ffa7a57f000 	C:\Xilinx\Vivado\2016.3\lib\win64.o\libXil_lmgr11.dll
0x00007ffaac920000 - 0x00007ffaaca28000 	C:\WINDOWS\System32\COMDLG32.dll
0x00007ffa7ea40000 - 0x00007ffa7eab7000 	C:\Xilinx\Vivado\2016.3\lib\win64.o\libboost_program_options.dll
0x00007ffa7a250000 - 0x00007ffa7a356000 	C:\Xilinx\Vivado\2016.3\lib\win64.o\libboost_regex.dll
0x00007ffaaa240000 - 0x00007ffaaa300000 	C:\WINDOWS\System32\OLEAUT32.dll
0x00007ffaaca30000 - 0x00007ffaacb75000 	C:\WINDOWS\System32\ole32.dll
0x00007ffaaa1c0000 - 0x00007ffaaa216000 	C:\WINDOWS\System32\WINTRUST.dll
0x00007ffa87260000 - 0x00007ffa8727d000 	C:\Xilinx\Vivado\2016.3\lib\win64.o\libboost_thread.dll
0x00007ffa93610000 - 0x00007ffa9361b000 	C:\Xilinx\Vivado\2016.3\lib\win64.o\libboost_xilinx.dll
0x00007ffaa91a0000 - 0x00007ffaa91b1000 	C:\WINDOWS\System32\MSASN1.dll
0x00007ffa7e8a0000 - 0x00007ffa7e920000 	C:\Xilinx\Vivado\2016.3\lib\win64.o\libhdlpsolve.dll
0x00007ffaa94e0000 - 0x00007ffaa96a9000 	C:\WINDOWS\System32\CRYPT32.dll
0x00007ffa7adf0000 - 0x00007ffa7ae8a000 	C:\Xilinx\Vivado\2016.3\lib\win64.o\libhdxml.dll
0x00007ffa72560000 - 0x00007ffa72929000 	C:\Xilinx\Vivado\2016.3\lib\win64.o\libisl_iostreams.dll
0x00007ffa83e80000 - 0x00007ffa83eaa000 	C:\Xilinx\Vivado\2016.3\lib\win64.o\libisl_sysinfo.dll
0x0000000051ab0000 - 0x0000000052339000 	C:\Xilinx\Vivado\2016.3\tps\win64\jre\bin\server\jvm.dll
0x00007ffa83ab0000 - 0x00007ffa83ac5000 	C:\Xilinx\Vivado\2016.3\lib\win64.o\pthreadVC2.dll
0x00007ffa76050000 - 0x00007ffa76180000 	C:\Xilinx\Vivado\2016.3\lib\win64.o\librdi_curl.dll
0x00007ffa7f200000 - 0x00007ffa7f218000 	C:\Xilinx\Vivado\2016.3\lib\win64.o\librdiconfig.dll
0x00007ffa7f1d0000 - 0x00007ffa7f1f3000 	C:\Xilinx\Vivado\2016.3\lib\win64.o\librdizlib.dll
0x00007ffa9b230000 - 0x00007ffa9b55e000 	C:\WINDOWS\SYSTEM32\WININET.dll
0x00007ffa95350000 - 0x00007ffa95427000 	C:\WINDOWS\SYSTEM32\WINHTTP.dll
0x00007ffa9f500000 - 0x00007ffa9f6c8000 	C:\WINDOWS\SYSTEM32\urlmon.dll
0x0000000012000000 - 0x0000000012263000 	C:\Xilinx\Vivado\2016.3\lib\win64.o\xerces-c_3_1.dll
0x00007ffaa1290000 - 0x00007ffaa1299000 	C:\WINDOWS\SYSTEM32\WSOCK32.dll
0x00007ffa7ea10000 - 0x00007ffa7ea33000 	C:\WINDOWS\SYSTEM32\VCOMP110.DLL
0x00007ffa91040000 - 0x00007ffa91057000 	C:\WINDOWS\SYSTEM32\NETAPI32.dll
0x00007ffa9f110000 - 0x00007ffa9f1b6000 	C:\WINDOWS\WinSxS\amd64_microsoft.windows.common-controls_6595b64144ccf1df_5.82.15063.0_none_43a14f3b47f396e6\COMCTL32.dll
0x00007ffa91970000 - 0x00007ffa9197b000 	C:\Xilinx\Vivado\2016.3\lib\win64.o\libboost_chrono.dll
0x00007ffaa0500000 - 0x00007ffaa0523000 	C:\WINDOWS\SYSTEM32\WINMM.dll
0x00007ffa7e9f0000 - 0x00007ffa7ea06000 	C:\Xilinx\Vivado\2016.3\lib\win64.o\libboost_iostreams.dll
0x00007ffa7d820000 - 0x00007ffa7d843000 	C:\Xilinx\Vivado\2016.3\lib\win64.o\libisl_iosutils.dll
0x00000000519d0000 - 0x0000000051aa2000 	C:\WINDOWS\SYSTEM32\MSVCR100.dll
0x00007ffa9f270000 - 0x00007ffa9f4f6000 	C:\WINDOWS\SYSTEM32\iertutil.dll
0x00007ffaa0380000 - 0x00007ffaa03ab000 	C:\WINDOWS\SYSTEM32\winmmbase.dll
0x00007ffaa8c20000 - 0x00007ffaa8c2b000 	C:\WINDOWS\SYSTEM32\CRYPTBASE.DLL
0x00007ffaacc30000 - 0x00007ffaacc5d000 	C:\WINDOWS\System32\IMM32.DLL
0x00007ffa63530000 - 0x00007ffa6397f000 	C:\Xilinx\Vivado\2016.3\lib\win64.o\librdi_commontasks.dll
0x00007ffa745a0000 - 0x00007ffa747a6000 	C:\Xilinx\Vivado\2016.3\lib\win64.o\librdi_sio.dll
0x00007ffaa8800000 - 0x00007ffaa8837000 	C:\WINDOWS\SYSTEM32\IPHLPAPI.DLL
0x00007ffa4f8d0000 - 0x00007ffa51634000 	C:\Xilinx\Vivado\2016.3\lib\win64.o\librdi_tcltasks.dll
0x00007ffa70a00000 - 0x00007ffa70b5e000 	C:\Xilinx\Vivado\2016.3\lib\win64.o\librdi_board.dll
0x00007ffa6b210000 - 0x00007ffa6b528000 	C:\Xilinx\Vivado\2016.3\lib\win64.o\librdi_bitstream.dll
0x00007ffa7af00000 - 0x00007ffa7af66000 	C:\Xilinx\Vivado\2016.3\lib\win64.o\librdi_boarddep.dll
0x00007ffa6fd60000 - 0x00007ffa6ff95000 	C:\Xilinx\Vivado\2016.3\lib\win64.o\librdi_chipscope.dll
0x00007ffa75390000 - 0x00007ffa75473000 	C:\Xilinx\Vivado\2016.3\lib\win64.o\librdi_containers.dll
0x00007ffa4e600000 - 0x00007ffa4f8ce000 	C:\Xilinx\Vivado\2016.3\lib\win64.o\librdi_constraints.dll
0x00007ffa632f0000 - 0x00007ffa63526000 	C:\Xilinx\Vivado\2016.3\lib\win64.o\librdi_dlyest.dll
0x00007ffa62db0000 - 0x00007ffa632e6000 	C:\Xilinx\Vivado\2016.3\lib\win64.o\librdi_drc.dll
0x00007ffa3f100000 - 0x00007ffa42a2a000 	C:\Xilinx\Vivado\2016.3\lib\win64.o\librdi_designutils.dll
0x00007ffa42a30000 - 0x00007ffa4b966000 	C:\Xilinx\Vivado\2016.3\lib\win64.o\librdi_device.dll
0x00007ffa74c60000 - 0x00007ffa74d21000 	C:\Xilinx\Vivado\2016.3\lib\win64.o\librdi_dsp.dll
0x00007ffa61e70000 - 0x00007ffa620b9000 	C:\Xilinx\Vivado\2016.3\lib\win64.o\librdi_guitools.dll
0x00007ffa60410000 - 0x00007ffa60a4d000 	C:\Xilinx\Vivado\2016.3\lib\win64.o\librdi_filemgmt.dll
0x00007ffa3eb40000 - 0x00007ffa3f0f7000 	C:\Xilinx\Vivado\2016.3\lib\win64.o\librdi_memdata.dll
0x00007ffa7adb0000 - 0x00007ffa7adeb000 	C:\Xilinx\Vivado\2016.3\lib\win64.o\librdi_pfi.dll
0x00007ffa3e6e0000 - 0x00007ffa3eb32000 	C:\Xilinx\Vivado\2016.3\lib\win64.o\librdi_netlist.dll
0x00007ffa3c130000 - 0x00007ffa3c5eb000 	C:\Xilinx\Vivado\2016.3\lib\win64.o\librdi_project.dll
0x00007ffa3c5f0000 - 0x00007ffa3cc07000 	C:\Xilinx\Vivado\2016.3\lib\win64.o\librdi_power.dll
0x00007ffa3bba0000 - 0x00007ffa3c122000 	C:\Xilinx\Vivado\2016.3\lib\win64.o\librdi_psta.dll
0x00007ffa3a8b0000 - 0x00007ffa3aeda000 	C:\Xilinx\Vivado\2016.3\lib\win64.o\librdi_rsb.dll
0x00007ffa3a580000 - 0x00007ffa3a8ae000 	C:\Xilinx\Vivado\2016.3\lib\win64.o\librdi_runs.dll
0x00007ffa7a710000 - 0x00007ffa7a76c000 	C:\Xilinx\Vivado\2016.3\lib\win64.o\librdi_runsbase.dll
0x00007ffa3cc10000 - 0x00007ffa3e6d3000 	C:\Xilinx\Vivado\2016.3\lib\win64.o\librdi_place.dll
0x00007ffa3aee0000 - 0x00007ffa3bb92000 	C:\Xilinx\Vivado\2016.3\lib\win64.o\librdi_route.dll
0x00007ffa3a3e0000 - 0x00007ffa3a580000 	C:\Xilinx\Vivado\2016.3\lib\win64.o\librdi_simdata.dll
0x00007ffa75f80000 - 0x00007ffa75fe3000 	C:\Xilinx\Vivado\2016.3\lib\win64.o\liblmx6.0.dll
0x00007ffa398b0000 - 0x00007ffa3a3d6000 	C:\Xilinx\Vivado\2016.3\lib\win64.o\librdi_timing.dll
0x00007ffa4b970000 - 0x00007ffa4e5f6000 	C:\Xilinx\Vivado\2016.3\lib\win64.o\librdi_coregen.dll
0x00007ffa75a00000 - 0x00007ffa75a97000 	C:\Xilinx\Vivado\2016.3\lib\win64.o\libise.dll
0x00007ffa75f30000 - 0x00007ffa75f77000 	C:\Xilinx\Vivado\2016.3\lib\win64.o\libboost_serialization.dll
0x00007ffa39370000 - 0x00007ffa398b0000 	C:\Xilinx\Vivado\2016.3\lib\win64.o\librdi_xdm.dll
0x00007ffa75350000 - 0x00007ffa7538c000 	C:\Xilinx\Vivado\2016.3\lib\win64.o\librdi_wavedata_SimpleApi.dll
0x00007ffa385e0000 - 0x00007ffa389b3000 	C:\Xilinx\Vivado\2016.3\lib\win64.o\librdi_wavedata.dll
0x00007ffa389c0000 - 0x00007ffa39365000 	C:\Xilinx\Vivado\2016.3\lib\win64.o\libverific.dll
0x00007ffa75190000 - 0x00007ffa751d3000 	C:\Xilinx\Vivado\2016.3\lib\win64.o\librdi_hdf.dll
0x00007ffa383e0000 - 0x00007ffa385d8000 	C:\Xilinx\Vivado\2016.3\lib\win64.o\librdi_hsm.dll
0x00007ffa37d10000 - 0x00007ffa383dd000 	C:\Xilinx\Vivado\2016.3\lib\win64.o\librdi_labtools.dll
0x00007ffa74ad0000 - 0x00007ffa74b1d000 	C:\Xilinx\Vivado\2016.3\lib\win64.o\librdi_projectbase.dll
0x00007ffa74a10000 - 0x00007ffa74ac5000 	C:\Xilinx\Vivado\2016.3\lib\win64.o\librdi_hwh.dll
0x00007ffa364b0000 - 0x00007ffa37d01000 	C:\Xilinx\Vivado\2016.3\lib\win64.o\librdi_mig.dll
0x00007ffa7d800000 - 0x00007ffa7d819000 	C:\Xilinx\Vivado\2016.3\lib\win64.o\librdi_hmetis.dll
0x00007ffa34420000 - 0x00007ffa349dc000 	C:\Xilinx\Vivado\2016.3\lib\win64.o\librdi_abc_nomp.dll
0x00007ffa349e0000 - 0x00007ffa364a4000 	C:\Xilinx\Vivado\2016.3\lib\win64.o\librdi_synth.dll
0x00007ffa72520000 - 0x00007ffa72554000 	C:\Xilinx\Vivado\2016.3\lib\win64.o\libnoc_ntf_reader.dll
0x00007ffa33d60000 - 0x00007ffa34414000 	C:\Xilinx\Vivado\2016.3\lib\win64.o\librdi_coregenipxact.dll
0x00007ffa72490000 - 0x00007ffa72512000 	C:\Xilinx\Vivado\2016.3\lib\win64.o\librdi_simbridge_kernel.dll
0x00007ffa7a6e0000 - 0x00007ffa7a708000 	C:\Xilinx\Vivado\2016.3\lib\win64.o\librdi_commoncwebtalk.dll

VM Arguments:
jvm_args: -Dsun.java2d.pmoffscreen=false -Dsun.java2d.d3d=false -Dsun.awt.nopixfmt=true -Xverify:none -Dswing.aatext=true -XX:-UsePerfData -Djdk.map.althashing.threshold=512 -XX:StringTableSize=4072 -XX:NewSize=60m -XX:MaxNewSize=60m -Xms128m -Xmx3072m -Xss5m 
java_command: <unknown>
java_class_path (initial): C:/Xilinx/Vivado/2016.3\lib\classes\alloy.jar;C:/Xilinx/Vivado/2016.3\lib\classes\batik-anim.jar;C:/Xilinx/Vivado/2016.3\lib\classes\batik-awt-util.jar;C:/Xilinx/Vivado/2016.3\lib\classes\batik-bridge.jar;C:/Xilinx/Vivado/2016.3\lib\classes\batik-codec.jar;C:/Xilinx/Vivado/2016.3\lib\classes\batik-css.jar;C:/Xilinx/Vivado/2016.3\lib\classes\batik-dom.jar;C:/Xilinx/Vivado/2016.3\lib\classes\batik-ext.jar;C:/Xilinx/Vivado/2016.3\lib\classes\batik-gui-util.jar;C:/Xilinx/Vivado/2016.3\lib\classes\batik-gvt.jar;C:/Xilinx/Vivado/2016.3\lib\classes\batik-parser.jar;C:/Xilinx/Vivado/2016.3\lib\classes\batik-script.jar;C:/Xilinx/Vivado/2016.3\lib\classes\batik-svg-dom.jar;C:/Xilinx/Vivado/2016.3\lib\classes\batik-swing.jar;C:/Xilinx/Vivado/2016.3\lib\classes\batik-transcoder.jar;C:/Xilinx/Vivado/2016.3\lib\classes\batik-util.jar;C:/Xilinx/Vivado/2016.3\lib\classes\batik-xml.jar;C:/Xilinx/Vivado/2016.3\lib\classes\commons-math-2.2.jar;C:/Xilinx/Vivado/2016.3\lib\classes\dom4j-1.6.1.jar;C:/Xilinx/Vivado/2016.3\lib\classes\forms.jar;C:/Xilinx/Vivado/2016.3\lib\classes\guava-18.0.jar;C:/Xilinx/Vivado/2016.3\lib\classes\help.jar;C:/Xilinx/Vivado/2016.3\lib\classes\hsqldb.jar;C:/Xilinx/Vivado/2016.3\lib\classes\jh.jar;C:/Xilinx/Vivado/2016.3\lib\classes\jide-action.jar;C:/Xilinx/Vivado/2016.3\lib\classes\jide-charts.jar;C:/Xilinx/Vivado/2016.3\lib\classes\jide-common.jar;C:/Xilinx/Vivado/2016.3\lib\classes\jide-components.jar;C:/Xilinx/Vivado/2016.3\lib\classes\jide-dashboard.jar;C:/Xilinx/Vivado/2016.3\lib\classes\jide-data.jar;C:/Xilinx/Vivado/2016.3\lib\classes\jide-dialogs.jar;C:/Xilinx/Vivado/2016.3\lib\classes\jide-diff.jar;C:/Xilinx/Vivado/2016.3\lib\classes\jide-dock.jar;C:/Xilinx/Vivado/2016.3\lib\classes\jide-editor.jar;C:/Xilinx/Vivado/2016.3\lib\classes\jide-gantt.jar;C:/Xilinx/Vivado/2016.3\lib\classes\jide-grids.jar;C:/Xilinx/Vivado/2016.3\lib\classes\jide-pivot.jar;C:/Xilinx/Vivado/2016.3\lib\classes\jide-plaf-jdk7.jar;C:/Xilinx/Vivado/2
Launcher Type: generic

Environment Variables:
PATH=C:/Xilinx/Vivado/2016.3/bin;C:/Xilinx/Vivado/2016.3/lib/win64.o;C:/Xilinx/Vivado/2016.3/tps/win64/jre/bin/server;C:/Xilinx/Vivado/2016.3/tps/win64/jre/bin;C:/Xilinx/SDK/2016.3/bin;C:/Xilinx/Vivado/2016.3/ids_lite/ISE/bin/nt64;C:/Xilinx/Vivado/2016.3/ids_lite/ISE/lib/nt64;C:/Xilinx/Vivado_HLS/2016.3/bin;C:\ProgramData\Oracle\Java\javapath;C:\Program Files (x86)\Common Files\Intel\Shared Libraries\redist\ia32\mpirt;C:\Program Files (x86)\Common Files\Intel\Shared Libraries\redist\ia32\compiler;C:\Program Files (x86)\Intel\iCLS Client\;C:\Program Files\Intel\iCLS Client\;C:\Windows\system32;C:\Windows;C:\Windows\System32\Wbem;C:\Windows\System32\WindowsPowerShell\v1.0\;C:\Program Files (x86)\Intel\Intel(R) Management Engine Components\DAL;C:\Program Files\Intel\Intel(R) Management Engine Components\DAL;C:\Program Files (x86)\Intel\Intel(R) Management Engine Components\IPT;C:\Program Files\Intel\Intel(R) Management Engine Components\IPT;C:\Program Files (x86)\NVIDIA Corporation\PhysX\Common;C:\Program Files (x86)\Skype\Phone\;C:\Program Files\Java\jdk1.8.0_121\bin;C:\Program Files\Git\cmd;C:\Users\Atalville\AppData\Local\Microsoft\WindowsApps;
USERNAME=Atalville
OS=Windows_NT
PROCESSOR_IDENTIFIER=Intel64 Family 6 Model 78 Stepping 3, GenuineIntel



---------------  S Y S T E M  ---------------

OS: Windows 10.0 , 64 bit Build 15063 (10.0.15063.296)

CPU:total 4 (2 cores per cpu, 2 threads per core) family 6 model 78 stepping 3, cmov, cx8, fxsr, mmx, sse, sse2, sse3, ssse3, sse4.1, sse4.2, popcnt, avx, avx2, aes, clmul, erms, 3dnowpref, lzcnt, ht, tsc, tscinvbit, bmi1, bmi2, adx

Memory: 4k page, physical 8259484k(2671252k free), swap 11274140k(3434732k free)

vm_info: Java HotSpot(TM) 64-Bit Server VM (25.66-b18) for windows-amd64 JRE (1.8.0_66-b18), built on Nov  9 2015 10:51:13 by "java_re" with MS VC++ 10.0 (VS2010)

time: Mon Jun 12 17:02:14 2017
elapsed time: 981 seconds (0d 0h 16m 21s)

