#
# A fatal error has been detected by the Java Runtime Environment:
#
#  EXCEPTION_ACCESS_VIOLATION (0xc0000005) at pc=0x00000000650b05b4, pid=15588, tid=1132
#
# JRE version: Java(TM) SE Runtime Environment (8.0_66-b18) (build 1.8.0_66-b18)
# Java VM: Java HotSpot(TM) 64-Bit Server VM (25.66-b18 mixed mode windows-amd64 compressed oops)
# Problematic frame:
# C  0x00000000650b05b4
#
# Failed to write core dump. Minidumps are not enabled by default on client versions of Windows
#
# If you would like to submit a bug report, please visit:
#   http://bugreport.java.com/bugreport/crash.jsp
# The crash happened outside the Java Virtual Machine in native code.
# See problematic frame for where to report the bug.
#

---------------  T H R E A D  ---------------

Current thread (0x0000027ff9927800):  JavaThread "AWT-EventQueue-1" [_thread_in_native, id=1132, stack(0x000000a343e00000,0x000000a344300000)]

siginfo: ExceptionCode=0xc0000005, reading address 0x0000000000000008

Registers:
RAX=0x000000000000000d, RBX=0x0000027ff99279f8, RCX=0x0000000000000000, RDX=0x000000001a011bf2
RSP=0x000000a3442fc678, RBP=0x0000027ff99279f8, RSI=0x000002800353f800, RDI=0x0000027ffde62380
R8 =0x00000000000053d6, R9 =0x0000027ff3e20000, R10=0x00000000001a1bf2, R11=0x0000000000000246
R12=0x000000001a011bf2, R13=0x0000000000000000, R14=0x000000070038b568, R15=0x0000027ff9927800
RIP=0x00000000650b05b4, EFLAGS=0x0000000000010202

Top of Stack: (sp=0x000000a3442fc678)
0x000000a3442fc678:   0000000065017619 0000027ff99279f8
0x000000a3442fc688:   000002800353f800 0000027f0049414e
0x000000a3442fc698:   000002800049414e 0000000000000000
0x000000a3442fc6a8:   000002800353f800 000000a3442fcd38
0x000000a3442fc6b8:   000000006504bf8d 0000027ff99279f8
0x000000a3442fc6c8:   0000000000000000 000000a3442fc701
0x000000a3442fc6d8:   0000000000000000 0000028013440f00
0x000000a3442fc6e8:   0000000065013e72 000000a3442fcd38
0x000000a3442fc6f8:   000000a3442fc7f0 0000027ff99279f8
0x000000a3442fc708:   0000027f00000001 0000000700310780
0x000000a3442fc718:   0000027f804181c4 0000000000000000
0x000000a3442fc728:   000000070039e3e8 0000000000000011
0x000000a3442fc738:   0000000700310780 0000000000000003
0x000000a3442fc748:   000000a3442fc840 0000000000000000
0x000000a3442fc758:   0000027f848fd168 0000027f8004f0a0
0x000000a3442fc768:   000000a3442fcd40 0000027ff99279f8 

Instructions: (pc=0x00000000650b05b4)
0x00000000650b0594:   41 5e 41 5d 41 5c 5f c3 48 8b 41 08 48 05 00 04
0x00000000650b05a4:   00 00 c3 cc 48 8b 41 08 48 8b 80 18 0c 00 00 c3
0x00000000650b05b4:   48 8b 49 08 48 85 c9 74 05 e9 16 a8 fe ff 33 c0
0x00000000650b05c4:   c3 cc cc cc 48 83 ec 28 48 8b 49 08 48 85 c9 74 


Register to memory mapping:

RAX=0x000000000000000d is an unknown value
RBX=0x0000027ff99279f8 is an unknown value
RCX=0x0000000000000000 is an unknown value
RDX=0x000000001a011bf2 is an unknown value
RSP=0x000000a3442fc678 is pointing into the stack for thread: 0x0000027ff9927800
RBP=0x0000027ff99279f8 is an unknown value
RSI=0x000002800353f800 is an unknown value
RDI=0x0000027ffde62380 is an unknown value
R8 =0x00000000000053d6 is an unknown value
R9 =0x0000027ff3e20000 is an unknown value
R10=0x00000000001a1bf2 is an unknown value
R11=0x0000000000000246 is an unknown value
R12=0x000000001a011bf2 is an unknown value
R13=0x0000000000000000 is an unknown value
R14=0x000000070038b568 is pointing into object: 0x000000070038b528
[Lsun.java2d.loops.RenderCache$Entry; 
 - klass: 'sun/java2d/loops/RenderCache$Entry'[]
 - length: 20
R15=0x0000027ff9927800 is a thread


Stack: [0x000000a343e00000,0x000000a344300000],  sp=0x000000a3442fc678,  free space=5105k
Native frames: (J=compiled Java code, j=interpreted, Vv=VM code, C=native code)
C  0x00000000650b05b4

Java frames: (J=compiled Java code, j=interpreted, Vv=VM code)
J 7963  sun.java2d.windows.GDIBlitLoops.nativeBlit(Lsun/java2d/SurfaceData;Lsun/java2d/SurfaceData;Lsun/java2d/pipe/Region;IIIIIIIIIZ)V (0 bytes) @ 0x0000027f817da2ec [0x0000027f817da200+0xec]
J 12277 C2 sun.java2d.windows.GDIBlitLoops.Blit(Lsun/java2d/SurfaceData;Lsun/java2d/SurfaceData;Ljava/awt/Composite;Lsun/java2d/pipe/Region;IIIIII)V (37 bytes) @ 0x0000027f80516dc8 [0x0000027f80516d20+0xa8]
J 9813 C2 sun.java2d.pipe.DrawImage.renderImageCopy(Lsun/java2d/SunGraphics2D;Ljava/awt/Image;Ljava/awt/Color;IIIIII)Z (147 bytes) @ 0x0000027f81976708 [0x0000027f81976360+0x3a8]
J 21128 C2 sun.java2d.pipe.DrawImage.copyImage(Lsun/java2d/SunGraphics2D;Ljava/awt/Image;IILjava/awt/Color;Ljava/awt/image/ImageObserver;)Z (60 bytes) @ 0x0000027f836ba454 [0x0000027f836ba220+0x234]
J 10676 C2 sun.java2d.SunGraphics2D.drawImage(Ljava/awt/Image;IILjava/awt/Color;Ljava/awt/image/ImageObserver;)Z (145 bytes) @ 0x0000027f81ed8e4c [0x0000027f81ed8c60+0x1ec]
J 7166 C2 sun.java2d.SunGraphics2D.drawImage(Ljava/awt/Image;IILjava/awt/image/ImageObserver;)Z (11 bytes) @ 0x0000027f80b09258 [0x0000027f80b09220+0x38]
J 23365 C1 javax.swing.RepaintManager$PaintManager.paintDoubleBuffered(Ljavax/swing/JComponent;Ljava/awt/Image;Ljava/awt/Graphics;IIII)V (294 bytes) @ 0x0000027f82ff1024 [0x0000027f82ff06e0+0x944]
J 7240 C1 javax.swing.RepaintManager$PaintManager.paint(Ljavax/swing/JComponent;Ljavax/swing/JComponent;Ljava/awt/Graphics;IIII)Z (189 bytes) @ 0x0000027f8157aa14 [0x0000027f81579b60+0xeb4]
J 7339 C1 javax.swing.RepaintManager.paint(Ljavax/swing/JComponent;Ljavax/swing/JComponent;Ljava/awt/Graphics;IIII)V (93 bytes) @ 0x0000027f80604c7c [0x0000027f806047a0+0x4dc]
J 26455 C2 javax.swing.JComponent.paint(Ljava/awt/Graphics;)V (409 bytes) @ 0x0000027f848fd674 [0x0000027f848fca60+0xc14]
j  java.awt.GraphicsCallback$PaintCallback.run(Ljava/awt/Component;Ljava/awt/Graphics;)V+2
j  sun.awt.SunGraphicsCallback.runOneComponent(Ljava/awt/Component;Ljava/awt/Rectangle;Ljava/awt/Graphics;Ljava/awt/Shape;I)V+155
j  sun.awt.SunGraphicsCallback.runComponents([Ljava/awt/Component;Ljava/awt/Graphics;I)V+194
J 24539 C1 java.awt.Container.paint(Ljava/awt/Graphics;)V (62 bytes) @ 0x0000027f82a3f5ec [0x0000027f82a3eac0+0xb2c]
J 25334 C1 java.awt.Window.paint(Ljava/awt/Graphics;)V (72 bytes) @ 0x0000027f81e0200c [0x0000027f81e01220+0xdec]
J 12385 C2 javax.swing.RepaintManager$4.run()Ljava/lang/Object; (5 bytes) @ 0x0000027f82416270 [0x0000027f82415de0+0x490]
v  ~StubRoutines::call_stub
J 1565  java.security.AccessController.doPrivileged(Ljava/security/PrivilegedAction;Ljava/security/AccessControlContext;)Ljava/lang/Object; (0 bytes) @ 0x0000027f8058b2a6 [0x0000027f8058b240+0x66]
J 12346 C2 javax.swing.RepaintManager.paintDirtyRegions(Ljava/util/Map;)V (196 bytes) @ 0x0000027f823e14dc [0x0000027f823e0de0+0x6fc]
J 13376 C2 javax.swing.RepaintManager$ProcessingRunnable.run()V (41 bytes) @ 0x0000027f81b04c14 [0x0000027f81b046c0+0x554]
J 10992 C2 java.awt.EventQueue$3.run()Ljava/lang/Void; (60 bytes) @ 0x0000027f81ff5688 [0x0000027f81ff5580+0x108]
J 11025 C2 java.awt.EventQueue$3.run()Ljava/lang/Object; (5 bytes) @ 0x0000027f806f8b54 [0x0000027f806f8b20+0x34]
v  ~StubRoutines::call_stub
J 1565  java.security.AccessController.doPrivileged(Ljava/security/PrivilegedAction;Ljava/security/AccessControlContext;)Ljava/lang/Object; (0 bytes) @ 0x0000027f8058b2a6 [0x0000027f8058b240+0x66]
J 7965 C2 ui.frmwork.a.d.dispatchEvent(Ljava/awt/AWTEvent;)V (30 bytes) @ 0x0000027f817e7ed0 [0x0000027f817e7c80+0x250]
J 14149 C2 java.awt.EventDispatchThread.pumpOneEventForFilters(I)V (295 bytes) @ 0x0000027f821d4108 [0x0000027f821d3d20+0x3e8]
J 15102% C2 java.awt.EventDispatchThread.pumpEventsForFilter(ILjava/awt/Conditional;Ljava/awt/EventFilter;)V (47 bytes) @ 0x0000027f816ca780 [0x0000027f816ca660+0x120]
j  java.awt.EventDispatchThread.pumpEventsForHierarchy(ILjava/awt/Conditional;Ljava/awt/Component;)V+11
j  java.awt.EventDispatchThread.pumpEvents(ILjava/awt/Conditional;)V+4
j  java.awt.EventDispatchThread.pumpEvents(Ljava/awt/Conditional;)V+3
j  java.awt.EventDispatchThread.run()V+9
v  ~StubRoutines::call_stub

---------------  P R O C E S S  ---------------

Java Threads: ( => current thread )
  0x000002800353f000 JavaThread "Image Fetcher 0" daemon [_thread_blocked, id=13776, stack(0x000000aafd000000,0x000000aafd500000)]
  0x000002803861d000 JavaThread "Monitor File Timestamp Swing Worker" [_thread_blocked, id=1100, stack(0x000000aab0100000,0x000000aab0600000)]
  0x0000028036a85000 JavaThread "Monitor File Timestamp Swing Worker" [_thread_blocked, id=2656, stack(0x000000aaae800000,0x000000aaaed00000)]
  0x000002803a4c7800 JavaThread "Monitor File Timestamp Swing Worker" [_thread_blocked, id=15020, stack(0x000000aaac000000,0x000000aaac500000)]
  0x0000028000a9a800 JavaThread "hw_ila_monitor" [_thread_blocked, id=16168, stack(0x000000a347800000,0x000000a347d00000)]
  0x00000280023e0800 JavaThread "Update Runs Swing Worker" [_thread_blocked, id=10896, stack(0x000000a347300000,0x000000a347800000)]
  0x000002800234d800 JavaThread "Refresh Filesets Swing Worker" [_thread_blocked, id=4552, stack(0x000000a346e00000,0x000000a347300000)]
  0x00000280005a2000 JavaThread "Monitor File Timestamp Swing Worker" [_thread_blocked, id=13780, stack(0x000000a346100000,0x000000a346600000)]
=>0x0000027ff9927800 JavaThread "AWT-EventQueue-1" [_thread_in_native, id=1132, stack(0x000000a343e00000,0x000000a344300000)]
  0x0000027ff9925000 JavaThread "Process Messages" [_thread_blocked, id=6748, stack(0x000000a343900000,0x000000a343e00000)]
  0x0000027ff992a000 JavaThread "Thread-3" [_thread_in_native, id=9600, stack(0x000000a33e100000,0x000000a33f500000)]
  0x0000027ffd8c5000 JavaThread "AWT-EventQueue-0" [_thread_blocked, id=15964, stack(0x000000a343400000,0x000000a343900000)]
  0x0000027ffc022000 JavaThread "AWT-Windows" daemon [_thread_in_native, id=11484, stack(0x000000a342a00000,0x000000a342f00000)]
  0x0000027ffc023800 JavaThread "AWT-Shutdown" [_thread_blocked, id=11780, stack(0x000000a342500000,0x000000a342a00000)]
  0x0000027ffc024800 JavaThread "Java2D Disposer" daemon [_thread_blocked, id=1108, stack(0x000000a342000000,0x000000a342500000)]
  0x0000027ffbf01800 JavaThread "TimerQueue" daemon [_thread_blocked, id=856, stack(0x000000a341b00000,0x000000a342000000)]
  0x0000027ffbcb5800 JavaThread "Service Thread" daemon [_thread_blocked, id=12164, stack(0x000000a341500000,0x000000a341a00000)]
  0x0000027ffbbf7000 JavaThread "C1 CompilerThread2" daemon [_thread_blocked, id=10772, stack(0x000000a341400000,0x000000a341500000)]
  0x0000027ffbbf8800 JavaThread "C2 CompilerThread1" daemon [_thread_blocked, id=6640, stack(0x000000a341300000,0x000000a341400000)]
  0x0000027ffbbfa800 JavaThread "C2 CompilerThread0" daemon [_thread_blocked, id=9064, stack(0x000000a341200000,0x000000a341300000)]
  0x0000027ffbbfc000 JavaThread "Attach Listener" daemon [_thread_blocked, id=16016, stack(0x000000a340d00000,0x000000a341200000)]
  0x0000027ffbbfd800 JavaThread "Signal Dispatcher" daemon [_thread_blocked, id=10324, stack(0x000000a340800000,0x000000a340d00000)]
  0x0000027ffbaac000 JavaThread "Finalizer" daemon [_thread_blocked, id=14024, stack(0x000000a340300000,0x000000a340800000)]
  0x0000027ffbaad000 JavaThread "Reference Handler" daemon [_thread_blocked, id=11112, stack(0x000000a33fe00000,0x000000a340300000)]
  0x0000027ff98c5800 JavaThread "main" [_thread_blocked, id=15252, stack(0x000000a33f800000,0x000000a33f900000)]

Other Threads:
  0x0000027ffb890800 VMThread [stack: 0x000000a33fd00000,0x000000a33fe00000] [id=444]
  0x0000027ffbd44800 WatcherThread [stack: 0x000000a341a00000,0x000000a341b00000] [id=15728]

VM state:not at safepoint (normal execution)

VM Mutex/Monitor currently owned by a thread: None

Heap:
 PSYoungGen      total 53248K, used 28516K [0x00000007bc400000, 0x00000007c0000000, 0x00000007c0000000)
  eden space 45056K, 59% used [0x00000007bc400000,0x00000007bde32960,0x00000007bf000000)
  from space 8192K, 20% used [0x00000007bf800000,0x00000007bf9a6828,0x00000007c0000000)
  to   space 8192K, 0% used [0x00000007bf000000,0x00000007bf000000,0x00000007bf800000)
 ParOldGen       total 167424K, used 93210K [0x0000000700000000, 0x000000070a380000, 0x00000007bc400000)
  object space 167424K, 55% used [0x0000000700000000,0x0000000705b06ad8,0x000000070a380000)
 Metaspace       used 76075K, capacity 76967K, committed 77440K, reserved 1116160K
  class space    used 10354K, capacity 10536K, committed 10624K, reserved 1048576K

Card table byte_map: [0x0000027ff9e00000,0x0000027ffa410000] byte_map_base: 0x0000027ff6600000

Marking Bits: (ParMarkBitMap*) 0x0000000065a8a5b0
 Begin Bits: [0x0000027f8f000000, 0x0000027f92000000)
 End Bits:   [0x0000027f92000000, 0x0000027f95000000)

Polling page: 0x0000027ff5460000

CodeCache: size=245760Kb used=74590Kb max_used=74613Kb free=171169Kb
 bounds [0x0000027f80000000, 0x0000027f84980000, 0x0000027f8f000000]
 total_blobs=19592 nmethods=18675 adapters=821
 compilation: enabled

Compilation events (10 events):
Event: 22948.363 Thread 0x0000027ffbbf7000 nmethod 26502 0x0000027f84925a10 code [0x0000027f84925b80, 0x0000027f84925d98]
Event: 22948.400 Thread 0x0000027ffbbf8800 26503       4       com.jidesoft.plaf.vsnet.VsnetMenuUI::paintText (218 bytes)
Event: 22948.441 Thread 0x0000027ffbbfa800 nmethod 26500 0x0000027f8496d110 code [0x0000027f8496d800, 0x0000027f849728e0]
Event: 22948.441 Thread 0x0000027ffbbf8800 nmethod 26503 0x0000027f8492b790 code [0x0000027f8492bac0, 0x0000027f8492d530]
Event: 22951.710 Thread 0x0000027ffbbfa800 26504       4       javax.swing.tree.VariableHeightLayoutCache$TreeStateNode::getYOrigin (37 bytes)
Event: 22951.714 Thread 0x0000027ffbbfa800 nmethod 26504 0x0000027f84925610 code [0x0000027f84925760, 0x0000027f84925828]
Event: 22951.768 Thread 0x0000027ffbbf8800 26505       4       javax.swing.tree.VariableHeightLayoutCache$TreeStateNode::getNodeBounds (65 bytes)
Event: 22951.772 Thread 0x0000027ffbbf8800 nmethod 26505 0x0000027f8492f810 code [0x0000027f8492f960, 0x0000027f8492fad8]
Event: 22970.823 Thread 0x0000027ffbbf7000 26506       3       com.jidesoft.action.DockableBarContainer::getRowCount (8 bytes)
Event: 22970.824 Thread 0x0000027ffbbf7000 nmethod 26506 0x0000027f8492f390 code [0x0000027f8492f4e0, 0x0000027f8492f718]

GC Heap History (10 events):
Event: 22916.074 GC heap before
{Heap before GC invocations=1700 (full 310):
 PSYoungGen      total 56832K, used 52960K [0x00000007bc400000, 0x00000007c0000000, 0x00000007c0000000)
  eden space 52224K, 100% used [0x00000007bc400000,0x00000007bf700000,0x00000007bf700000)
  from space 4608K, 15% used [0x00000007bf700000,0x00000007bf7b8000,0x00000007bfb80000)
  to   space 4608K, 0% used [0x00000007bfb80000,0x00000007bfb80000,0x00000007c0000000)
 ParOldGen       total 167424K, used 75442K [0x0000000700000000, 0x000000070a380000, 0x00000007bc400000)
  object space 167424K, 45% used [0x0000000700000000,0x00000007049aca98,0x000000070a380000)
 Metaspace       used 75630K, capacity 76509K, committed 77056K, reserved 1116160K
  class space    used 10217K, capacity 10405K, committed 10496K, reserved 1048576K
Event: 22916.083 GC heap after
Heap after GC invocations=1700 (full 310):
 PSYoungGen      total 48640K, used 4576K [0x00000007bc400000, 0x00000007c0000000, 0x00000007c0000000)
  eden space 44032K, 0% used [0x00000007bc400000,0x00000007bc400000,0x00000007bef00000)
  from space 4608K, 99% used [0x00000007bfb80000,0x00000007bfff8010,0x00000007c0000000)
  to   space 8704K, 0% used [0x00000007bef00000,0x00000007bef00000,0x00000007bf780000)
 ParOldGen       total 167424K, used 84554K [0x0000000700000000, 0x000000070a380000, 0x00000007bc400000)
  object space 167424K, 50% used [0x0000000700000000,0x0000000705292ab8,0x000000070a380000)
 Metaspace       used 75630K, capacity 76509K, committed 77056K, reserved 1116160K
  class space    used 10217K, capacity 10405K, committed 10496K, reserved 1048576K
}
Event: 22916.895 GC heap before
{Heap before GC invocations=1701 (full 310):
 PSYoungGen      total 48640K, used 48608K [0x00000007bc400000, 0x00000007c0000000, 0x00000007c0000000)
  eden space 44032K, 100% used [0x00000007bc400000,0x00000007bef00000,0x00000007bef00000)
  from space 4608K, 99% used [0x00000007bfb80000,0x00000007bfff8010,0x00000007c0000000)
  to   space 8704K, 0% used [0x00000007bef00000,0x00000007bef00000,0x00000007bf780000)
 ParOldGen       total 167424K, used 84554K [0x0000000700000000, 0x000000070a380000, 0x00000007bc400000)
  object space 167424K, 50% used [0x0000000700000000,0x0000000705292ab8,0x000000070a380000)
 Metaspace       used 75630K, capacity 76509K, committed 77056K, reserved 1116160K
  class space    used 10217K, capacity 10405K, committed 10496K, reserved 1048576K
Event: 22916.901 GC heap after
Heap after GC invocations=1701 (full 310):
 PSYoungGen      total 52736K, used 4974K [0x00000007bc400000, 0x00000007c0000000, 0x00000007c0000000)
  eden space 44032K, 0% used [0x00000007bc400000,0x00000007bc400000,0x00000007bef00000)
  from space 8704K, 57% used [0x00000007bef00000,0x00000007bf3db910,0x00000007bf780000)
  to   space 8704K, 0% used [0x00000007bf780000,0x00000007bf780000,0x00000007c0000000)
 ParOldGen       total 167424K, used 93194K [0x0000000700000000, 0x000000070a380000, 0x00000007bc400000)
  object space 167424K, 55% used [0x0000000700000000,0x0000000705b02ad8,0x000000070a380000)
 Metaspace       used 75630K, capacity 76509K, committed 77056K, reserved 1116160K
  class space    used 10217K, capacity 10405K, committed 10496K, reserved 1048576K
}
Event: 22927.232 GC heap before
{Heap before GC invocations=1702 (full 310):
 PSYoungGen      total 52736K, used 49006K [0x00000007bc400000, 0x00000007c0000000, 0x00000007c0000000)
  eden space 44032K, 100% used [0x00000007bc400000,0x00000007bef00000,0x00000007bef00000)
  from space 8704K, 57% used [0x00000007bef00000,0x00000007bf3db910,0x00000007bf780000)
  to   space 8704K, 0% used [0x00000007bf780000,0x00000007bf780000,0x00000007c0000000)
 ParOldGen       total 167424K, used 93194K [0x0000000700000000, 0x000000070a380000, 0x00000007bc400000)
  object space 167424K, 55% used [0x0000000700000000,0x0000000705b02ad8,0x000000070a380000)
 Metaspace       used 76060K, capacity 76967K, committed 77440K, reserved 1116160K
  class space    used 10354K, capacity 10536K, committed 10624K, reserved 1048576K
Event: 22927.237 GC heap after
Heap after GC invocations=1702 (full 310):
 PSYoungGen      total 52736K, used 1610K [0x00000007bc400000, 0x00000007c0000000, 0x00000007c0000000)
  eden space 44032K, 0% used [0x00000007bc400000,0x00000007bc400000,0x00000007bef00000)
  from space 8704K, 18% used [0x00000007bf780000,0x00000007bf912b08,0x00000007c0000000)
  to   space 8704K, 0% used [0x00000007bef00000,0x00000007bef00000,0x00000007bf780000)
 ParOldGen       total 167424K, used 93202K [0x0000000700000000, 0x000000070a380000, 0x00000007bc400000)
  object space 167424K, 55% used [0x0000000700000000,0x0000000705b04ad8,0x000000070a380000)
 Metaspace       used 76060K, capacity 76967K, committed 77440K, reserved 1116160K
  class space    used 10354K, capacity 10536K, committed 10624K, reserved 1048576K
}
Event: 22942.400 GC heap before
{Heap before GC invocations=1703 (full 310):
 PSYoungGen      total 52736K, used 45642K [0x00000007bc400000, 0x00000007c0000000, 0x00000007c0000000)
  eden space 44032K, 100% used [0x00000007bc400000,0x00000007bef00000,0x00000007bef00000)
  from space 8704K, 18% used [0x00000007bf780000,0x00000007bf912b08,0x00000007c0000000)
  to   space 8704K, 0% used [0x00000007bef00000,0x00000007bef00000,0x00000007bf780000)
 ParOldGen       total 167424K, used 93202K [0x0000000700000000, 0x000000070a380000, 0x00000007bc400000)
  object space 167424K, 55% used [0x0000000700000000,0x0000000705b04ad8,0x000000070a380000)
 Metaspace       used 76074K, capacity 76967K, committed 77440K, reserved 1116160K
  class space    used 10354K, capacity 10536K, committed 10624K, reserved 1048576K
Event: 22942.408 GC heap after
Heap after GC invocations=1703 (full 310):
 PSYoungGen      total 52736K, used 1658K [0x00000007bc400000, 0x00000007c0000000, 0x00000007c0000000)
  eden space 44032K, 0% used [0x00000007bc400000,0x00000007bc400000,0x00000007bef00000)
  from space 8704K, 19% used [0x00000007bef00000,0x00000007bf09e828,0x00000007bf780000)
  to   space 8192K, 0% used [0x00000007bf800000,0x00000007bf800000,0x00000007c0000000)
 ParOldGen       total 167424K, used 93210K [0x0000000700000000, 0x000000070a380000, 0x00000007bc400000)
  object space 167424K, 55% used [0x0000000700000000,0x0000000705b06ad8,0x000000070a380000)
 Metaspace       used 76074K, capacity 76967K, committed 77440K, reserved 1116160K
  class space    used 10354K, capacity 10536K, committed 10624K, reserved 1048576K
}
Event: 22948.423 GC heap before
{Heap before GC invocations=1704 (full 310):
 PSYoungGen      total 52736K, used 45690K [0x00000007bc400000, 0x00000007c0000000, 0x00000007c0000000)
  eden space 44032K, 100% used [0x00000007bc400000,0x00000007bef00000,0x00000007bef00000)
  from space 8704K, 19% used [0x00000007bef00000,0x00000007bf09e828,0x00000007bf780000)
  to   space 8192K, 0% used [0x00000007bf800000,0x00000007bf800000,0x00000007c0000000)
 ParOldGen       total 167424K, used 93210K [0x0000000700000000, 0x000000070a380000, 0x00000007bc400000)
  object space 167424K, 55% used [0x0000000700000000,0x0000000705b06ad8,0x000000070a380000)
 Metaspace       used 76074K, capacity 76967K, committed 77440K, reserved 1116160K
  class space    used 10354K, capacity 10536K, committed 10624K, reserved 1048576K
Event: 22948.430 GC heap after
Heap after GC invocations=1704 (full 310):
 PSYoungGen      total 53248K, used 1690K [0x00000007bc400000, 0x00000007c0000000, 0x00000007c0000000)
  eden space 45056K, 0% used [0x00000007bc400000,0x00000007bc400000,0x00000007bf000000)
  from space 8192K, 20% used [0x00000007bf800000,0x00000007bf9a6828,0x00000007c0000000)
  to   space 8192K, 0% used [0x00000007bf000000,0x00000007bf000000,0x00000007bf800000)
 ParOldGen       total 167424K, used 93210K [0x0000000700000000, 0x000000070a380000, 0x00000007bc400000)
  object space 167424K, 55% used [0x0000000700000000,0x0000000705b06ad8,0x000000070a380000)
 Metaspace       used 76074K, capacity 76967K, committed 77440K, reserved 1116160K
  class space    used 10354K, capacity 10536K, committed 10624K, reserved 1048576K
}

Deoptimization events (10 events):
Event: 22919.044 Thread 0x0000027ff9927800 Uncommon trap: reason=class_check action=maybe_recompile pc=0x0000027f81b5290c method=javax.swing.tree.FixedHeightLayoutCache.getRowForPath(Ljavax/swing/tree/TreePath;)I @ 67
Event: 22919.045 Thread 0x0000027ff9927800 Uncommon trap: reason=bimorphic action=maybe_recompile pc=0x0000027f81187488 method=javax.swing.plaf.basic.BasicTreeUI.paintExpandControl(Ljava/awt/Graphics;Ljava/awt/Rectangle;Ljava/awt/Insets;Ljava/awt/Rectangle;Ljavax/swing/tree/TreePath;IZZZ)V @ 23
Event: 22921.319 Thread 0x0000027ff9927800 Uncommon trap: reason=unstable_if action=reinterpret pc=0x0000027f843d3340 method=javax.swing.DefaultListSelectionModel.removeIndexInterval(II)V @ 30
Event: 22921.320 Thread 0x0000027ff9927800 Uncommon trap: reason=class_check action=maybe_recompile pc=0x0000027f82fdf97c method=javax.swing.JComponent.paint(Ljava/awt/Graphics;)V @ 106
Event: 22921.323 Thread 0x0000027ff9927800 Uncommon trap: reason=class_check action=maybe_recompile pc=0x0000027f82618824 method=org.jdesktop.swingx.JXPanel.getEffectiveAlpha()F @ 31
Event: 22921.324 Thread 0x0000027ff9927800 Uncommon trap: reason=class_check action=maybe_recompile pc=0x0000027f83b3d200 method=javax.swing.tree.FixedHeightLayoutCache.getVisiblePathsFrom(Ljavax/swing/tree/TreePath;)Ljava/util/Enumeration; @ 70
Event: 22921.325 Thread 0x0000027ff9927800 Uncommon trap: reason=class_check action=maybe_recompile pc=0x0000027f81b5290c method=javax.swing.tree.FixedHeightLayoutCache.getRowForPath(Ljavax/swing/tree/TreePath;)I @ 67
Event: 22921.327 Thread 0x0000027ff9927800 Uncommon trap: reason=bimorphic action=maybe_recompile pc=0x0000027f81187488 method=javax.swing.plaf.basic.BasicTreeUI.paintExpandControl(Ljava/awt/Graphics;Ljava/awt/Rectangle;Ljava/awt/Insets;Ljava/awt/Rectangle;Ljavax/swing/tree/TreePath;IZZZ)V @ 23
Event: 22937.747 Thread 0x0000027ff9927800 Uncommon trap: reason=class_check action=maybe_recompile pc=0x0000027f82618824 method=org.jdesktop.swingx.JXPanel.getEffectiveAlpha()F @ 31
Event: 22971.008 Thread 0x0000027ffc022000 Uncommon trap: reason=predicate action=maybe_recompile pc=0x0000027f8470e3ec method=java.util.ComparableTimSort.binarySort([Ljava/lang/Object;III)V @ 37

Internal exceptions (10 events):
Event: 20572.990 Thread 0x0000028015377800 Exception <a 'java/lang/InterruptedException': sleep interrupted> (0x00000007bdde1270) thrown at [C:\re\workspace\8-2-build-windows-amd64-cygwin\jdk8u66\5298\hotspot\src\share\vm\prims\jvm.cpp, line 3215]
Event: 20573.052 Thread 0x000002800499f800 Exception <a 'java/lang/InterruptedException': sleep interrupted> (0x00000007be105940) thrown at [C:\re\workspace\8-2-build-windows-amd64-cygwin\jdk8u66\5298\hotspot\src\share\vm\prims\jvm.cpp, line 3215]
Event: 20573.092 Thread 0x0000028007294800 Exception <a 'java/lang/InterruptedException': sleep interrupted> (0x00000007be4e4ac8) thrown at [C:\re\workspace\8-2-build-windows-amd64-cygwin\jdk8u66\5298\hotspot\src\share\vm\prims\jvm.cpp, line 3215]
Event: 20573.126 Thread 0x000002801d809800 Exception <a 'java/lang/InterruptedException': sleep interrupted> (0x00000007be8c4758) thrown at [C:\re\workspace\8-2-build-windows-amd64-cygwin\jdk8u66\5298\hotspot\src\share\vm\prims\jvm.cpp, line 3215]
Event: 20573.178 Thread 0x0000028007296000 Exception <a 'java/lang/InterruptedException': sleep interrupted> (0x00000007bc4c6310) thrown at [C:\re\workspace\8-2-build-windows-amd64-cygwin\jdk8u66\5298\hotspot\src\share\vm\prims\jvm.cpp, line 3215]
Event: 20573.264 Thread 0x0000027ff9927800 Implicit null exception at 0x0000027f80bdfdb8 to 0x0000027f80be0189
Event: 22918.880 Thread 0x0000027ff9927800 Implicit null exception at 0x0000027f8276f191 to 0x0000027f8276f2b1
Event: 22918.908 Thread 0x0000027ff9927800 Implicit null exception at 0x0000027f80ebf24f to 0x0000027f80ebffdd
Event: 22918.912 Thread 0x0000027ff9927800 Implicit null exception at 0x0000027f801981ac to 0x0000027f80198219
Event: 22918.912 Thread 0x0000027ff9927800 Implicit null exception at 0x0000027f81d32e6d to 0x0000027f81d32efd

Events (10 events):
Event: 22963.010 Executing VM operation: RevokeBias done
Event: 22963.010 Thread 0x000002800353f000 Thread exited: 0x000002800353f000
Event: 22966.009 Executing VM operation: RevokeBias
Event: 22966.009 Executing VM operation: RevokeBias done
Event: 22966.009 Thread 0x00000280090ad800 Thread exited: 0x00000280090ad800
Event: 22966.009 Thread 0x0000028005bcf000 Thread exited: 0x0000028005bcf000
Event: 22970.861 Thread 0x000002800353f000 Thread added: 0x000002800353f000
Event: 22971.008 Thread 0x0000027ffc022000 Uncommon trap: trap_request=0xffffff86 fr.pc=0x0000027f8470e3ec
Event: 22971.008 Thread 0x0000027ffc022000 DEOPT PACKING pc=0x0000027f8470e3ec sp=0x000000a342efe620
Event: 22971.008 Thread 0x0000027ffc022000 DEOPT UNPACKING pc=0x0000027f80045832 sp=0x000000a342efe5e0 mode 2


Dynamic libraries:
0x00007ff6e4800000 - 0x00007ff6e4830000 	C:\Xilinx\Vivado\2016.3\bin\unwrapped\win64.o\vivado.exe
0x00007ff833870000 - 0x00007ff833a4b000 	C:\WINDOWS\SYSTEM32\ntdll.dll
0x00007ff8333d0000 - 0x00007ff83347e000 	C:\WINDOWS\System32\KERNEL32.DLL
0x00007ff8302b0000 - 0x00007ff8304f9000 	C:\WINDOWS\System32\KERNELBASE.dll
0x00007ff823090000 - 0x00007ff8230a3000 	C:\Xilinx\Vivado\2016.3\lib\win64.o\libboost_signals.dll
0x000000000a900000 - 0x000000000a98d000 	C:\Xilinx\Vivado\2016.3\lib\win64.o\SHSMP64.dll
0x00007ff822fd0000 - 0x00007ff822fe1000 	C:\Xilinx\Vivado\2016.3\lib\win64.o\librdi_commonmain.dll
0x00007ff832f10000 - 0x00007ff83305a000 	C:\WINDOWS\System32\USER32.dll
0x00007ff804db0000 - 0x00007ff804e57000 	C:\WINDOWS\SYSTEM32\MSVCP110.dll
0x00007ffff3d70000 - 0x00007ffff4819000 	C:\Xilinx\Vivado\2016.3\lib\win64.o\librdi_common.dll
0x00007ff82fd90000 - 0x00007ff82fdae000 	C:\WINDOWS\System32\win32u.dll
0x00007ff830fc0000 - 0x00007ff830fe7000 	C:\WINDOWS\System32\GDI32.dll
0x00007ff804230000 - 0x00007ff804304000 	C:\WINDOWS\SYSTEM32\MSVCR110.dll
0x00007ff82fdb0000 - 0x00007ff82ff39000 	C:\WINDOWS\System32\gdi32full.dll
0x00007ff832e40000 - 0x00007ff832e48000 	C:\WINDOWS\System32\PSAPI.DLL
0x00007ff82fff0000 - 0x00007ff83008a000 	C:\WINDOWS\System32\msvcp_win.dll
0x00007ff830090000 - 0x00007ff830186000 	C:\WINDOWS\System32\ucrtbase.dll
0x00007ff830ff0000 - 0x00007ff832427000 	C:\WINDOWS\System32\SHELL32.dll
0x00007ff832920000 - 0x00007ff8329bd000 	C:\WINDOWS\System32\msvcrt.dll
0x00007ff832870000 - 0x00007ff832911000 	C:\WINDOWS\System32\ADVAPI32.dll
0x00007ff81b880000 - 0x00007ff81b8a4000 	C:\Xilinx\Vivado\2016.3\lib\win64.o\libboost_filesystem.dll
0x00007ff833370000 - 0x00007ff8333c9000 	C:\WINDOWS\System32\sechost.dll
0x00007ff833130000 - 0x00007ff833255000 	C:\WINDOWS\System32\RPCRT4.dll
0x00007ff830190000 - 0x00007ff8301d9000 	C:\WINDOWS\System32\cfgmgr32.dll
0x00007ff82c5c0000 - 0x00007ff82c5c9000 	C:\Xilinx\Vivado\2016.3\lib\win64.o\librdi_commonversion.dll
0x00007ff830ef0000 - 0x00007ff830f9a000 	C:\WINDOWS\System32\shcore.dll
0x00007ff816030000 - 0x00007ff816083000 	C:\Xilinx\Vivado\2016.3\lib\win64.o\librdi_commonxillic.dll
0x00007ff832b10000 - 0x00007ff832e09000 	C:\WINDOWS\System32\combase.dll
0x00000000668b0000 - 0x00000000669d7000 	C:\Xilinx\Vivado\2016.3\lib\win64.o\tcl85t.dll
0x00007ff833260000 - 0x00007ff8332cc000 	C:\WINDOWS\System32\WS2_32.dll
0x00007ff830240000 - 0x00007ff8302aa000 	C:\WINDOWS\System32\bcryptPrimitives.dll
0x00007ff800a70000 - 0x00007ff800dde000 	C:\Xilinx\Vivado\2016.3\lib\win64.o\libCOIN-all.dll
0x00007ff804e60000 - 0x00007ff80507f000 	C:\Xilinx\Vivado\2016.3\lib\win64.o\libXil_lmgr11.dll
0x00007ff8306d0000 - 0x00007ff830dc2000 	C:\WINDOWS\System32\windows.storage.dll
0x00007ff830de0000 - 0x00007ff830ee8000 	C:\WINDOWS\System32\COMDLG32.dll
0x00007ff832eb0000 - 0x00007ff832f01000 	C:\WINDOWS\System32\shlwapi.dll
0x00007ff82bf90000 - 0x00007ff82bfa0000 	C:\Xilinx\Vivado\2016.3\lib\win64.o\libboost_date_time.dll
0x00007ff833060000 - 0x00007ff83311f000 	C:\WINDOWS\System32\OLEAUT32.dll
0x00007ff82fd70000 - 0x00007ff82fd81000 	C:\WINDOWS\System32\kernel.appcore.dll
0x00007ff8329c0000 - 0x00007ff832b05000 	C:\WINDOWS\System32\ole32.dll
0x00007ff809110000 - 0x00007ff809216000 	C:\Xilinx\Vivado\2016.3\lib\win64.o\libboost_regex.dll
0x00007ff82fce0000 - 0x00007ff82fd2c000 	C:\WINDOWS\System32\powrprof.dll
0x00007ff8301e0000 - 0x00007ff830236000 	C:\WINDOWS\System32\WINTRUST.dll
0x00007ff82fd30000 - 0x00007ff82fd45000 	C:\WINDOWS\System32\profapi.dll
0x00007ff814e00000 - 0x00007ff814e77000 	C:\Xilinx\Vivado\2016.3\lib\win64.o\libboost_program_options.dll
0x00007ff82fd50000 - 0x00007ff82fd61000 	C:\WINDOWS\System32\MSASN1.dll
0x00007ff830500000 - 0x00007ff8306c9000 	C:\WINDOWS\System32\CRYPT32.dll
0x00007ff82b820000 - 0x00007ff82b829000 	C:\Xilinx\Vivado\2016.3\lib\win64.o\libboost_system.dll
0x00007ff8206b0000 - 0x00007ff8206cd000 	C:\Xilinx\Vivado\2016.3\lib\win64.o\libboost_thread.dll
0x00007ff814c30000 - 0x00007ff814cb0000 	C:\Xilinx\Vivado\2016.3\lib\win64.o\libhdlpsolve.dll
0x00007ff8083a0000 - 0x00007ff80843a000 	C:\Xilinx\Vivado\2016.3\lib\win64.o\libhdxml.dll
0x00007ff82a790000 - 0x00007ff82a79b000 	C:\Xilinx\Vivado\2016.3\lib\win64.o\libboost_xilinx.dll
0x00007ff81a460000 - 0x00007ff81a48a000 	C:\Xilinx\Vivado\2016.3\lib\win64.o\libisl_sysinfo.dll
0x0000000065280000 - 0x0000000065b09000 	C:\Xilinx\Vivado\2016.3\tps\win64\jre\bin\server\jvm.dll
0x00007ff81f0d0000 - 0x00007ff81f0e5000 	C:\Xilinx\Vivado\2016.3\lib\win64.o\pthreadVC2.dll
0x00007ffff72b0000 - 0x00007ffff7679000 	C:\Xilinx\Vivado\2016.3\lib\win64.o\libisl_iostreams.dll
0x00007ff81ad20000 - 0x00007ff81ad38000 	C:\Xilinx\Vivado\2016.3\lib\win64.o\librdiconfig.dll
0x00007ff819c80000 - 0x00007ff819ca3000 	C:\Xilinx\Vivado\2016.3\lib\win64.o\librdizlib.dll
0x00007ff807a60000 - 0x00007ff807b90000 	C:\Xilinx\Vivado\2016.3\lib\win64.o\librdi_curl.dll
0x00007ff823810000 - 0x00007ff823b3e000 	C:\WINDOWS\SYSTEM32\WININET.dll
0x00007ff818b70000 - 0x00007ff818c47000 	C:\WINDOWS\SYSTEM32\WINHTTP.dll
0x0000000012000000 - 0x0000000012263000 	C:\Xilinx\Vivado\2016.3\lib\win64.o\xerces-c_3_1.dll
0x00007ff826230000 - 0x00007ff8263f8000 	C:\WINDOWS\SYSTEM32\urlmon.dll
0x00007ff82a180000 - 0x00007ff82a18a000 	C:\WINDOWS\SYSTEM32\VERSION.dll
0x00007ff818560000 - 0x00007ff818577000 	C:\WINDOWS\SYSTEM32\NETAPI32.dll
0x00007ff825e40000 - 0x00007ff825ee6000 	C:\WINDOWS\WinSxS\amd64_microsoft.windows.common-controls_6595b64144ccf1df_5.82.15063.0_none_43a14f3b47f396e6\COMCTL32.dll
0x00007ff82a660000 - 0x00007ff82a669000 	C:\WINDOWS\SYSTEM32\WSOCK32.dll
0x00007ff816fb0000 - 0x00007ff816fd3000 	C:\WINDOWS\SYSTEM32\VCOMP110.DLL
0x00007ff827fd0000 - 0x00007ff827ff3000 	C:\WINDOWS\SYSTEM32\WINMM.dll
0x00007ff822dc0000 - 0x00007ff822dcb000 	C:\Xilinx\Vivado\2016.3\lib\win64.o\libboost_chrono.dll
0x00000000651a0000 - 0x0000000065272000 	C:\WINDOWS\SYSTEM32\MSVCR100.dll
0x00007ff81a860000 - 0x00007ff81a876000 	C:\Xilinx\Vivado\2016.3\lib\win64.o\libboost_iostreams.dll
0x00007ff8168a0000 - 0x00007ff8168c3000 	C:\Xilinx\Vivado\2016.3\lib\win64.o\libisl_iosutils.dll
0x00007ff825fa0000 - 0x00007ff826226000 	C:\WINDOWS\SYSTEM32\iertutil.dll
0x00007ff827e50000 - 0x00007ff827e7b000 	C:\WINDOWS\SYSTEM32\winmmbase.dll
0x00007ff82f7b0000 - 0x00007ff82f7bb000 	C:\WINDOWS\SYSTEM32\CRYPTBASE.DLL
0x00007ff832e10000 - 0x00007ff832e3d000 	C:\WINDOWS\System32\IMM32.DLL
0x00007ffff3920000 - 0x00007ffff3d6f000 	C:\Xilinx\Vivado\2016.3\lib\win64.o\librdi_commontasks.dll
0x00007ff800860000 - 0x00007ff800a66000 	C:\Xilinx\Vivado\2016.3\lib\win64.o\librdi_sio.dll
0x00007ff82f390000 - 0x00007ff82f3c7000 	C:\WINDOWS\SYSTEM32\IPHLPAPI.DLL
0x00007fffd93c0000 - 0x00007fffdb124000 	C:\Xilinx\Vivado\2016.3\lib\win64.o\librdi_tcltasks.dll
0x00007ffff80f0000 - 0x00007ffff8408000 	C:\Xilinx\Vivado\2016.3\lib\win64.o\librdi_bitstream.dll
0x00007ff808330000 - 0x00007ff808396000 	C:\Xilinx\Vivado\2016.3\lib\win64.o\librdi_boarddep.dll
0x00007ff807540000 - 0x00007ff80769e000 	C:\Xilinx\Vivado\2016.3\lib\win64.o\librdi_board.dll
0x00007ffff36e0000 - 0x00007ffff3915000 	C:\Xilinx\Vivado\2016.3\lib\win64.o\librdi_chipscope.dll
0x00007ff807830000 - 0x00007ff807913000 	C:\Xilinx\Vivado\2016.3\lib\win64.o\librdi_containers.dll
0x00007fffeb970000 - 0x00007fffecc3e000 	C:\Xilinx\Vivado\2016.3\lib\win64.o\librdi_constraints.dll
0x00007fffd6730000 - 0x00007fffd93b6000 	C:\Xilinx\Vivado\2016.3\lib\win64.o\librdi_coregen.dll
0x00007fffeb730000 - 0x00007fffeb966000 	C:\Xilinx\Vivado\2016.3\lib\win64.o\librdi_dlyest.dll
0x00007fffe1f80000 - 0x00007fffe24b6000 	C:\Xilinx\Vivado\2016.3\lib\win64.o\librdi_drc.dll
0x00007ff805eb0000 - 0x00007ff805f71000 	C:\Xilinx\Vivado\2016.3\lib\win64.o\librdi_dsp.dll
0x00007fffe1940000 - 0x00007fffe1f7d000 	C:\Xilinx\Vivado\2016.3\lib\win64.o\librdi_filemgmt.dll
0x00007fffeb4e0000 - 0x00007fffeb729000 	C:\Xilinx\Vivado\2016.3\lib\win64.o\librdi_guitools.dll
0x00007fffd2e00000 - 0x00007fffd672a000 	C:\Xilinx\Vivado\2016.3\lib\win64.o\librdi_designutils.dll
0x00007fffe2700000 - 0x00007fffe2b52000 	C:\Xilinx\Vivado\2016.3\lib\win64.o\librdi_netlist.dll
0x00007ff815ff0000 - 0x00007ff81602b000 	C:\Xilinx\Vivado\2016.3\lib\win64.o\librdi_pfi.dll
0x00007fffe0930000 - 0x00007fffe0ee7000 	C:\Xilinx\Vivado\2016.3\lib\win64.o\librdi_memdata.dll
0x00007fffd0d10000 - 0x00007fffd1327000 	C:\Xilinx\Vivado\2016.3\lib\win64.o\librdi_power.dll
0x00007fffc1200000 - 0x00007fffca136000 	C:\Xilinx\Vivado\2016.3\lib\win64.o\librdi_device.dll
0x00007fffd0850000 - 0x00007fffd0d0b000 	C:\Xilinx\Vivado\2016.3\lib\win64.o\librdi_project.dll
0x00007fffd02c0000 - 0x00007fffd0842000 	C:\Xilinx\Vivado\2016.3\lib\win64.o\librdi_psta.dll
0x00007fffe1610000 - 0x00007fffe193e000 	C:\Xilinx\Vivado\2016.3\lib\win64.o\librdi_runs.dll
0x00007fffd1330000 - 0x00007fffd2df3000 	C:\Xilinx\Vivado\2016.3\lib\win64.o\librdi_place.dll
0x00007fffcf600000 - 0x00007fffd02b2000 	C:\Xilinx\Vivado\2016.3\lib\win64.o\librdi_route.dll
0x00007ff808250000 - 0x00007ff8082ac000 	C:\Xilinx\Vivado\2016.3\lib\win64.o\librdi_runsbase.dll
0x00007fffcefd0000 - 0x00007fffcf5fa000 	C:\Xilinx\Vivado\2016.3\lib\win64.o\librdi_rsb.dll
0x00007ff801c10000 - 0x00007ff801db0000 	C:\Xilinx\Vivado\2016.3\lib\win64.o\librdi_simdata.dll
0x00007ff8074d0000 - 0x00007ff807533000 	C:\Xilinx\Vivado\2016.3\lib\win64.o\liblmx6.0.dll
0x00007fffce4a0000 - 0x00007fffcefc6000 	C:\Xilinx\Vivado\2016.3\lib\win64.o\librdi_timing.dll
0x00007ff814380000 - 0x00007ff8143b4000 	C:\Xilinx\Vivado\2016.3\lib\win64.o\libnoc_ntf_reader.dll
0x00007ff808200000 - 0x00007ff808247000 	C:\Xilinx\Vivado\2016.3\lib\win64.o\libboost_serialization.dll
0x00007ff806cd0000 - 0x00007ff806d67000 	C:\Xilinx\Vivado\2016.3\lib\win64.o\libise.dll
0x00007fffcdde0000 - 0x00007fffce494000 	C:\Xilinx\Vivado\2016.3\lib\win64.o\librdi_coregenipxact.dll
0x00007fffcd430000 - 0x00007fffcddd5000 	C:\Xilinx\Vivado\2016.3\lib\win64.o\libverific.dll
0x00007ff806ff0000 - 0x00007ff80702c000 	C:\Xilinx\Vivado\2016.3\lib\win64.o\librdi_wavedata_SimpleApi.dll
0x00007fffcd050000 - 0x00007fffcd423000 	C:\Xilinx\Vivado\2016.3\lib\win64.o\librdi_wavedata.dll
0x00007fffccb10000 - 0x00007fffcd050000 	C:\Xilinx\Vivado\2016.3\lib\win64.o\librdi_xdm.dll
0x00007ff806830000 - 0x00007ff806873000 	C:\Xilinx\Vivado\2016.3\lib\win64.o\librdi_hdf.dll
0x00007ffffa2e0000 - 0x00007ffffa4d8000 	C:\Xilinx\Vivado\2016.3\lib\win64.o\librdi_hsm.dll
0x00007ff8067e0000 - 0x00007ff80682d000 	C:\Xilinx\Vivado\2016.3\lib\win64.o\librdi_projectbase.dll
0x00007fffcc440000 - 0x00007fffccb0d000 	C:\Xilinx\Vivado\2016.3\lib\win64.o\librdi_labtools.dll
0x00007ff8170e0000 - 0x00007ff8170f9000 	C:\Xilinx\Vivado\2016.3\lib\win64.o\librdi_hmetis.dll
0x00007fffbf170000 - 0x00007fffbf72c000 	C:\Xilinx\Vivado\2016.3\lib\win64.o\librdi_abc_nomp.dll
0x00007ff805d00000 - 0x00007ff805db5000 	C:\Xilinx\Vivado\2016.3\lib\win64.o\librdi_hwh.dll
0x00007fffbf730000 - 0x00007fffc11f4000 	C:\Xilinx\Vivado\2016.3\lib\win64.o\librdi_synth.dll
0x00007fffcabe0000 - 0x00007fffcc431000 	C:\Xilinx\Vivado\2016.3\lib\win64.o\librdi_mig.dll
0x00007ff8059a0000 - 0x00007ff805a22000 	C:\Xilinx\Vivado\2016.3\lib\win64.o\librdi_simbridge_kernel.dll
0x00007fffca910000 - 0x00007fffcabd6000 	C:\Xilinx\Vivado\2016.3\lib\win64.o\librdi_ippcw.dll

VM Arguments:
jvm_args: -Dsun.java2d.pmoffscreen=false -Dsun.java2d.d3d=false -Dsun.awt.nopixfmt=true -Xverify:none -Dswing.aatext=true -XX:-UsePerfData -Djdk.map.althashing.threshold=512 -XX:StringTableSize=4072 -XX:NewSize=60m -XX:MaxNewSize=60m -Xms128m -Xmx3072m -Xss5m 
java_command: <unknown>
java_class_path (initial): C:/Xilinx/Vivado/2016.3\lib\classes\alloy.jar;C:/Xilinx/Vivado/2016.3\lib\classes\batik-anim.jar;C:/Xilinx/Vivado/2016.3\lib\classes\batik-awt-util.jar;C:/Xilinx/Vivado/2016.3\lib\classes\batik-bridge.jar;C:/Xilinx/Vivado/2016.3\lib\classes\batik-codec.jar;C:/Xilinx/Vivado/2016.3\lib\classes\batik-css.jar;C:/Xilinx/Vivado/2016.3\lib\classes\batik-dom.jar;C:/Xilinx/Vivado/2016.3\lib\classes\batik-ext.jar;C:/Xilinx/Vivado/2016.3\lib\classes\batik-gui-util.jar;C:/Xilinx/Vivado/2016.3\lib\classes\batik-gvt.jar;C:/Xilinx/Vivado/2016.3\lib\classes\batik-parser.jar;C:/Xilinx/Vivado/2016.3\lib\classes\batik-script.jar;C:/Xilinx/Vivado/2016.3\lib\classes\batik-svg-dom.jar;C:/Xilinx/Vivado/2016.3\lib\classes\batik-swing.jar;C:/Xilinx/Vivado/2016.3\lib\classes\batik-transcoder.jar;C:/Xilinx/Vivado/2016.3\lib\classes\batik-util.jar;C:/Xilinx/Vivado/2016.3\lib\classes\batik-xml.jar;C:/Xilinx/Vivado/2016.3\lib\classes\commons-math-2.2.jar;C:/Xilinx/Vivado/2016.3\lib\classes\dom4j-1.6.1.jar;C:/Xilinx/Vivado/2016.3\lib\classes\forms.jar;C:/Xilinx/Vivado/2016.3\lib\classes\guava-18.0.jar;C:/Xilinx/Vivado/2016.3\lib\classes\help.jar;C:/Xilinx/Vivado/2016.3\lib\classes\hsqldb.jar;C:/Xilinx/Vivado/2016.3\lib\classes\jh.jar;C:/Xilinx/Vivado/2016.3\lib\classes\jide-action.jar;C:/Xilinx/Vivado/2016.3\lib\classes\jide-charts.jar;C:/Xilinx/Vivado/2016.3\lib\classes\jide-common.jar;C:/Xilinx/Vivado/2016.3\lib\classes\jide-components.jar;C:/Xilinx/Vivado/2016.3\lib\classes\jide-dashboard.jar;C:/Xilinx/Vivado/2016.3\lib\classes\jide-data.jar;C:/Xilinx/Vivado/2016.3\lib\classes\jide-dialogs.jar;C:/Xilinx/Vivado/2016.3\lib\classes\jide-diff.jar;C:/Xilinx/Vivado/2016.3\lib\classes\jide-dock.jar;C:/Xilinx/Vivado/2016.3\lib\classes\jide-editor.jar;C:/Xilinx/Vivado/2016.3\lib\classes\jide-gantt.jar;C:/Xilinx/Vivado/2016.3\lib\classes\jide-grids.jar;C:/Xilinx/Vivado/2016.3\lib\classes\jide-pivot.jar;C:/Xilinx/Vivado/2016.3\lib\classes\jide-plaf-jdk7.jar;C:/Xilinx/Vivado/2
Launcher Type: generic

Environment Variables:
PATH=C:/Xilinx/Vivado/2016.3/bin;C:/Xilinx/Vivado/2016.3/lib/win64.o;C:/Xilinx/Vivado/2016.3/tps/win64/jre/bin/server;C:/Xilinx/Vivado/2016.3/tps/win64/jre/bin;C:/Xilinx/SDK/2016.3/bin;C:/Xilinx/Vivado/2016.3/ids_lite/ISE/bin/nt64;C:/Xilinx/Vivado/2016.3/ids_lite/ISE/lib/nt64;C:/Xilinx/Vivado_HLS/2016.3/bin;C:\ProgramData\Oracle\Java\javapath;C:\Program Files (x86)\Common Files\Intel\Shared Libraries\redist\ia32\mpirt;C:\Program Files (x86)\Common Files\Intel\Shared Libraries\redist\ia32\compiler;C:\Program Files (x86)\Intel\iCLS Client\;C:\Program Files\Intel\iCLS Client\;C:\Windows\system32;C:\Windows;C:\Windows\System32\Wbem;C:\Windows\System32\WindowsPowerShell\v1.0\;C:\Program Files (x86)\Intel\Intel(R) Management Engine Components\DAL;C:\Program Files\Intel\Intel(R) Management Engine Components\DAL;C:\Program Files (x86)\Intel\Intel(R) Management Engine Components\IPT;C:\Program Files\Intel\Intel(R) Management Engine Components\IPT;C:\Program Files (x86)\NVIDIA Corporation\PhysX\Common;C:\Program Files (x86)\Skype\Phone\;C:\Program Files\Java\jdk1.8.0_121\bin;C:\Program Files\Git\cmd;C:\Users\Atalville\AppData\Local\Microsoft\WindowsApps;
USERNAME=Atalville
OS=Windows_NT
PROCESSOR_IDENTIFIER=Intel64 Family 6 Model 78 Stepping 3, GenuineIntel



---------------  S Y S T E M  ---------------

OS: Windows 10.0 , 64 bit Build 15063 (10.0.15063.296)

CPU:total 4 (2 cores per cpu, 2 threads per core) family 6 model 78 stepping 3, cmov, cx8, fxsr, mmx, sse, sse2, sse3, ssse3, sse4.1, sse4.2, popcnt, avx, avx2, aes, clmul, erms, 3dnowpref, lzcnt, ht, tsc, tscinvbit, bmi1, bmi2, adx

Memory: 4k page, physical 8259484k(2406308k free), swap 11015136k(2016212k free)

vm_info: Java HotSpot(TM) 64-Bit Server VM (25.66-b18) for windows-amd64 JRE (1.8.0_66-b18), built on Nov  9 2015 10:51:13 by "java_re" with MS VC++ 10.0 (VS2010)

time: Thu Jun 01 17:08:41 2017
elapsed time: 22971 seconds (0d 6h 22m 51s)

