#-----------------------------------------------------------
# Vivado v2016.3 (64-bit)
# SW Build 1682563 on Mon Oct 10 19:07:27 MDT 2016
# IP Build 1681267 on Mon Oct 10 21:28:31 MDT 2016
# Start of session at: Mon Jun 12 16:37:09 2017
# Process ID: 5196
# Current directory: C:/College/Thesis/VivadoProjects/SHA1_sequential
# Command line: vivado.exe -gui_launcher_event rodinguilauncherevent7812 C:\College\Thesis\VivadoProjects\SHA1_sequential\SHA1_sequential.xpr
# Log file: C:/College/Thesis/VivadoProjects/SHA1_sequential/vivado.log
# Journal file: C:/College/Thesis/VivadoProjects/SHA1_sequential\vivado.jou
#-----------------------------------------------------------
start_gui
open_project C:/College/Thesis/VivadoProjects/SHA1_sequential/SHA1_sequential.xpr
Scanning sources...
Finished scanning sources
WARNING: [filemgmt 56-3] IP Output Repository Path: Could not find the directory 'C:/College/Thesis/VivadoProjects/SHA1_sequential/SHA1_sequential.cache/ip'.
INFO: [IP_Flow 19-234] Refreshing IP repositories
INFO: [IP_Flow 19-1704] No user IP repositories specified
INFO: [IP_Flow 19-2313] Loaded Vivado IP repository 'C:/Xilinx/Vivado/2016.3/data/ip'.
open_project: Time (s): cpu = 00:00:10 ; elapsed = 00:00:05 . Memory (MB): peak = 835.113 ; gain = 178.680
launch_simulation
INFO: [SIM-utils-51] Simulation object is 'sim_1'
INFO: [USF-XSim-37] Inspecting design source files for 'SHA1_tb' in fileset 'sim_1'...
INFO: [USF-XSim-97] Finding global include files...
INFO: [USF-XSim-98] Fetching design files from 'sim_1'...
INFO: [USF-XSim-2] XSim::Compile design
INFO: [USF-XSim-61] Executing 'COMPILE and ANALYZE' step in 'C:/College/Thesis/VivadoProjects/SHA1_sequential/SHA1_sequential.sim/sim_1/behav'
"xvlog -m64 --relax -prj SHA1_tb_vlog.prj"
INFO: [VRFC 10-2263] Analyzing Verilog file "C:/College/Thesis/VivadoProjects/SHA1_sequential/SHA1_sequential.srcs/sources_1/new/W0_15.v" into library xil_defaultlib
INFO: [VRFC 10-311] analyzing module SHA1
WARNING: [VRFC 10-1315] redeclaration of ansi port msg_out is not allowed [C:/College/Thesis/VivadoProjects/SHA1_sequential/SHA1_sequential.srcs/sources_1/new/W0_15.v:36]
INFO: [VRFC 10-2263] Analyzing Verilog file "C:/College/Thesis/VivadoProjects/SHA1_sequential/SHA1_sequential.srcs/sim_1/new/SHA1_tb.v" into library xil_defaultlib
INFO: [VRFC 10-311] analyzing module SHA1_tb
WARNING: [VRFC 10-1771] potential always loop found [C:/College/Thesis/VivadoProjects/SHA1_sequential/SHA1_sequential.srcs/sim_1/new/SHA1_tb.v:37]
INFO: [VRFC 10-2263] Analyzing Verilog file "C:/College/Thesis/VivadoProjects/SHA1_sequential/SHA1_sequential.sim/sim_1/behav/glbl.v" into library xil_defaultlib
INFO: [VRFC 10-311] analyzing module glbl
INFO: [USF-XSim-69] 'compile' step finished in '1' seconds
INFO: [USF-XSim-3] XSim::Elaborate design
INFO: [USF-XSim-61] Executing 'ELABORATE' step in 'C:/College/Thesis/VivadoProjects/SHA1_sequential/SHA1_sequential.sim/sim_1/behav'
Vivado Simulator 2016.3
Copyright 1986-1999, 2001-2016 Xilinx, Inc. All Rights Reserved.
Running: C:/Xilinx/Vivado/2016.3/bin/unwrapped/win64.o/xelab.exe -wto e8fc1bf5ec864d1dbc5eda95ca33f688 --debug typical --relax --mt 2 -L xil_defaultlib -L unisims_ver -L unimacro_ver -L secureip --snapshot SHA1_tb_behav xil_defaultlib.SHA1_tb xil_defaultlib.glbl -log elaborate.log 
Using 2 slave threads.
Starting static elaboration
Completed static elaboration
Starting simulation data flow analysis
Completed simulation data flow analysis
Time Resolution for simulation is 1ps
Compiling module xil_defaultlib.SHA1
Compiling module xil_defaultlib.SHA1_tb
Compiling module xil_defaultlib.glbl
Built simulation snapshot SHA1_tb_behav

****** Webtalk v2016.3 (64-bit)
  **** SW Build 1682563 on Mon Oct 10 19:07:27 MDT 2016
  **** IP Build 1681267 on Mon Oct 10 21:28:31 MDT 2016
    ** Copyright 1986-2016 Xilinx, Inc. All Rights Reserved.

source C:/College/Thesis/VivadoProjects/SHA1_sequential/SHA1_sequential.sim/sim_1/behav/xsim.dir/SHA1_tb_behav/webtalk/xsim_webtalk.tcl -notrace
INFO: [Common 17-186] 'C:/College/Thesis/VivadoProjects/SHA1_sequential/SHA1_sequential.sim/sim_1/behav/xsim.dir/SHA1_tb_behav/webtalk/usage_statistics_ext_xsim.xml' has been successfully sent to Xilinx on Mon Jun 12 16:37:58 2017. For additional details about this file, please refer to the WebTalk help file at C:/Xilinx/Vivado/2016.3/doc/webtalk_introduction.html.
INFO: [Common 17-206] Exiting Webtalk at Mon Jun 12 16:37:58 2017...
INFO: [USF-XSim-69] 'elaborate' step finished in '2' seconds
INFO: [USF-XSim-4] XSim::Simulate design
INFO: [USF-XSim-61] Executing 'SIMULATE' step in 'C:/College/Thesis/VivadoProjects/SHA1_sequential/SHA1_sequential.sim/sim_1/behav'
INFO: [USF-XSim-98] *** Running xsim
   with args "SHA1_tb_behav -key {Behavioral:sim_1:Functional:SHA1_tb} -tclbatch {SHA1_tb.tcl} -log {simulate.log}"
INFO: [USF-XSim-8] Loading simulator feature
Vivado Simulator 2016.3
Time resolution is 1 ps
source SHA1_tb.tcl
# set curr_wave [current_wave_config]
# if { [string length $curr_wave] == 0 } {
#   if { [llength [get_objects]] > 0} {
#     add_wave /
#     set_property needs_save false [current_wave_config]
#   } else {
#      send_msg_id Add_Wave-1 WARNING "No top level signals found. Simulator will start without a wave window. If you want to open a wave window go to 'File->New Waveform Configuration' or type 'create_wave_config' in the TCL console."
#   }
# }
# run 1000ns
INFO: [Common 17-41] Interrupt caught. Command should exit soon.
run: Time (s): cpu = 00:00:55 ; elapsed = 00:00:52 . Memory (MB): peak = 856.027 ; gain = 0.000
INFO: [Common 17-344] 'run' was cancelled
INFO: [Common 17-344] 'source' was cancelled
xsim: Time (s): cpu = 00:00:59 ; elapsed = 00:00:54 . Memory (MB): peak = 856.027 ; gain = 16.703
INFO: [Common 17-344] 'xsim' was cancelled
INFO: [Vivado 12-4707] 'simulate' step aborted
launch_simulation: Time (s): cpu = 00:01:01 ; elapsed = 00:00:59 . Memory (MB): peak = 856.027 ; gain = 16.703
INFO: [Common 17-344] 'launch_simulation' was cancelled
close_sim
INFO: [Simtcl 6-16] Simulation closed
launch_simulation
INFO: [SIM-utils-51] Simulation object is 'sim_1'
INFO: [USF-XSim-37] Inspecting design source files for 'SHA1_tb' in fileset 'sim_1'...
INFO: [USF-XSim-97] Finding global include files...
INFO: [USF-XSim-98] Fetching design files from 'sim_1'...
INFO: [USF-XSim-2] XSim::Compile design
INFO: [USF-XSim-61] Executing 'COMPILE and ANALYZE' step in 'C:/College/Thesis/VivadoProjects/SHA1_sequential/SHA1_sequential.sim/sim_1/behav'
"xvlog -m64 --relax -prj SHA1_tb_vlog.prj"
INFO: [VRFC 10-2263] Analyzing Verilog file "C:/College/Thesis/VivadoProjects/SHA1_sequential/SHA1_sequential.srcs/sources_1/new/W0_15.v" into library xil_defaultlib
INFO: [VRFC 10-311] analyzing module SHA1
WARNING: [VRFC 10-1315] redeclaration of ansi port msg_out is not allowed [C:/College/Thesis/VivadoProjects/SHA1_sequential/SHA1_sequential.srcs/sources_1/new/W0_15.v:36]
INFO: [VRFC 10-2263] Analyzing Verilog file "C:/College/Thesis/VivadoProjects/SHA1_sequential/SHA1_sequential.srcs/sim_1/new/SHA1_tb.v" into library xil_defaultlib
INFO: [VRFC 10-311] analyzing module SHA1_tb
WARNING: [VRFC 10-1771] potential always loop found [C:/College/Thesis/VivadoProjects/SHA1_sequential/SHA1_sequential.srcs/sim_1/new/SHA1_tb.v:41]
INFO: [VRFC 10-2263] Analyzing Verilog file "C:/College/Thesis/VivadoProjects/SHA1_sequential/SHA1_sequential.sim/sim_1/behav/glbl.v" into library xil_defaultlib
INFO: [VRFC 10-311] analyzing module glbl
INFO: [USF-XSim-69] 'compile' step finished in '1' seconds
INFO: [USF-XSim-3] XSim::Elaborate design
INFO: [USF-XSim-61] Executing 'ELABORATE' step in 'C:/College/Thesis/VivadoProjects/SHA1_sequential/SHA1_sequential.sim/sim_1/behav'
Vivado Simulator 2016.3
Copyright 1986-1999, 2001-2016 Xilinx, Inc. All Rights Reserved.
Running: C:/Xilinx/Vivado/2016.3/bin/unwrapped/win64.o/xelab.exe -wto e8fc1bf5ec864d1dbc5eda95ca33f688 --debug typical --relax --mt 2 -L xil_defaultlib -L unisims_ver -L unimacro_ver -L secureip --snapshot SHA1_tb_behav xil_defaultlib.SHA1_tb xil_defaultlib.glbl -log elaborate.log 
Using 2 slave threads.
Starting static elaboration
Completed static elaboration
Starting simulation data flow analysis
Completed simulation data flow analysis
Time Resolution for simulation is 1ps
Compiling module xil_defaultlib.SHA1
Compiling module xil_defaultlib.SHA1_tb
Compiling module xil_defaultlib.glbl
Built simulation snapshot SHA1_tb_behav

****** Webtalk v2016.3 (64-bit)
  **** SW Build 1682563 on Mon Oct 10 19:07:27 MDT 2016
  **** IP Build 1681267 on Mon Oct 10 21:28:31 MDT 2016
    ** Copyright 1986-2016 Xilinx, Inc. All Rights Reserved.

source C:/College/Thesis/VivadoProjects/SHA1_sequential/SHA1_sequential.sim/sim_1/behav/xsim.dir/SHA1_tb_behav/webtalk/xsim_webtalk.tcl -notrace
INFO: [Common 17-186] 'C:/College/Thesis/VivadoProjects/SHA1_sequential/SHA1_sequential.sim/sim_1/behav/xsim.dir/SHA1_tb_behav/webtalk/usage_statistics_ext_xsim.xml' has been successfully sent to Xilinx on Mon Jun 12 16:40:50 2017. For additional details about this file, please refer to the WebTalk help file at C:/Xilinx/Vivado/2016.3/doc/webtalk_introduction.html.
INFO: [Common 17-206] Exiting Webtalk at Mon Jun 12 16:40:50 2017...
INFO: [USF-XSim-69] 'elaborate' step finished in '3' seconds
INFO: [USF-XSim-4] XSim::Simulate design
INFO: [USF-XSim-61] Executing 'SIMULATE' step in 'C:/College/Thesis/VivadoProjects/SHA1_sequential/SHA1_sequential.sim/sim_1/behav'
INFO: [USF-XSim-98] *** Running xsim
   with args "SHA1_tb_behav -key {Behavioral:sim_1:Functional:SHA1_tb} -tclbatch {SHA1_tb.tcl} -log {simulate.log}"
INFO: [USF-XSim-8] Loading simulator feature
Vivado Simulator 2016.3
Time resolution is 1 ps
source SHA1_tb.tcl
# set curr_wave [current_wave_config]
# if { [string length $curr_wave] == 0 } {
#   if { [llength [get_objects]] > 0} {
#     add_wave /
#     set_property needs_save false [current_wave_config]
#   } else {
#      send_msg_id Add_Wave-1 WARNING "No top level signals found. Simulator will start without a wave window. If you want to open a wave window go to 'File->New Waveform Configuration' or type 'create_wave_config' in the TCL console."
#   }
# }
# run 1000ns
INFO: [Common 17-41] Interrupt caught. Command should exit soon.
run: Time (s): cpu = 00:00:51 ; elapsed = 00:00:52 . Memory (MB): peak = 856.027 ; gain = 0.000
INFO: [Common 17-344] 'run' was cancelled
INFO: [Common 17-344] 'source' was cancelled
xsim: Time (s): cpu = 00:00:52 ; elapsed = 00:00:53 . Memory (MB): peak = 856.027 ; gain = 0.000
INFO: [Common 17-344] 'xsim' was cancelled
INFO: [Vivado 12-4707] 'simulate' step aborted
launch_simulation: Time (s): cpu = 00:00:53 ; elapsed = 00:00:58 . Memory (MB): peak = 856.027 ; gain = 0.000
INFO: [Common 17-344] 'launch_simulation' was cancelled
close_sim
INFO: [Simtcl 6-16] Simulation closed
launch_simulation
INFO: [SIM-utils-51] Simulation object is 'sim_1'
INFO: [USF-XSim-37] Inspecting design source files for 'SHA1_tb' in fileset 'sim_1'...
INFO: [USF-XSim-97] Finding global include files...
INFO: [USF-XSim-98] Fetching design files from 'sim_1'...
INFO: [USF-XSim-2] XSim::Compile design
INFO: [USF-XSim-61] Executing 'COMPILE and ANALYZE' step in 'C:/College/Thesis/VivadoProjects/SHA1_sequential/SHA1_sequential.sim/sim_1/behav'
"xvlog -m64 --relax -prj SHA1_tb_vlog.prj"
INFO: [VRFC 10-2263] Analyzing Verilog file "C:/College/Thesis/VivadoProjects/SHA1_sequential/SHA1_sequential.srcs/sources_1/new/W0_15.v" into library xil_defaultlib
INFO: [VRFC 10-311] analyzing module SHA1
WARNING: [VRFC 10-1315] redeclaration of ansi port msg_out is not allowed [C:/College/Thesis/VivadoProjects/SHA1_sequential/SHA1_sequential.srcs/sources_1/new/W0_15.v:36]
INFO: [VRFC 10-2263] Analyzing Verilog file "C:/College/Thesis/VivadoProjects/SHA1_sequential/SHA1_sequential.srcs/sim_1/new/SHA1_tb.v" into library xil_defaultlib
INFO: [VRFC 10-311] analyzing module SHA1_tb
WARNING: [VRFC 10-1771] potential always loop found [C:/College/Thesis/VivadoProjects/SHA1_sequential/SHA1_sequential.srcs/sim_1/new/SHA1_tb.v:41]
INFO: [VRFC 10-2263] Analyzing Verilog file "C:/College/Thesis/VivadoProjects/SHA1_sequential/SHA1_sequential.sim/sim_1/behav/glbl.v" into library xil_defaultlib
INFO: [VRFC 10-311] analyzing module glbl
INFO: [USF-XSim-69] 'compile' step finished in '1' seconds
INFO: [USF-XSim-3] XSim::Elaborate design
INFO: [USF-XSim-61] Executing 'ELABORATE' step in 'C:/College/Thesis/VivadoProjects/SHA1_sequential/SHA1_sequential.sim/sim_1/behav'
Vivado Simulator 2016.3
Copyright 1986-1999, 2001-2016 Xilinx, Inc. All Rights Reserved.
Running: C:/Xilinx/Vivado/2016.3/bin/unwrapped/win64.o/xelab.exe -wto e8fc1bf5ec864d1dbc5eda95ca33f688 --debug typical --relax --mt 2 -L xil_defaultlib -L unisims_ver -L unimacro_ver -L secureip --snapshot SHA1_tb_behav xil_defaultlib.SHA1_tb xil_defaultlib.glbl -log elaborate.log 
Using 2 slave threads.
Starting static elaboration
Completed static elaboration
Starting simulation data flow analysis
Completed simulation data flow analysis
Time Resolution for simulation is 1ps
Compiling module xil_defaultlib.SHA1
Compiling module xil_defaultlib.SHA1_tb
Compiling module xil_defaultlib.glbl
Built simulation snapshot SHA1_tb_behav

****** Webtalk v2016.3 (64-bit)
  **** SW Build 1682563 on Mon Oct 10 19:07:27 MDT 2016
  **** IP Build 1681267 on Mon Oct 10 21:28:31 MDT 2016
    ** Copyright 1986-2016 Xilinx, Inc. All Rights Reserved.

source C:/College/Thesis/VivadoProjects/SHA1_sequential/SHA1_sequential.sim/sim_1/behav/xsim.dir/SHA1_tb_behav/webtalk/xsim_webtalk.tcl -notrace
INFO: [Common 17-186] 'C:/College/Thesis/VivadoProjects/SHA1_sequential/SHA1_sequential.sim/sim_1/behav/xsim.dir/SHA1_tb_behav/webtalk/usage_statistics_ext_xsim.xml' has been successfully sent to Xilinx on Mon Jun 12 16:42:19 2017. For additional details about this file, please refer to the WebTalk help file at C:/Xilinx/Vivado/2016.3/doc/webtalk_introduction.html.
INFO: [Common 17-206] Exiting Webtalk at Mon Jun 12 16:42:19 2017...
INFO: [USF-XSim-69] 'elaborate' step finished in '3' seconds
INFO: [USF-XSim-4] XSim::Simulate design
INFO: [USF-XSim-61] Executing 'SIMULATE' step in 'C:/College/Thesis/VivadoProjects/SHA1_sequential/SHA1_sequential.sim/sim_1/behav'
INFO: [USF-XSim-98] *** Running xsim
   with args "SHA1_tb_behav -key {Behavioral:sim_1:Functional:SHA1_tb} -tclbatch {SHA1_tb.tcl} -log {simulate.log}"
INFO: [USF-XSim-8] Loading simulator feature
Vivado Simulator 2016.3
Time resolution is 1 ps
source SHA1_tb.tcl
# set curr_wave [current_wave_config]
# if { [string length $curr_wave] == 0 } {
#   if { [llength [get_objects]] > 0} {
#     add_wave /
#     set_property needs_save false [current_wave_config]
#   } else {
#      send_msg_id Add_Wave-1 WARNING "No top level signals found. Simulator will start without a wave window. If you want to open a wave window go to 'File->New Waveform Configuration' or type 'create_wave_config' in the TCL console."
#   }
# }
# run 1000ns
INFO: [Common 17-41] Interrupt caught. Command should exit soon.
run: Time (s): cpu = 00:00:32 ; elapsed = 00:00:34 . Memory (MB): peak = 865.512 ; gain = 0.000
INFO: [Common 17-344] 'run' was cancelled
INFO: [Common 17-344] 'source' was cancelled
xsim: Time (s): cpu = 00:00:33 ; elapsed = 00:00:35 . Memory (MB): peak = 865.512 ; gain = 0.000
INFO: [Common 17-344] 'xsim' was cancelled
INFO: [Vivado 12-4707] 'simulate' step aborted
launch_simulation: Time (s): cpu = 00:00:35 ; elapsed = 00:00:39 . Memory (MB): peak = 865.512 ; gain = 0.000
INFO: [Common 17-344] 'launch_simulation' was cancelled
close_sim
INFO: [Simtcl 6-16] Simulation closed
launch_simulation
INFO: [SIM-utils-51] Simulation object is 'sim_1'
INFO: [USF-XSim-37] Inspecting design source files for 'SHA1_tb' in fileset 'sim_1'...
INFO: [USF-XSim-97] Finding global include files...
INFO: [USF-XSim-98] Fetching design files from 'sim_1'...
INFO: [USF-XSim-2] XSim::Compile design
INFO: [USF-XSim-61] Executing 'COMPILE and ANALYZE' step in 'C:/College/Thesis/VivadoProjects/SHA1_sequential/SHA1_sequential.sim/sim_1/behav'
"xvlog -m64 --relax -prj SHA1_tb_vlog.prj"
INFO: [VRFC 10-2263] Analyzing Verilog file "C:/College/Thesis/VivadoProjects/SHA1_sequential/SHA1_sequential.srcs/sim_1/new/SHA1_tb.v" into library xil_defaultlib
INFO: [VRFC 10-311] analyzing module SHA1_tb
WARNING: [VRFC 10-1771] potential always loop found [C:/College/Thesis/VivadoProjects/SHA1_sequential/SHA1_sequential.srcs/sim_1/new/SHA1_tb.v:41]
INFO: [VRFC 10-2263] Analyzing Verilog file "C:/College/Thesis/VivadoProjects/SHA1_sequential/SHA1_sequential.sim/sim_1/behav/glbl.v" into library xil_defaultlib
INFO: [VRFC 10-311] analyzing module glbl
INFO: [USF-XSim-69] 'compile' step finished in '1' seconds
INFO: [USF-XSim-3] XSim::Elaborate design
INFO: [USF-XSim-61] Executing 'ELABORATE' step in 'C:/College/Thesis/VivadoProjects/SHA1_sequential/SHA1_sequential.sim/sim_1/behav'
Vivado Simulator 2016.3
Copyright 1986-1999, 2001-2016 Xilinx, Inc. All Rights Reserved.
Running: C:/Xilinx/Vivado/2016.3/bin/unwrapped/win64.o/xelab.exe -wto e8fc1bf5ec864d1dbc5eda95ca33f688 --debug typical --relax --mt 2 -L xil_defaultlib -L unisims_ver -L unimacro_ver -L secureip --snapshot SHA1_tb_behav xil_defaultlib.SHA1_tb xil_defaultlib.glbl -log elaborate.log 
Using 2 slave threads.
Starting static elaboration
Completed static elaboration
Starting simulation data flow analysis
Completed simulation data flow analysis
Time Resolution for simulation is 1ps
Compiling module xil_defaultlib.SHA1_tb
Compiling module xil_defaultlib.glbl
Built simulation snapshot SHA1_tb_behav

****** Webtalk v2016.3 (64-bit)
  **** SW Build 1682563 on Mon Oct 10 19:07:27 MDT 2016
  **** IP Build 1681267 on Mon Oct 10 21:28:31 MDT 2016
    ** Copyright 1986-2016 Xilinx, Inc. All Rights Reserved.

source C:/College/Thesis/VivadoProjects/SHA1_sequential/SHA1_sequential.sim/sim_1/behav/xsim.dir/SHA1_tb_behav/webtalk/xsim_webtalk.tcl -notrace
INFO: [Common 17-186] 'C:/College/Thesis/VivadoProjects/SHA1_sequential/SHA1_sequential.sim/sim_1/behav/xsim.dir/SHA1_tb_behav/webtalk/usage_statistics_ext_xsim.xml' has been successfully sent to Xilinx on Mon Jun 12 16:43:20 2017. For additional details about this file, please refer to the WebTalk help file at C:/Xilinx/Vivado/2016.3/doc/webtalk_introduction.html.
INFO: [Common 17-206] Exiting Webtalk at Mon Jun 12 16:43:20 2017...
INFO: [USF-XSim-69] 'elaborate' step finished in '3' seconds
INFO: [USF-XSim-4] XSim::Simulate design
INFO: [USF-XSim-61] Executing 'SIMULATE' step in 'C:/College/Thesis/VivadoProjects/SHA1_sequential/SHA1_sequential.sim/sim_1/behav'
INFO: [USF-XSim-98] *** Running xsim
   with args "SHA1_tb_behav -key {Behavioral:sim_1:Functional:SHA1_tb} -tclbatch {SHA1_tb.tcl} -log {simulate.log}"
INFO: [USF-XSim-8] Loading simulator feature
Vivado Simulator 2016.3
Time resolution is 1 ps
source SHA1_tb.tcl
# set curr_wave [current_wave_config]
# if { [string length $curr_wave] == 0 } {
#   if { [llength [get_objects]] > 0} {
#     add_wave /
#     set_property needs_save false [current_wave_config]
#   } else {
#      send_msg_id Add_Wave-1 WARNING "No top level signals found. Simulator will start without a wave window. If you want to open a wave window go to 'File->New Waveform Configuration' or type 'create_wave_config' in the TCL console."
#   }
# }
# run 1000ns
INFO: [Common 17-41] Interrupt caught. Command should exit soon.
run: Time (s): cpu = 00:00:12 ; elapsed = 00:00:12 . Memory (MB): peak = 865.512 ; gain = 0.000
INFO: [Common 17-344] 'run' was cancelled
INFO: [Common 17-344] 'source' was cancelled
xsim: Time (s): cpu = 00:00:13 ; elapsed = 00:00:13 . Memory (MB): peak = 865.512 ; gain = 0.000
INFO: [Common 17-344] 'xsim' was cancelled
INFO: [Vivado 12-4707] 'simulate' step aborted
launch_simulation: Time (s): cpu = 00:00:14 ; elapsed = 00:00:18 . Memory (MB): peak = 865.512 ; gain = 0.000
INFO: [Common 17-344] 'launch_simulation' was cancelled
close_sim
INFO: [Simtcl 6-16] Simulation closed
launch_simulation
INFO: [SIM-utils-51] Simulation object is 'sim_1'
INFO: [USF-XSim-37] Inspecting design source files for 'SHA1_tb' in fileset 'sim_1'...
INFO: [USF-XSim-97] Finding global include files...
INFO: [USF-XSim-98] Fetching design files from 'sim_1'...
INFO: [USF-XSim-2] XSim::Compile design
INFO: [USF-XSim-61] Executing 'COMPILE and ANALYZE' step in 'C:/College/Thesis/VivadoProjects/SHA1_sequential/SHA1_sequential.sim/sim_1/behav'
"xvlog -m64 --relax -prj SHA1_tb_vlog.prj"
INFO: [VRFC 10-2263] Analyzing Verilog file "C:/College/Thesis/VivadoProjects/SHA1_sequential/SHA1_sequential.srcs/sim_1/new/SHA1_tb.v" into library xil_defaultlib
INFO: [VRFC 10-311] analyzing module SHA1_tb
WARNING: [VRFC 10-1771] potential always loop found [C:/College/Thesis/VivadoProjects/SHA1_sequential/SHA1_sequential.srcs/sim_1/new/SHA1_tb.v:40]
INFO: [VRFC 10-2263] Analyzing Verilog file "C:/College/Thesis/VivadoProjects/SHA1_sequential/SHA1_sequential.sim/sim_1/behav/glbl.v" into library xil_defaultlib
INFO: [VRFC 10-311] analyzing module glbl
INFO: [USF-XSim-69] 'compile' step finished in '1' seconds
INFO: [USF-XSim-3] XSim::Elaborate design
INFO: [USF-XSim-61] Executing 'ELABORATE' step in 'C:/College/Thesis/VivadoProjects/SHA1_sequential/SHA1_sequential.sim/sim_1/behav'
Vivado Simulator 2016.3
Copyright 1986-1999, 2001-2016 Xilinx, Inc. All Rights Reserved.
Running: C:/Xilinx/Vivado/2016.3/bin/unwrapped/win64.o/xelab.exe -wto e8fc1bf5ec864d1dbc5eda95ca33f688 --debug typical --relax --mt 2 -L xil_defaultlib -L unisims_ver -L unimacro_ver -L secureip --snapshot SHA1_tb_behav xil_defaultlib.SHA1_tb xil_defaultlib.glbl -log elaborate.log 
Using 2 slave threads.
Starting static elaboration
Completed static elaboration
Starting simulation data flow analysis
Completed simulation data flow analysis
Time Resolution for simulation is 1ps
Compiling module xil_defaultlib.SHA1_tb
Compiling module xil_defaultlib.glbl
Built simulation snapshot SHA1_tb_behav

****** Webtalk v2016.3 (64-bit)
  **** SW Build 1682563 on Mon Oct 10 19:07:27 MDT 2016
  **** IP Build 1681267 on Mon Oct 10 21:28:31 MDT 2016
    ** Copyright 1986-2016 Xilinx, Inc. All Rights Reserved.

source C:/College/Thesis/VivadoProjects/SHA1_sequential/SHA1_sequential.sim/sim_1/behav/xsim.dir/SHA1_tb_behav/webtalk/xsim_webtalk.tcl -notrace
INFO: [Common 17-186] 'C:/College/Thesis/VivadoProjects/SHA1_sequential/SHA1_sequential.sim/sim_1/behav/xsim.dir/SHA1_tb_behav/webtalk/usage_statistics_ext_xsim.xml' has been successfully sent to Xilinx on Mon Jun 12 16:44:47 2017. For additional details about this file, please refer to the WebTalk help file at C:/Xilinx/Vivado/2016.3/doc/webtalk_introduction.html.
INFO: [Common 17-206] Exiting Webtalk at Mon Jun 12 16:44:47 2017...
INFO: [USF-XSim-69] 'elaborate' step finished in '3' seconds
INFO: [USF-XSim-4] XSim::Simulate design
INFO: [USF-XSim-61] Executing 'SIMULATE' step in 'C:/College/Thesis/VivadoProjects/SHA1_sequential/SHA1_sequential.sim/sim_1/behav'
INFO: [USF-XSim-98] *** Running xsim
   with args "SHA1_tb_behav -key {Behavioral:sim_1:Functional:SHA1_tb} -tclbatch {SHA1_tb.tcl} -log {simulate.log}"
INFO: [USF-XSim-8] Loading simulator feature
Vivado Simulator 2016.3
Time resolution is 1 ps
source SHA1_tb.tcl
# set curr_wave [current_wave_config]
# if { [string length $curr_wave] == 0 } {
#   if { [llength [get_objects]] > 0} {
#     add_wave /
#     set_property needs_save false [current_wave_config]
#   } else {
#      send_msg_id Add_Wave-1 WARNING "No top level signals found. Simulator will start without a wave window. If you want to open a wave window go to 'File->New Waveform Configuration' or type 'create_wave_config' in the TCL console."
#   }
# }
# run 1000ns
INFO: [Common 17-41] Interrupt caught. Command should exit soon.
run: Time (s): cpu = 00:00:48 ; elapsed = 00:00:48 . Memory (MB): peak = 865.512 ; gain = 0.000
INFO: [Common 17-344] 'run' was cancelled
INFO: [Common 17-344] 'source' was cancelled
xsim: Time (s): cpu = 00:00:49 ; elapsed = 00:00:50 . Memory (MB): peak = 865.512 ; gain = 0.000
INFO: [Common 17-344] 'xsim' was cancelled
INFO: [Vivado 12-4707] 'simulate' step aborted
launch_simulation: Time (s): cpu = 00:00:49 ; elapsed = 00:00:54 . Memory (MB): peak = 865.512 ; gain = 0.000
INFO: [Common 17-344] 'launch_simulation' was cancelled
close_sim
INFO: [Simtcl 6-16] Simulation closed
exit
INFO: [Common 17-206] Exiting Vivado at Mon Jun 12 16:45:45 2017...
