#-----------------------------------------------------------
# Vivado v2016.3 (64-bit)
# SW Build 1682563 on Mon Oct 10 19:07:27 MDT 2016
# IP Build 1681267 on Mon Oct 10 21:28:31 MDT 2016
# Start of session at: Tue Jul 11 14:50:34 2017
# Process ID: 11652
# Current directory: C:/College/Thesis/VivadoProjects/SHA1_BRAM
# Command line: vivado.exe -gui_launcher_event rodinguilauncherevent11288 C:\College\Thesis\VivadoProjects\SHA1_BRAM\SHA1_BRAM.xpr
# Log file: C:/College/Thesis/VivadoProjects/SHA1_BRAM/vivado.log
# Journal file: C:/College/Thesis/VivadoProjects/SHA1_BRAM\vivado.jou
#-----------------------------------------------------------
start_gui
open_project C:/College/Thesis/VivadoProjects/SHA1_BRAM/SHA1_BRAM.xpr
CRITICAL WARNING: [Project 1-19] Could not find the file 'C:/College/Thesis/SHA1_BRAM/tb_behav.wcfg'.
Scanning sources...
Finished scanning sources
INFO: [IP_Flow 19-234] Refreshing IP repositories
INFO: [IP_Flow 19-1704] No user IP repositories specified
INFO: [IP_Flow 19-2313] Loaded Vivado IP repository 'C:/Xilinx/Vivado/2016.3/data/ip'.
open_project: Time (s): cpu = 00:00:15 ; elapsed = 00:00:13 . Memory (MB): peak = 782.395 ; gain = 148.387
reset_run synth_1
launch_runs synth_1 -jobs 2
INFO: [HDL 9-2216] Analyzing Verilog file "C:/College/Thesis/VivadoProjects/SHA1_BRAM/SHA1_BRAM.srcs/sources_1/new/core_logic.v" into library work [C:/College/Thesis/VivadoProjects/SHA1_BRAM/SHA1_BRAM.srcs/sources_1/new/core_logic.v:1]
[Tue Jul 11 14:52:14 2017] Launched synth_1...
Run output will be captured here: C:/College/Thesis/VivadoProjects/SHA1_BRAM/SHA1_BRAM.runs/synth_1/runme.log
launch_simulation
INFO: [Vivado 12-4795] Using compiled simulation libraries for IPs
INFO: [SIM-utils-51] Simulation object is 'sim_1'
INFO: [USF-XSim-7] Finding pre-compiled libraries...
INFO: [USF-XSim-11] File 'C:/Xilinx/Vivado/2016.3/data/xsim/ip/xsim_ip.ini' copied to run dir:'C:/College/Thesis/VivadoProjects/SHA1_BRAM/SHA1_BRAM.sim/sim_1/behav'
INFO: [USF-XSim-37] Inspecting design source files for 'tb' in fileset 'sim_1'...
INFO: [SIM-utils-43] Exported 'C:/College/Thesis/VivadoProjects/SHA1_BRAM/SHA1_BRAM.sim/sim_1/behav/blk_mem_gen_0.mif'
INFO: [SIM-utils-43] Exported 'C:/College/Thesis/VivadoProjects/SHA1_BRAM/SHA1_BRAM.sim/sim_1/behav/Init.coe'
INFO: [USF-XSim-97] Finding global include files...
INFO: [USF-XSim-98] Fetching design files from 'sim_1'...
INFO: [USF-XSim-2] XSim::Compile design
INFO: [USF-XSim-61] Executing 'COMPILE and ANALYZE' step in 'C:/College/Thesis/VivadoProjects/SHA1_BRAM/SHA1_BRAM.sim/sim_1/behav'
"xvlog -m64 --relax -prj tb_vlog.prj"
INFO: [VRFC 10-2263] Analyzing Verilog file "C:/College/Thesis/VivadoProjects/SHA1_BRAM/SHA1_BRAM.srcs/sources_1/ip/blk_mem_gen_0/sim/blk_mem_gen_0.v" into library xil_defaultlib
INFO: [VRFC 10-311] analyzing module blk_mem_gen_0
INFO: [VRFC 10-2263] Analyzing Verilog file "C:/College/Thesis/VivadoProjects/SHA1_BRAM/SHA1_BRAM.srcs/sources_1/new/counter.v" into library xil_defaultlib
INFO: [VRFC 10-311] analyzing module counter
INFO: [VRFC 10-2263] Analyzing Verilog file "C:/College/Thesis/VivadoProjects/SHA1_BRAM/SHA1_BRAM.srcs/sources_1/new/core_logic.v" into library xil_defaultlib
INFO: [VRFC 10-311] analyzing module core_logic
INFO: [VRFC 10-2263] Analyzing Verilog file "C:/College/Thesis/VivadoProjects/SHA1_BRAM/SHA1_BRAM.srcs/sources_1/new/HashIn.v" into library xil_defaultlib
INFO: [VRFC 10-311] analyzing module HashMsgIn
INFO: [VRFC 10-2263] Analyzing Verilog file "C:/College/Thesis/VivadoProjects/SHA1_BRAM/SHA1_BRAM.srcs/sources_1/new/top.v" into library xil_defaultlib
INFO: [VRFC 10-311] analyzing module top
WARNING: [VRFC 10-1315] redeclaration of ansi port digestDone is not allowed [C:/College/Thesis/VivadoProjects/SHA1_BRAM/SHA1_BRAM.srcs/sources_1/new/top.v:37]
WARNING: [VRFC 10-1315] redeclaration of ansi port digest is not allowed [C:/College/Thesis/VivadoProjects/SHA1_BRAM/SHA1_BRAM.srcs/sources_1/new/top.v:38]
INFO: [VRFC 10-2263] Analyzing Verilog file "C:/College/Thesis/VivadoProjects/SHA1_BRAM/SHA1_BRAM.srcs/sim_1/new/tb.v" into library xil_defaultlib
INFO: [VRFC 10-311] analyzing module tb
INFO: [VRFC 10-2263] Analyzing Verilog file "C:/College/Thesis/VivadoProjects/SHA1_BRAM/SHA1_BRAM.sim/sim_1/behav/glbl.v" into library xil_defaultlib
INFO: [VRFC 10-311] analyzing module glbl
INFO: [USF-XSim-69] 'compile' step finished in '1' seconds
INFO: [USF-XSim-3] XSim::Elaborate design
INFO: [USF-XSim-61] Executing 'ELABORATE' step in 'C:/College/Thesis/VivadoProjects/SHA1_BRAM/SHA1_BRAM.sim/sim_1/behav'
Vivado Simulator 2016.3
Copyright 1986-1999, 2001-2016 Xilinx, Inc. All Rights Reserved.
Running: C:/Xilinx/Vivado/2016.3/bin/unwrapped/win64.o/xelab.exe -wto 3aadec31b4bc4a6b9575b40fb5bc3d17 --debug typical --relax --mt 2 -L blk_mem_gen_v8_3_4 -L xil_defaultlib -L unisims_ver -L unimacro_ver -L secureip -L xpm --snapshot tb_behav xil_defaultlib.tb xil_defaultlib.glbl -log elaborate.log 
Using 2 slave threads.
Starting static elaboration
WARNING: [VRFC 10-278] actual bit length 32 differs from formal bit length 1 for port wea [C:/College/Thesis/VivadoProjects/SHA1_BRAM/SHA1_BRAM.srcs/sources_1/new/top.v:40]
WARNING: [VRFC 10-1783] select index 62 into current_contents is out of bounds [/wrk/2016.3/nightly/2016_10_10_1682563/packages/customer/vivado/data/ip/xilinx/blk_mem_gen_v8_3/simulation/blk_mem_gen_v8_3.v:2415]
Completed static elaboration
Starting simulation data flow analysis
Completed simulation data flow analysis
Time Resolution for simulation is 1ps
Compiling module xil_defaultlib.counter
Compiling module blk_mem_gen_v8_3_4.blk_mem_gen_v8_3_4_output_stage(...
Compiling module blk_mem_gen_v8_3_4.blk_mem_gen_v8_3_4_output_stage(...
Compiling module blk_mem_gen_v8_3_4.blk_mem_gen_v8_3_4_softecc_outpu...
Compiling module blk_mem_gen_v8_3_4.blk_mem_gen_v8_3_4_mem_module(C_...
Compiling module blk_mem_gen_v8_3_4.blk_mem_gen_v8_3_4(C_FAMILY="art...
Compiling module xil_defaultlib.blk_mem_gen_0
Compiling module xil_defaultlib.HashMsgIn
Compiling module xil_defaultlib.core_logic
Compiling module xil_defaultlib.top
Compiling module xil_defaultlib.tb
Compiling module xil_defaultlib.glbl
Built simulation snapshot tb_behav

****** Webtalk v2016.3 (64-bit)
  **** SW Build 1682563 on Mon Oct 10 19:07:27 MDT 2016
  **** IP Build 1681267 on Mon Oct 10 21:28:31 MDT 2016
    ** Copyright 1986-2016 Xilinx, Inc. All Rights Reserved.

source C:/College/Thesis/VivadoProjects/SHA1_BRAM/SHA1_BRAM.sim/sim_1/behav/xsim.dir/tb_behav/webtalk/xsim_webtalk.tcl -notrace
INFO: [Common 17-186] 'C:/College/Thesis/VivadoProjects/SHA1_BRAM/SHA1_BRAM.sim/sim_1/behav/xsim.dir/tb_behav/webtalk/usage_statistics_ext_xsim.xml' has been successfully sent to Xilinx on Tue Jul 11 14:55:18 2017. For additional details about this file, please refer to the WebTalk help file at C:/Xilinx/Vivado/2016.3/doc/webtalk_introduction.html.
INFO: [Common 17-206] Exiting Webtalk at Tue Jul 11 14:55:18 2017...
run_program: Time (s): cpu = 00:00:01 ; elapsed = 00:00:08 . Memory (MB): peak = 806.840 ; gain = 0.000
INFO: [USF-XSim-69] 'elaborate' step finished in '7' seconds
INFO: [USF-XSim-4] XSim::Simulate design
WARNING: [USF-XSim-17] WCFG file does not exist:C:/College/Thesis/SHA1_BRAM/tb_behav.wcfg
WARNING: [USF-XSim-17] WCFG file does not exist:C:/College/Thesis/SHA1_BRAM/tb_behav.wcfg
INFO: [USF-XSim-61] Executing 'SIMULATE' step in 'C:/College/Thesis/VivadoProjects/SHA1_BRAM/SHA1_BRAM.sim/sim_1/behav'
INFO: [USF-XSim-98] *** Running xsim
   with args "tb_behav -key {Behavioral:sim_1:Functional:tb} -tclbatch {tb.tcl} -log {simulate.log}"
INFO: [USF-XSim-8] Loading simulator feature
Vivado Simulator 2016.3
Time resolution is 1 ps
source tb.tcl
# set curr_wave [current_wave_config]
# if { [string length $curr_wave] == 0 } {
#   if { [llength [get_objects]] > 0} {
#     add_wave /
#     set_property needs_save false [current_wave_config]
#   } else {
#      send_msg_id Add_Wave-1 WARNING "No top level signals found. Simulator will start without a wave window. If you want to open a wave window go to 'File->New Waveform Configuration' or type 'create_wave_config' in the TCL console."
#   }
# }
# run 1000ns
 Block Memory Generator module loading initial data...
 Block Memory Generator data initialization complete.
Block Memory Generator module tb.T.B0.inst.native_mem_module.blk_mem_gen_v8_3_4_inst is using a behavioral model for simulation which will not precisely model memory collision behavior.
INFO: [USF-XSim-96] XSim completed. Design snapshot 'tb_behav' loaded.
INFO: [USF-XSim-97] XSim simulation ran for 1000ns
launch_simulation: Time (s): cpu = 00:00:05 ; elapsed = 00:00:12 . Memory (MB): peak = 808.543 ; gain = 1.703
close_sim
INFO: [Simtcl 6-16] Simulation closed
reset_run synth_1
launch_runs synth_1 -jobs 2
INFO: [HDL 9-2216] Analyzing Verilog file "C:/College/Thesis/VivadoProjects/SHA1_BRAM/SHA1_BRAM.srcs/sources_1/new/core_logic.v" into library work [C:/College/Thesis/VivadoProjects/SHA1_BRAM/SHA1_BRAM.srcs/sources_1/new/core_logic.v:1]
[Tue Jul 11 15:06:37 2017] Launched synth_1...
Run output will be captured here: C:/College/Thesis/VivadoProjects/SHA1_BRAM/SHA1_BRAM.runs/synth_1/runme.log
launch_simulation
INFO: [Vivado 12-4795] Using compiled simulation libraries for IPs
INFO: [SIM-utils-51] Simulation object is 'sim_1'
INFO: [USF-XSim-7] Finding pre-compiled libraries...
INFO: [USF-XSim-11] File 'C:/Xilinx/Vivado/2016.3/data/xsim/ip/xsim_ip.ini' copied to run dir:'C:/College/Thesis/VivadoProjects/SHA1_BRAM/SHA1_BRAM.sim/sim_1/behav'
INFO: [USF-XSim-37] Inspecting design source files for 'tb' in fileset 'sim_1'...
INFO: [SIM-utils-43] Exported 'C:/College/Thesis/VivadoProjects/SHA1_BRAM/SHA1_BRAM.sim/sim_1/behav/blk_mem_gen_0.mif'
INFO: [SIM-utils-43] Exported 'C:/College/Thesis/VivadoProjects/SHA1_BRAM/SHA1_BRAM.sim/sim_1/behav/Init.coe'
INFO: [USF-XSim-97] Finding global include files...
INFO: [USF-XSim-98] Fetching design files from 'sim_1'...
INFO: [USF-XSim-2] XSim::Compile design
INFO: [USF-XSim-61] Executing 'COMPILE and ANALYZE' step in 'C:/College/Thesis/VivadoProjects/SHA1_BRAM/SHA1_BRAM.sim/sim_1/behav'
"xvlog -m64 --relax -prj tb_vlog.prj"
INFO: [VRFC 10-2263] Analyzing Verilog file "C:/College/Thesis/VivadoProjects/SHA1_BRAM/SHA1_BRAM.srcs/sources_1/ip/blk_mem_gen_0/sim/blk_mem_gen_0.v" into library xil_defaultlib
INFO: [VRFC 10-311] analyzing module blk_mem_gen_0
INFO: [VRFC 10-2263] Analyzing Verilog file "C:/College/Thesis/VivadoProjects/SHA1_BRAM/SHA1_BRAM.srcs/sources_1/new/counter.v" into library xil_defaultlib
INFO: [VRFC 10-311] analyzing module counter
INFO: [VRFC 10-2263] Analyzing Verilog file "C:/College/Thesis/VivadoProjects/SHA1_BRAM/SHA1_BRAM.srcs/sources_1/new/core_logic.v" into library xil_defaultlib
INFO: [VRFC 10-311] analyzing module core_logic
INFO: [VRFC 10-2263] Analyzing Verilog file "C:/College/Thesis/VivadoProjects/SHA1_BRAM/SHA1_BRAM.srcs/sources_1/new/HashIn.v" into library xil_defaultlib
INFO: [VRFC 10-311] analyzing module HashMsgIn
INFO: [VRFC 10-2263] Analyzing Verilog file "C:/College/Thesis/VivadoProjects/SHA1_BRAM/SHA1_BRAM.srcs/sources_1/new/top.v" into library xil_defaultlib
INFO: [VRFC 10-311] analyzing module top
WARNING: [VRFC 10-1315] redeclaration of ansi port digestDone is not allowed [C:/College/Thesis/VivadoProjects/SHA1_BRAM/SHA1_BRAM.srcs/sources_1/new/top.v:37]
WARNING: [VRFC 10-1315] redeclaration of ansi port digest is not allowed [C:/College/Thesis/VivadoProjects/SHA1_BRAM/SHA1_BRAM.srcs/sources_1/new/top.v:38]
INFO: [VRFC 10-2263] Analyzing Verilog file "C:/College/Thesis/VivadoProjects/SHA1_BRAM/SHA1_BRAM.srcs/sim_1/new/tb.v" into library xil_defaultlib
INFO: [VRFC 10-311] analyzing module tb
INFO: [VRFC 10-2263] Analyzing Verilog file "C:/College/Thesis/VivadoProjects/SHA1_BRAM/SHA1_BRAM.sim/sim_1/behav/glbl.v" into library xil_defaultlib
INFO: [VRFC 10-311] analyzing module glbl
INFO: [USF-XSim-69] 'compile' step finished in '1' seconds
INFO: [USF-XSim-3] XSim::Elaborate design
INFO: [USF-XSim-61] Executing 'ELABORATE' step in 'C:/College/Thesis/VivadoProjects/SHA1_BRAM/SHA1_BRAM.sim/sim_1/behav'
Vivado Simulator 2016.3
Copyright 1986-1999, 2001-2016 Xilinx, Inc. All Rights Reserved.
Running: C:/Xilinx/Vivado/2016.3/bin/unwrapped/win64.o/xelab.exe -wto 3aadec31b4bc4a6b9575b40fb5bc3d17 --debug typical --relax --mt 2 -L blk_mem_gen_v8_3_4 -L xil_defaultlib -L unisims_ver -L unimacro_ver -L secureip -L xpm --snapshot tb_behav xil_defaultlib.tb xil_defaultlib.glbl -log elaborate.log 
Using 2 slave threads.
Starting static elaboration
WARNING: [VRFC 10-278] actual bit length 32 differs from formal bit length 1 for port wea [C:/College/Thesis/VivadoProjects/SHA1_BRAM/SHA1_BRAM.srcs/sources_1/new/top.v:40]
WARNING: [VRFC 10-1783] select index 62 into current_contents is out of bounds [/wrk/2016.3/nightly/2016_10_10_1682563/packages/customer/vivado/data/ip/xilinx/blk_mem_gen_v8_3/simulation/blk_mem_gen_v8_3.v:2415]
Completed static elaboration
Starting simulation data flow analysis
Completed simulation data flow analysis
Time Resolution for simulation is 1ps
Compiling module xil_defaultlib.counter
Compiling module blk_mem_gen_v8_3_4.blk_mem_gen_v8_3_4_output_stage(...
Compiling module blk_mem_gen_v8_3_4.blk_mem_gen_v8_3_4_output_stage(...
Compiling module blk_mem_gen_v8_3_4.blk_mem_gen_v8_3_4_softecc_outpu...
Compiling module blk_mem_gen_v8_3_4.blk_mem_gen_v8_3_4_mem_module(C_...
Compiling module blk_mem_gen_v8_3_4.blk_mem_gen_v8_3_4(C_FAMILY="art...
Compiling module xil_defaultlib.blk_mem_gen_0
Compiling module xil_defaultlib.HashMsgIn
Compiling module xil_defaultlib.core_logic
Compiling module xil_defaultlib.top
Compiling module xil_defaultlib.tb
Compiling module xil_defaultlib.glbl
Built simulation snapshot tb_behav
INFO: [Common 17-41] Interrupt caught. Command should exit soon.

****** Webtalk v2016.3 (64-bit)
  **** SW Build 1682563 on Mon Oct 10 19:07:27 MDT 2016
  **** IP Build 1681267 on Mon Oct 10 21:28:31 MDT 2016
    ** Copyright 1986-2016 Xilinx, Inc. All Rights Reserved.

source C:/College/Thesis/VivadoProjects/SHA1_BRAM/SHA1_BRAM.sim/sim_1/behav/xsim.dir/tb_behav/webtalk/xsim_webtalk.tcl -notrace
INFO: [Common 17-186] 'C:/College/Thesis/VivadoProjects/SHA1_BRAM/SHA1_BRAM.sim/sim_1/behav/xsim.dir/tb_behav/webtalk/usage_statistics_ext_xsim.xml' has been successfully sent to Xilinx on Tue Jul 11 15:16:54 2017. For additional details about this file, please refer to the WebTalk help file at C:/Xilinx/Vivado/2016.3/doc/webtalk_introduction.html.
INFO: [Common 17-206] Exiting Webtalk at Tue Jul 11 15:16:54 2017...
run_program: Time (s): cpu = 00:00:00 ; elapsed = 00:00:06 . Memory (MB): peak = 865.867 ; gain = 0.000
INFO: [Common 17-344] 'run_program' was cancelled
INFO: [Vivado 12-4704] 'elaborate' step aborted
launch_simulation: Time (s): cpu = 00:00:01 ; elapsed = 00:00:08 . Memory (MB): peak = 865.867 ; gain = 0.000
INFO: [Common 17-344] 'launch_simulation' was cancelled
reset_run synth_1
launch_runs synth_1 -jobs 2
INFO: [HDL 9-2216] Analyzing Verilog file "C:/College/Thesis/VivadoProjects/SHA1_BRAM/SHA1_BRAM.srcs/sources_1/new/core_logic.v" into library work [C:/College/Thesis/VivadoProjects/SHA1_BRAM/SHA1_BRAM.srcs/sources_1/new/core_logic.v:1]
[Tue Jul 11 15:17:13 2017] Launched synth_1...
Run output will be captured here: C:/College/Thesis/VivadoProjects/SHA1_BRAM/SHA1_BRAM.runs/synth_1/runme.log
launch_simulation
INFO: [Vivado 12-4795] Using compiled simulation libraries for IPs
INFO: [SIM-utils-51] Simulation object is 'sim_1'
INFO: [USF-XSim-7] Finding pre-compiled libraries...
INFO: [USF-XSim-11] File 'C:/Xilinx/Vivado/2016.3/data/xsim/ip/xsim_ip.ini' copied to run dir:'C:/College/Thesis/VivadoProjects/SHA1_BRAM/SHA1_BRAM.sim/sim_1/behav'
INFO: [USF-XSim-37] Inspecting design source files for 'tb' in fileset 'sim_1'...
INFO: [SIM-utils-43] Exported 'C:/College/Thesis/VivadoProjects/SHA1_BRAM/SHA1_BRAM.sim/sim_1/behav/blk_mem_gen_0.mif'
INFO: [SIM-utils-43] Exported 'C:/College/Thesis/VivadoProjects/SHA1_BRAM/SHA1_BRAM.sim/sim_1/behav/Init.coe'
INFO: [USF-XSim-97] Finding global include files...
INFO: [USF-XSim-98] Fetching design files from 'sim_1'...
INFO: [USF-XSim-2] XSim::Compile design
INFO: [USF-XSim-61] Executing 'COMPILE and ANALYZE' step in 'C:/College/Thesis/VivadoProjects/SHA1_BRAM/SHA1_BRAM.sim/sim_1/behav'
"xvlog -m64 --relax -prj tb_vlog.prj"
INFO: [VRFC 10-2263] Analyzing Verilog file "C:/College/Thesis/VivadoProjects/SHA1_BRAM/SHA1_BRAM.srcs/sources_1/ip/blk_mem_gen_0/sim/blk_mem_gen_0.v" into library xil_defaultlib
INFO: [VRFC 10-311] analyzing module blk_mem_gen_0
INFO: [VRFC 10-2263] Analyzing Verilog file "C:/College/Thesis/VivadoProjects/SHA1_BRAM/SHA1_BRAM.srcs/sources_1/new/counter.v" into library xil_defaultlib
INFO: [VRFC 10-311] analyzing module counter
INFO: [VRFC 10-2263] Analyzing Verilog file "C:/College/Thesis/VivadoProjects/SHA1_BRAM/SHA1_BRAM.srcs/sources_1/new/core_logic.v" into library xil_defaultlib
INFO: [VRFC 10-311] analyzing module core_logic
INFO: [VRFC 10-2263] Analyzing Verilog file "C:/College/Thesis/VivadoProjects/SHA1_BRAM/SHA1_BRAM.srcs/sources_1/new/HashIn.v" into library xil_defaultlib
INFO: [VRFC 10-311] analyzing module HashMsgIn
INFO: [VRFC 10-2263] Analyzing Verilog file "C:/College/Thesis/VivadoProjects/SHA1_BRAM/SHA1_BRAM.srcs/sources_1/new/top.v" into library xil_defaultlib
INFO: [VRFC 10-311] analyzing module top
WARNING: [VRFC 10-1315] redeclaration of ansi port digestDone is not allowed [C:/College/Thesis/VivadoProjects/SHA1_BRAM/SHA1_BRAM.srcs/sources_1/new/top.v:37]
WARNING: [VRFC 10-1315] redeclaration of ansi port digest is not allowed [C:/College/Thesis/VivadoProjects/SHA1_BRAM/SHA1_BRAM.srcs/sources_1/new/top.v:38]
INFO: [VRFC 10-2263] Analyzing Verilog file "C:/College/Thesis/VivadoProjects/SHA1_BRAM/SHA1_BRAM.srcs/sim_1/new/tb.v" into library xil_defaultlib
INFO: [VRFC 10-311] analyzing module tb
INFO: [VRFC 10-2263] Analyzing Verilog file "C:/College/Thesis/VivadoProjects/SHA1_BRAM/SHA1_BRAM.sim/sim_1/behav/glbl.v" into library xil_defaultlib
INFO: [VRFC 10-311] analyzing module glbl
INFO: [USF-XSim-69] 'compile' step finished in '1' seconds
INFO: [USF-XSim-3] XSim::Elaborate design
INFO: [USF-XSim-61] Executing 'ELABORATE' step in 'C:/College/Thesis/VivadoProjects/SHA1_BRAM/SHA1_BRAM.sim/sim_1/behav'
Vivado Simulator 2016.3
Copyright 1986-1999, 2001-2016 Xilinx, Inc. All Rights Reserved.
Running: C:/Xilinx/Vivado/2016.3/bin/unwrapped/win64.o/xelab.exe -wto 3aadec31b4bc4a6b9575b40fb5bc3d17 --debug typical --relax --mt 2 -L blk_mem_gen_v8_3_4 -L xil_defaultlib -L unisims_ver -L unimacro_ver -L secureip -L xpm --snapshot tb_behav xil_defaultlib.tb xil_defaultlib.glbl -log elaborate.log 
Using 2 slave threads.
Starting static elaboration
WARNING: [VRFC 10-278] actual bit length 32 differs from formal bit length 1 for port wea [C:/College/Thesis/VivadoProjects/SHA1_BRAM/SHA1_BRAM.srcs/sources_1/new/top.v:40]
WARNING: [VRFC 10-1783] select index 62 into current_contents is out of bounds [/wrk/2016.3/nightly/2016_10_10_1682563/packages/customer/vivado/data/ip/xilinx/blk_mem_gen_v8_3/simulation/blk_mem_gen_v8_3.v:2415]
Completed static elaboration
Starting simulation data flow analysis
Completed simulation data flow analysis
Time Resolution for simulation is 1ps
Compiling module xil_defaultlib.counter
Compiling module blk_mem_gen_v8_3_4.blk_mem_gen_v8_3_4_output_stage(...
Compiling module blk_mem_gen_v8_3_4.blk_mem_gen_v8_3_4_output_stage(...
Compiling module blk_mem_gen_v8_3_4.blk_mem_gen_v8_3_4_softecc_outpu...
Compiling module blk_mem_gen_v8_3_4.blk_mem_gen_v8_3_4_mem_module(C_...
Compiling module blk_mem_gen_v8_3_4.blk_mem_gen_v8_3_4(C_FAMILY="art...
Compiling module xil_defaultlib.blk_mem_gen_0
Compiling module xil_defaultlib.HashMsgIn
Compiling module xil_defaultlib.core_logic
Compiling module xil_defaultlib.top
Compiling module xil_defaultlib.tb
Compiling module xil_defaultlib.glbl
Built simulation snapshot tb_behav

****** Webtalk v2016.3 (64-bit)
  **** SW Build 1682563 on Mon Oct 10 19:07:27 MDT 2016
  **** IP Build 1681267 on Mon Oct 10 21:28:31 MDT 2016
    ** Copyright 1986-2016 Xilinx, Inc. All Rights Reserved.

source C:/College/Thesis/VivadoProjects/SHA1_BRAM/SHA1_BRAM.sim/sim_1/behav/xsim.dir/tb_behav/webtalk/xsim_webtalk.tcl -notrace
INFO: [Common 17-186] 'C:/College/Thesis/VivadoProjects/SHA1_BRAM/SHA1_BRAM.sim/sim_1/behav/xsim.dir/tb_behav/webtalk/usage_statistics_ext_xsim.xml' has been successfully sent to Xilinx on Tue Jul 11 15:23:40 2017. For additional details about this file, please refer to the WebTalk help file at C:/Xilinx/Vivado/2016.3/doc/webtalk_introduction.html.
INFO: [Common 17-206] Exiting Webtalk at Tue Jul 11 15:23:40 2017...
run_program: Time (s): cpu = 00:00:00 ; elapsed = 00:00:06 . Memory (MB): peak = 865.867 ; gain = 0.000
INFO: [USF-XSim-69] 'elaborate' step finished in '6' seconds
INFO: [USF-XSim-4] XSim::Simulate design
WARNING: [USF-XSim-17] WCFG file does not exist:C:/College/Thesis/SHA1_BRAM/tb_behav.wcfg
WARNING: [USF-XSim-17] WCFG file does not exist:C:/College/Thesis/SHA1_BRAM/tb_behav.wcfg
INFO: [USF-XSim-61] Executing 'SIMULATE' step in 'C:/College/Thesis/VivadoProjects/SHA1_BRAM/SHA1_BRAM.sim/sim_1/behav'
INFO: [USF-XSim-98] *** Running xsim
   with args "tb_behav -key {Behavioral:sim_1:Functional:tb} -tclbatch {tb.tcl} -log {simulate.log}"
INFO: [USF-XSim-8] Loading simulator feature
Vivado Simulator 2016.3
Time resolution is 1 ps
source tb.tcl
# set curr_wave [current_wave_config]
# if { [string length $curr_wave] == 0 } {
#   if { [llength [get_objects]] > 0} {
#     add_wave /
#     set_property needs_save false [current_wave_config]
#   } else {
#      send_msg_id Add_Wave-1 WARNING "No top level signals found. Simulator will start without a wave window. If you want to open a wave window go to 'File->New Waveform Configuration' or type 'create_wave_config' in the TCL console."
#   }
# }
# run 1000ns
 Block Memory Generator module loading initial data...
 Block Memory Generator data initialization complete.
Block Memory Generator module tb.T.B0.inst.native_mem_module.blk_mem_gen_v8_3_4_inst is using a behavioral model for simulation which will not precisely model memory collision behavior.
INFO: [USF-XSim-96] XSim completed. Design snapshot 'tb_behav' loaded.
INFO: [USF-XSim-97] XSim simulation ran for 1000ns
launch_simulation: Time (s): cpu = 00:00:01 ; elapsed = 00:00:09 . Memory (MB): peak = 865.867 ; gain = 0.000
close_sim
INFO: [Simtcl 6-16] Simulation closed
