#-----------------------------------------------------------
# Vivado v2016.3 (64-bit)
# SW Build 1682563 on Mon Oct 10 19:07:27 MDT 2016
# IP Build 1681267 on Mon Oct 10 21:28:31 MDT 2016
# Start of session at: Tue Jul 11 13:21:20 2017
# Process ID: 10536
# Current directory: C:/College/Thesis/VivadoProjects/SHA1_BRAM
# Command line: vivado.exe -gui_launcher_event rodinguilauncherevent9172 C:\College\Thesis\VivadoProjects\SHA1_BRAM\SHA1_BRAM.xpr
# Log file: C:/College/Thesis/VivadoProjects/SHA1_BRAM/vivado.log
# Journal file: C:/College/Thesis/VivadoProjects/SHA1_BRAM\vivado.jou
#-----------------------------------------------------------
start_gui
open_project C:/College/Thesis/VivadoProjects/SHA1_BRAM/SHA1_BRAM.xpr
CRITICAL WARNING: [Project 1-19] Could not find the file 'C:/College/Thesis/SHA1_BRAM/tb_behav.wcfg'.
Scanning sources...
Finished scanning sources
INFO: [IP_Flow 19-234] Refreshing IP repositories
INFO: [IP_Flow 19-1704] No user IP repositories specified
INFO: [IP_Flow 19-2313] Loaded Vivado IP repository 'C:/Xilinx/Vivado/2016.3/data/ip'.
reset_run synth_1
launch_runs synth_1 -jobs 2
INFO: [HDL 9-2216] Analyzing Verilog file "C:/College/Thesis/VivadoProjects/SHA1_BRAM/SHA1_BRAM.srcs/sources_1/new/core_logic.v" into library work [C:/College/Thesis/VivadoProjects/SHA1_BRAM/SHA1_BRAM.srcs/sources_1/new/core_logic.v:1]
[Tue Jul 11 13:22:25 2017] Launched synth_1...
Run output will be captured here: C:/College/Thesis/VivadoProjects/SHA1_BRAM/SHA1_BRAM.runs/synth_1/runme.log
launch_simulation -mode post-synthesis -type timing
INFO: [Vivado 12-4795] Using compiled simulation libraries for IPs
INFO: [SIM-utils-51] Simulation object is 'sim_1'
Design is defaulting to impl run constrset: constrs_1
Design is defaulting to synth run part: xc7a100tcsg324-1
INFO: [Project 1-454] Reading design checkpoint 'c:/College/Thesis/VivadoProjects/SHA1_BRAM/SHA1_BRAM.srcs/sources_1/ip/blk_mem_gen_0/blk_mem_gen_0.dcp' for cell 'B0'
INFO: [Netlist 29-17] Analyzing 659 Unisim elements for replacement
INFO: [Netlist 29-28] Unisim Transformation completed in 0 CPU seconds
WARNING: [Netlist 29-101] Netlist 'top' is not ideal for floorplanning, since the cellview 'core_logic' contains a large number of primitives.  Please consider enabling hierarchy in synthesis if you want to do floorplanning.
INFO: [Project 1-479] Netlist was created with Vivado 2016.3
INFO: [Device 21-403] Loading part xc7a100tcsg324-1
INFO: [Project 1-570] Preparing netlist for logic optimization
INFO: [Project 1-538] Using original IP XDC constraints instead of the XDC constraints in dcp 'c:/College/Thesis/VivadoProjects/SHA1_BRAM/SHA1_BRAM.srcs/sources_1/ip/blk_mem_gen_0/blk_mem_gen_0.dcp'
INFO: [Opt 31-138] Pushed 0 inverter(s) to 0 load pin(s).
INFO: [Project 1-111] Unisim Transformation Summary:
No Unisim elements were transformed.

open_run: Time (s): cpu = 00:00:17 ; elapsed = 00:00:11 . Memory (MB): peak = 1167.258 ; gain = 319.738
INFO: [SIM-utils-24] Writing simulation netlist file for design 'synth_1'...
INFO: [SIM-utils-25] write_verilog -mode timesim -nolib -sdf_anno true -force -file "C:/College/Thesis/VivadoProjects/SHA1_BRAM/SHA1_BRAM.sim/sim_1/synth/timing/tb_time_synth.v"
write_verilog: Time (s): cpu = 00:00:28 ; elapsed = 00:00:14 . Memory (MB): peak = 1283.027 ; gain = 114.922
INFO: [SIM-utils-27] Writing SDF file...
INFO: [SIM-utils-28] write_sdf -mode timesim -process_corner slow -force -file "C:/College/Thesis/VivadoProjects/SHA1_BRAM/SHA1_BRAM.sim/sim_1/synth/timing/tb_time_synth.sdf"
write_sdf: Time (s): cpu = 00:00:10 ; elapsed = 00:00:10 . Memory (MB): peak = 1639.145 ; gain = 356.117
INFO: [SIM-utils-36] Netlist generated:C:/College/Thesis/VivadoProjects/SHA1_BRAM/SHA1_BRAM.sim/sim_1/synth/timing/tb_time_synth.v
INFO: [SIM-utils-37] SDF generated:C:/College/Thesis/VivadoProjects/SHA1_BRAM/SHA1_BRAM.sim/sim_1/synth/timing/tb_time_synth.sdf
INFO: [USF-XSim-7] Finding pre-compiled libraries...
INFO: [USF-XSim-11] File 'C:/Xilinx/Vivado/2016.3/data/xsim/ip/xsim_ip.ini' copied to run dir:'C:/College/Thesis/VivadoProjects/SHA1_BRAM/SHA1_BRAM.sim/sim_1/synth/timing'
INFO: [USF-XSim-37] Inspecting design source files for 'tb' in fileset 'sim_1'...
INFO: [SIM-utils-43] Exported 'C:/College/Thesis/VivadoProjects/SHA1_BRAM/SHA1_BRAM.sim/sim_1/synth/timing/blk_mem_gen_0.mif'
INFO: [SIM-utils-43] Exported 'C:/College/Thesis/VivadoProjects/SHA1_BRAM/SHA1_BRAM.sim/sim_1/synth/timing/Init.coe'
INFO: [USF-XSim-2] XSim::Compile design
INFO: [USF-XSim-61] Executing 'COMPILE and ANALYZE' step in 'C:/College/Thesis/VivadoProjects/SHA1_BRAM/SHA1_BRAM.sim/sim_1/synth/timing'
"xvlog -m64 --relax -prj tb_vlog.prj"
INFO: [VRFC 10-2263] Analyzing Verilog file "C:/College/Thesis/VivadoProjects/SHA1_BRAM/SHA1_BRAM.sim/sim_1/synth/timing/tb_time_synth.v" into library xil_defaultlib
INFO: [VRFC 10-311] analyzing module HashMsgIn
INFO: [VRFC 10-311] analyzing module blk_mem_gen_0
INFO: [VRFC 10-311] analyzing module core_logic
INFO: [VRFC 10-311] analyzing module counter
INFO: [VRFC 10-311] analyzing module top
INFO: [VRFC 10-311] analyzing module blk_mem_gen_0blk_mem_gen_generic_cstr
INFO: [VRFC 10-311] analyzing module blk_mem_gen_0blk_mem_gen_prim_width
INFO: [VRFC 10-311] analyzing module blk_mem_gen_0blk_mem_gen_prim_wrapper_init
INFO: [VRFC 10-311] analyzing module blk_mem_gen_0blk_mem_gen_top
INFO: [VRFC 10-311] analyzing module blk_mem_gen_0blk_mem_gen_v8_3_4
INFO: [VRFC 10-311] analyzing module blk_mem_gen_0blk_mem_gen_v8_3_4_synth
INFO: [VRFC 10-311] analyzing module glbl
INFO: [VRFC 10-2263] Analyzing Verilog file "C:/College/Thesis/VivadoProjects/SHA1_BRAM/SHA1_BRAM.srcs/sim_1/new/tb.v" into library xil_defaultlib
INFO: [VRFC 10-311] analyzing module tb
INFO: [USF-XSim-69] 'compile' step finished in '1' seconds
INFO: [USF-XSim-3] XSim::Elaborate design
INFO: [USF-XSim-61] Executing 'ELABORATE' step in 'C:/College/Thesis/VivadoProjects/SHA1_BRAM/SHA1_BRAM.sim/sim_1/synth/timing'
Vivado Simulator 2016.3
Copyright 1986-1999, 2001-2016 Xilinx, Inc. All Rights Reserved.
Running: C:/Xilinx/Vivado/2016.3/bin/unwrapped/win64.o/xelab.exe -wto 3aadec31b4bc4a6b9575b40fb5bc3d17 --debug typical --relax --mt 2 --maxdelay -L xil_defaultlib -L simprims_ver -L secureip --snapshot tb_time_synth -transport_int_delays -pulse_r 0 -pulse_int_r 0 -pulse_e 0 -pulse_int_e 0 xil_defaultlib.tb xil_defaultlib.glbl -log elaborate.log 
Using 2 slave threads.
Starting static elaboration
Completed static elaboration
Starting simulation data flow analysis
Completed simulation data flow analysis
INFO: [XSIM 43-3451] SDF backannotation process started with SDF file "tb_time_synth.sdf", for root module "tb/T".
INFO: [XSIM 43-3452] SDF backannotation was successful for SDF file "tb_time_synth.sdf", for root module "tb/T".
Time Resolution for simulation is 1ps
Compiling module simprims_ver.GND
Compiling module simprims_ver.RB18_INTERNAL_VLOG(DOA_REG=0,DOB...
Compiling module simprims_ver.RAMB18E1(INIT_00=256'b0110100101...
Compiling module xil_defaultlib.blk_mem_gen_0blk_mem_gen_prim_wr...
Compiling module xil_defaultlib.blk_mem_gen_0blk_mem_gen_prim_wi...
Compiling module xil_defaultlib.blk_mem_gen_0blk_mem_gen_generic...
Compiling module xil_defaultlib.blk_mem_gen_0blk_mem_gen_top
Compiling module xil_defaultlib.blk_mem_gen_0blk_mem_gen_v8_3_4_...
Compiling module xil_defaultlib.blk_mem_gen_0blk_mem_gen_v8_3_4
Compiling module xil_defaultlib.blk_mem_gen_0
Compiling module simprims_ver.LUT4
Compiling module simprims_ver.LUT5
Compiling module simprims_ver.LUT6
Compiling module simprims_ver.x_lut1_mux2
Compiling module simprims_ver.LUT1
Compiling module simprims_ver.x_lut3_mux4
Compiling module simprims_ver.x_lut3_mux4_reduced_0
Compiling module simprims_ver.LUT3
Compiling module simprims_ver.x_lut2_mux4
Compiling module simprims_ver.LUT2
Compiling module simprims_ver.ffsrce_fdce
Compiling module simprims_ver.FDCE
Compiling module simprims_ver.CARRY4
Compiling module xil_defaultlib.counter
Compiling module simprims_ver.sffsrce_fdre
Compiling module simprims_ver.FDRE
Compiling module xil_defaultlib.HashMsgIn
Compiling module simprims_ver.ffsrce_fdpe
Compiling module simprims_ver.FDPE
Compiling module simprims_ver.latchsre_ldce
Compiling module simprims_ver.LDCE(INIT=1'b1)
Compiling module simprims_ver.LDCE
Compiling module xil_defaultlib.core_logic
Compiling module simprims_ver.BUFG
Compiling module simprims_ver.IBUF
Compiling module simprims_ver.OBUF
Compiling module xil_defaultlib.top
Compiling module xil_defaultlib.tb
Compiling module xil_defaultlib.glbl
Built simulation snapshot tb_time_synth

****** Webtalk v2016.3 (64-bit)
  **** SW Build 1682563 on Mon Oct 10 19:07:27 MDT 2016
  **** IP Build 1681267 on Mon Oct 10 21:28:31 MDT 2016
    ** Copyright 1986-2016 Xilinx, Inc. All Rights Reserved.

source C:/College/Thesis/VivadoProjects/SHA1_BRAM/SHA1_BRAM.sim/sim_1/synth/timing/xsim.dir/tb_time_synth/webtalk/xsim_webtalk.tcl -notrace
INFO: [Common 17-206] Exiting Webtalk at Tue Jul 11 13:29:48 2017...
run_program: Time (s): cpu = 00:00:04 ; elapsed = 00:05:00 . Memory (MB): peak = 1671.902 ; gain = 32.758
INFO: [USF-XSim-69] 'elaborate' step finished in '300' seconds
INFO: [USF-XSim-4] XSim::Simulate design
WARNING: [USF-XSim-17] WCFG file does not exist:C:/College/Thesis/SHA1_BRAM/tb_behav.wcfg
WARNING: [USF-XSim-17] WCFG file does not exist:C:/College/Thesis/SHA1_BRAM/tb_behav.wcfg
INFO: [USF-XSim-61] Executing 'SIMULATE' step in 'C:/College/Thesis/VivadoProjects/SHA1_BRAM/SHA1_BRAM.sim/sim_1/synth/timing'
INFO: [USF-XSim-98] *** Running xsim
   with args "tb_time_synth -key {Post-Synthesis:sim_1:Timing:tb} -tclbatch {tb.tcl} -log {simulate.log}"
INFO: [USF-XSim-8] Loading simulator feature
Vivado Simulator 2016.3
Time resolution is 1 ps
source tb.tcl
# set curr_wave [current_wave_config]
# if { [string length $curr_wave] == 0 } {
#   if { [llength [get_objects]] > 0} {
#     add_wave /
#     set_property needs_save false [current_wave_config]
#   } else {
#      send_msg_id Add_Wave-1 WARNING "No top level signals found. Simulator will start without a wave window. If you want to open a wave window go to 'File->New Waveform Configuration' or type 'create_wave_config' in the TCL console."
#   }
# }
# run 1000ns
run: Time (s): cpu = 00:00:03 ; elapsed = 00:00:08 . Memory (MB): peak = 1690.367 ; gain = 18.465
xsim: Time (s): cpu = 00:00:05 ; elapsed = 00:00:11 . Memory (MB): peak = 1690.367 ; gain = 18.465
INFO: [USF-XSim-96] XSim completed. Design snapshot 'tb_time_synth' loaded.
INFO: [USF-XSim-97] XSim simulation ran for 1000ns
launch_simulation: Time (s): cpu = 00:01:08 ; elapsed = 00:05:48 . Memory (MB): peak = 1690.367 ; gain = 842.848
launch_simulation
INFO: [Vivado 12-4795] Using compiled simulation libraries for IPs
INFO: [SIM-utils-51] Simulation object is 'sim_1'
INFO: [USF-XSim-7] Finding pre-compiled libraries...
INFO: [USF-XSim-11] File 'C:/Xilinx/Vivado/2016.3/data/xsim/ip/xsim_ip.ini' copied to run dir:'C:/College/Thesis/VivadoProjects/SHA1_BRAM/SHA1_BRAM.sim/sim_1/behav'
INFO: [USF-XSim-37] Inspecting design source files for 'tb' in fileset 'sim_1'...
INFO: [SIM-utils-43] Exported 'C:/College/Thesis/VivadoProjects/SHA1_BRAM/SHA1_BRAM.sim/sim_1/behav/blk_mem_gen_0.mif'
INFO: [SIM-utils-43] Exported 'C:/College/Thesis/VivadoProjects/SHA1_BRAM/SHA1_BRAM.sim/sim_1/behav/Init.coe'
INFO: [USF-XSim-97] Finding global include files...
INFO: [USF-XSim-98] Fetching design files from 'sim_1'...
INFO: [USF-XSim-2] XSim::Compile design
INFO: [USF-XSim-61] Executing 'COMPILE and ANALYZE' step in 'C:/College/Thesis/VivadoProjects/SHA1_BRAM/SHA1_BRAM.sim/sim_1/behav'
"xvlog -m64 --relax -prj tb_vlog.prj"
INFO: [VRFC 10-2263] Analyzing Verilog file "C:/College/Thesis/VivadoProjects/SHA1_BRAM/SHA1_BRAM.srcs/sources_1/ip/blk_mem_gen_0/sim/blk_mem_gen_0.v" into library xil_defaultlib
INFO: [VRFC 10-311] analyzing module blk_mem_gen_0
INFO: [VRFC 10-2263] Analyzing Verilog file "C:/College/Thesis/VivadoProjects/SHA1_BRAM/SHA1_BRAM.srcs/sources_1/new/counter.v" into library xil_defaultlib
INFO: [VRFC 10-311] analyzing module counter
INFO: [VRFC 10-2263] Analyzing Verilog file "C:/College/Thesis/VivadoProjects/SHA1_BRAM/SHA1_BRAM.srcs/sources_1/new/core_logic.v" into library xil_defaultlib
INFO: [VRFC 10-311] analyzing module core_logic
INFO: [VRFC 10-2263] Analyzing Verilog file "C:/College/Thesis/VivadoProjects/SHA1_BRAM/SHA1_BRAM.srcs/sources_1/new/HashIn.v" into library xil_defaultlib
INFO: [VRFC 10-311] analyzing module HashMsgIn
INFO: [VRFC 10-2263] Analyzing Verilog file "C:/College/Thesis/VivadoProjects/SHA1_BRAM/SHA1_BRAM.srcs/sources_1/new/top.v" into library xil_defaultlib
INFO: [VRFC 10-311] analyzing module top
WARNING: [VRFC 10-1315] redeclaration of ansi port digestDone is not allowed [C:/College/Thesis/VivadoProjects/SHA1_BRAM/SHA1_BRAM.srcs/sources_1/new/top.v:37]
WARNING: [VRFC 10-1315] redeclaration of ansi port digest is not allowed [C:/College/Thesis/VivadoProjects/SHA1_BRAM/SHA1_BRAM.srcs/sources_1/new/top.v:38]
INFO: [VRFC 10-2263] Analyzing Verilog file "C:/College/Thesis/VivadoProjects/SHA1_BRAM/SHA1_BRAM.srcs/sim_1/new/tb.v" into library xil_defaultlib
INFO: [VRFC 10-311] analyzing module tb
INFO: [VRFC 10-2263] Analyzing Verilog file "C:/College/Thesis/VivadoProjects/SHA1_BRAM/SHA1_BRAM.sim/sim_1/behav/glbl.v" into library xil_defaultlib
INFO: [VRFC 10-311] analyzing module glbl
INFO: [USF-XSim-69] 'compile' step finished in '1' seconds
INFO: [USF-XSim-3] XSim::Elaborate design
INFO: [USF-XSim-61] Executing 'ELABORATE' step in 'C:/College/Thesis/VivadoProjects/SHA1_BRAM/SHA1_BRAM.sim/sim_1/behav'
Vivado Simulator 2016.3
Copyright 1986-1999, 2001-2016 Xilinx, Inc. All Rights Reserved.
Running: C:/Xilinx/Vivado/2016.3/bin/unwrapped/win64.o/xelab.exe -wto 3aadec31b4bc4a6b9575b40fb5bc3d17 --debug typical --relax --mt 2 -L blk_mem_gen_v8_3_4 -L xil_defaultlib -L unisims_ver -L unimacro_ver -L secureip -L xpm --snapshot tb_behav xil_defaultlib.tb xil_defaultlib.glbl -log elaborate.log 
Using 2 slave threads.
Starting static elaboration
WARNING: [VRFC 10-278] actual bit length 32 differs from formal bit length 1 for port wea [C:/College/Thesis/VivadoProjects/SHA1_BRAM/SHA1_BRAM.srcs/sources_1/new/top.v:40]
WARNING: [VRFC 10-1783] select index 62 into current_contents is out of bounds [/wrk/2016.3/nightly/2016_10_10_1682563/packages/customer/vivado/data/ip/xilinx/blk_mem_gen_v8_3/simulation/blk_mem_gen_v8_3.v:2415]
Completed static elaboration
Starting simulation data flow analysis
Completed simulation data flow analysis
Time Resolution for simulation is 1ps
Compiling module xil_defaultlib.counter
Compiling module blk_mem_gen_v8_3_4.blk_mem_gen_v8_3_4_output_stage(...
Compiling module blk_mem_gen_v8_3_4.blk_mem_gen_v8_3_4_output_stage(...
Compiling module blk_mem_gen_v8_3_4.blk_mem_gen_v8_3_4_softecc_outpu...
Compiling module blk_mem_gen_v8_3_4.blk_mem_gen_v8_3_4_mem_module(C_...
Compiling module blk_mem_gen_v8_3_4.blk_mem_gen_v8_3_4(C_FAMILY="art...
Compiling module xil_defaultlib.blk_mem_gen_0
Compiling module xil_defaultlib.HashMsgIn
Compiling module xil_defaultlib.core_logic
Compiling module xil_defaultlib.top
Compiling module xil_defaultlib.tb
Compiling module xil_defaultlib.glbl
Built simulation snapshot tb_behav

****** Webtalk v2016.3 (64-bit)
  **** SW Build 1682563 on Mon Oct 10 19:07:27 MDT 2016
  **** IP Build 1681267 on Mon Oct 10 21:28:31 MDT 2016
    ** Copyright 1986-2016 Xilinx, Inc. All Rights Reserved.

source C:/College/Thesis/VivadoProjects/SHA1_BRAM/SHA1_BRAM.sim/sim_1/behav/xsim.dir/tb_behav/webtalk/xsim_webtalk.tcl -notrace
INFO: [Common 17-206] Exiting Webtalk at Tue Jul 11 13:32:18 2017...
INFO: [USF-XSim-69] 'elaborate' step finished in '4' seconds
INFO: [USF-XSim-4] XSim::Simulate design
WARNING: [USF-XSim-17] WCFG file does not exist:C:/College/Thesis/SHA1_BRAM/tb_behav.wcfg
WARNING: [USF-XSim-17] WCFG file does not exist:C:/College/Thesis/SHA1_BRAM/tb_behav.wcfg
INFO: [USF-XSim-61] Executing 'SIMULATE' step in 'C:/College/Thesis/VivadoProjects/SHA1_BRAM/SHA1_BRAM.sim/sim_1/behav'
INFO: [USF-XSim-98] *** Running xsim
   with args "tb_behav -key {Behavioral:sim_1:Functional:tb} -tclbatch {tb.tcl} -log {simulate.log}"
INFO: [USF-XSim-8] Loading simulator feature
Vivado Simulator 2016.3
Time resolution is 1 ps
source tb.tcl
# set curr_wave [current_wave_config]
# if { [string length $curr_wave] == 0 } {
#   if { [llength [get_objects]] > 0} {
#     add_wave /
#     set_property needs_save false [current_wave_config]
#   } else {
#      send_msg_id Add_Wave-1 WARNING "No top level signals found. Simulator will start without a wave window. If you want to open a wave window go to 'File->New Waveform Configuration' or type 'create_wave_config' in the TCL console."
#   }
# }
# run 1000ns
 Block Memory Generator module loading initial data...
 Block Memory Generator data initialization complete.
Block Memory Generator module tb.T.B0.inst.native_mem_module.blk_mem_gen_v8_3_4_inst is using a behavioral model for simulation which will not precisely model memory collision behavior.
INFO: [USF-XSim-96] XSim completed. Design snapshot 'tb_behav' loaded.
INFO: [USF-XSim-97] XSim simulation ran for 1000ns
launch_simulation: Time (s): cpu = 00:00:02 ; elapsed = 00:00:07 . Memory (MB): peak = 1690.367 ; gain = 0.000
close_sim
INFO: [Simtcl 6-16] Simulation closed
close_sim
INFO: [Simtcl 6-16] Simulation closed
reset_run synth_1
launch_runs synth_1 -jobs 2
INFO: [HDL 9-2216] Analyzing Verilog file "C:/College/Thesis/VivadoProjects/SHA1_BRAM/SHA1_BRAM.srcs/sources_1/new/core_logic.v" into library work [C:/College/Thesis/VivadoProjects/SHA1_BRAM/SHA1_BRAM.srcs/sources_1/new/core_logic.v:1]
[Tue Jul 11 13:39:33 2017] Launched synth_1...
Run output will be captured here: C:/College/Thesis/VivadoProjects/SHA1_BRAM/SHA1_BRAM.runs/synth_1/runme.log
refresh_design
INFO: [Project 1-454] Reading design checkpoint 'c:/College/Thesis/VivadoProjects/SHA1_BRAM/SHA1_BRAM.srcs/sources_1/ip/blk_mem_gen_0/blk_mem_gen_0.dcp' for cell 'B0'
INFO: [Netlist 29-17] Analyzing 11 Unisim elements for replacement
INFO: [Netlist 29-28] Unisim Transformation completed in 0 CPU seconds
INFO: [Project 1-479] Netlist was created with Vivado 2016.3
INFO: [Project 1-570] Preparing netlist for logic optimization
INFO: [Project 1-538] Using original IP XDC constraints instead of the XDC constraints in dcp 'c:/College/Thesis/VivadoProjects/SHA1_BRAM/SHA1_BRAM.srcs/sources_1/ip/blk_mem_gen_0/blk_mem_gen_0.dcp'
INFO: [Opt 31-138] Pushed 0 inverter(s) to 0 load pin(s).
refresh_design: Time (s): cpu = 00:00:11 ; elapsed = 00:00:05 . Memory (MB): peak = 1712.504 ; gain = 0.000
launch_simulation
INFO: [Vivado 12-4795] Using compiled simulation libraries for IPs
INFO: [SIM-utils-51] Simulation object is 'sim_1'
INFO: [USF-XSim-7] Finding pre-compiled libraries...
INFO: [USF-XSim-11] File 'C:/Xilinx/Vivado/2016.3/data/xsim/ip/xsim_ip.ini' copied to run dir:'C:/College/Thesis/VivadoProjects/SHA1_BRAM/SHA1_BRAM.sim/sim_1/behav'
INFO: [USF-XSim-37] Inspecting design source files for 'tb' in fileset 'sim_1'...
INFO: [SIM-utils-43] Exported 'C:/College/Thesis/VivadoProjects/SHA1_BRAM/SHA1_BRAM.sim/sim_1/behav/blk_mem_gen_0.mif'
INFO: [SIM-utils-43] Exported 'C:/College/Thesis/VivadoProjects/SHA1_BRAM/SHA1_BRAM.sim/sim_1/behav/Init.coe'
INFO: [USF-XSim-97] Finding global include files...
INFO: [USF-XSim-98] Fetching design files from 'sim_1'...
INFO: [USF-XSim-2] XSim::Compile design
INFO: [USF-XSim-61] Executing 'COMPILE and ANALYZE' step in 'C:/College/Thesis/VivadoProjects/SHA1_BRAM/SHA1_BRAM.sim/sim_1/behav'
"xvlog -m64 --relax -prj tb_vlog.prj"
INFO: [VRFC 10-2263] Analyzing Verilog file "C:/College/Thesis/VivadoProjects/SHA1_BRAM/SHA1_BRAM.srcs/sources_1/ip/blk_mem_gen_0/sim/blk_mem_gen_0.v" into library xil_defaultlib
INFO: [VRFC 10-311] analyzing module blk_mem_gen_0
INFO: [VRFC 10-2263] Analyzing Verilog file "C:/College/Thesis/VivadoProjects/SHA1_BRAM/SHA1_BRAM.srcs/sources_1/new/counter.v" into library xil_defaultlib
INFO: [VRFC 10-311] analyzing module counter
INFO: [VRFC 10-2263] Analyzing Verilog file "C:/College/Thesis/VivadoProjects/SHA1_BRAM/SHA1_BRAM.srcs/sources_1/new/core_logic.v" into library xil_defaultlib
INFO: [VRFC 10-311] analyzing module core_logic
INFO: [VRFC 10-2263] Analyzing Verilog file "C:/College/Thesis/VivadoProjects/SHA1_BRAM/SHA1_BRAM.srcs/sources_1/new/HashIn.v" into library xil_defaultlib
INFO: [VRFC 10-311] analyzing module HashMsgIn
INFO: [VRFC 10-2263] Analyzing Verilog file "C:/College/Thesis/VivadoProjects/SHA1_BRAM/SHA1_BRAM.srcs/sources_1/new/top.v" into library xil_defaultlib
INFO: [VRFC 10-311] analyzing module top
WARNING: [VRFC 10-1315] redeclaration of ansi port digestDone is not allowed [C:/College/Thesis/VivadoProjects/SHA1_BRAM/SHA1_BRAM.srcs/sources_1/new/top.v:37]
WARNING: [VRFC 10-1315] redeclaration of ansi port digest is not allowed [C:/College/Thesis/VivadoProjects/SHA1_BRAM/SHA1_BRAM.srcs/sources_1/new/top.v:38]
INFO: [VRFC 10-2263] Analyzing Verilog file "C:/College/Thesis/VivadoProjects/SHA1_BRAM/SHA1_BRAM.srcs/sim_1/new/tb.v" into library xil_defaultlib
INFO: [VRFC 10-311] analyzing module tb
INFO: [VRFC 10-2263] Analyzing Verilog file "C:/College/Thesis/VivadoProjects/SHA1_BRAM/SHA1_BRAM.sim/sim_1/behav/glbl.v" into library xil_defaultlib
INFO: [VRFC 10-311] analyzing module glbl
INFO: [USF-XSim-69] 'compile' step finished in '1' seconds
INFO: [USF-XSim-3] XSim::Elaborate design
INFO: [USF-XSim-61] Executing 'ELABORATE' step in 'C:/College/Thesis/VivadoProjects/SHA1_BRAM/SHA1_BRAM.sim/sim_1/behav'
Vivado Simulator 2016.3
Copyright 1986-1999, 2001-2016 Xilinx, Inc. All Rights Reserved.
Running: C:/Xilinx/Vivado/2016.3/bin/unwrapped/win64.o/xelab.exe -wto 3aadec31b4bc4a6b9575b40fb5bc3d17 --debug typical --relax --mt 2 -L blk_mem_gen_v8_3_4 -L xil_defaultlib -L unisims_ver -L unimacro_ver -L secureip -L xpm --snapshot tb_behav xil_defaultlib.tb xil_defaultlib.glbl -log elaborate.log 
Using 2 slave threads.
Starting static elaboration
WARNING: [VRFC 10-278] actual bit length 32 differs from formal bit length 1 for port wea [C:/College/Thesis/VivadoProjects/SHA1_BRAM/SHA1_BRAM.srcs/sources_1/new/top.v:40]
WARNING: [VRFC 10-1783] select index 62 into current_contents is out of bounds [/wrk/2016.3/nightly/2016_10_10_1682563/packages/customer/vivado/data/ip/xilinx/blk_mem_gen_v8_3/simulation/blk_mem_gen_v8_3.v:2415]
Completed static elaboration
Starting simulation data flow analysis
Completed simulation data flow analysis
Time Resolution for simulation is 1ps
Compiling module xil_defaultlib.counter
Compiling module blk_mem_gen_v8_3_4.blk_mem_gen_v8_3_4_output_stage(...
Compiling module blk_mem_gen_v8_3_4.blk_mem_gen_v8_3_4_output_stage(...
Compiling module blk_mem_gen_v8_3_4.blk_mem_gen_v8_3_4_softecc_outpu...
Compiling module blk_mem_gen_v8_3_4.blk_mem_gen_v8_3_4_mem_module(C_...
Compiling module blk_mem_gen_v8_3_4.blk_mem_gen_v8_3_4(C_FAMILY="art...
Compiling module xil_defaultlib.blk_mem_gen_0
Compiling module xil_defaultlib.HashMsgIn
Compiling module xil_defaultlib.core_logic
Compiling module xil_defaultlib.top
Compiling module xil_defaultlib.tb
Compiling module xil_defaultlib.glbl
Built simulation snapshot tb_behav

****** Webtalk v2016.3 (64-bit)
  **** SW Build 1682563 on Mon Oct 10 19:07:27 MDT 2016
  **** IP Build 1681267 on Mon Oct 10 21:28:31 MDT 2016
    ** Copyright 1986-2016 Xilinx, Inc. All Rights Reserved.

source C:/College/Thesis/VivadoProjects/SHA1_BRAM/SHA1_BRAM.sim/sim_1/behav/xsim.dir/tb_behav/webtalk/xsim_webtalk.tcl -notrace
INFO: [Common 17-206] Exiting Webtalk at Tue Jul 11 13:41:58 2017...
INFO: [USF-XSim-69] 'elaborate' step finished in '3' seconds
INFO: [USF-XSim-4] XSim::Simulate design
WARNING: [USF-XSim-17] WCFG file does not exist:C:/College/Thesis/SHA1_BRAM/tb_behav.wcfg
WARNING: [USF-XSim-17] WCFG file does not exist:C:/College/Thesis/SHA1_BRAM/tb_behav.wcfg
INFO: [USF-XSim-61] Executing 'SIMULATE' step in 'C:/College/Thesis/VivadoProjects/SHA1_BRAM/SHA1_BRAM.sim/sim_1/behav'
INFO: [USF-XSim-98] *** Running xsim
   with args "tb_behav -key {Behavioral:sim_1:Functional:tb} -tclbatch {tb.tcl} -log {simulate.log}"
INFO: [USF-XSim-8] Loading simulator feature
Vivado Simulator 2016.3
Time resolution is 1 ps
source tb.tcl
# set curr_wave [current_wave_config]
# if { [string length $curr_wave] == 0 } {
#   if { [llength [get_objects]] > 0} {
#     add_wave /
#     set_property needs_save false [current_wave_config]
#   } else {
#      send_msg_id Add_Wave-1 WARNING "No top level signals found. Simulator will start without a wave window. If you want to open a wave window go to 'File->New Waveform Configuration' or type 'create_wave_config' in the TCL console."
#   }
# }
# run 1000ns
 Block Memory Generator module loading initial data...
 Block Memory Generator data initialization complete.
Block Memory Generator module tb.T.B0.inst.native_mem_module.blk_mem_gen_v8_3_4_inst is using a behavioral model for simulation which will not precisely model memory collision behavior.
INFO: [USF-XSim-96] XSim completed. Design snapshot 'tb_behav' loaded.
INFO: [USF-XSim-97] XSim simulation ran for 1000ns
launch_simulation: Time (s): cpu = 00:00:02 ; elapsed = 00:00:07 . Memory (MB): peak = 1712.504 ; gain = 0.000
reset_run synth_1
WARNING: [Vivado 12-1017] Problems encountered:
1. Failed to delete one or more files in run directory C:/College/Thesis/VivadoProjects/SHA1_BRAM/SHA1_BRAM.runs/synth_1

launch_runs synth_1 -jobs 2
INFO: [HDL 9-2216] Analyzing Verilog file "C:/College/Thesis/VivadoProjects/SHA1_BRAM/SHA1_BRAM.srcs/sources_1/new/core_logic.v" into library work [C:/College/Thesis/VivadoProjects/SHA1_BRAM/SHA1_BRAM.srcs/sources_1/new/core_logic.v:1]
[Tue Jul 11 13:45:08 2017] Launched synth_1...
Run output will be captured here: C:/College/Thesis/VivadoProjects/SHA1_BRAM/SHA1_BRAM.runs/synth_1/runme.log
close_sim
INFO: [Simtcl 6-16] Simulation closed
refresh_design
INFO: [Project 1-454] Reading design checkpoint 'c:/College/Thesis/VivadoProjects/SHA1_BRAM/SHA1_BRAM.srcs/sources_1/ip/blk_mem_gen_0/blk_mem_gen_0.dcp' for cell 'B0'
INFO: [Netlist 29-17] Analyzing 659 Unisim elements for replacement
INFO: [Netlist 29-28] Unisim Transformation completed in 0 CPU seconds
WARNING: [Netlist 29-101] Netlist 'top' is not ideal for floorplanning, since the cellview 'core_logic' contains a large number of primitives.  Please consider enabling hierarchy in synthesis if you want to do floorplanning.
INFO: [Project 1-479] Netlist was created with Vivado 2016.3
INFO: [Project 1-570] Preparing netlist for logic optimization
INFO: [Project 1-538] Using original IP XDC constraints instead of the XDC constraints in dcp 'c:/College/Thesis/VivadoProjects/SHA1_BRAM/SHA1_BRAM.srcs/sources_1/ip/blk_mem_gen_0/blk_mem_gen_0.dcp'
INFO: [Opt 31-138] Pushed 0 inverter(s) to 0 load pin(s).
refresh_design: Time (s): cpu = 00:00:13 ; elapsed = 00:00:08 . Memory (MB): peak = 1719.535 ; gain = 0.000
launch_simulation -mode post-synthesis -type timing
INFO: [Vivado 12-4795] Using compiled simulation libraries for IPs
INFO: [SIM-utils-51] Simulation object is 'sim_1'
INFO: [SIM-utils-24] Writing simulation netlist file for design 'synth_1'...
INFO: [SIM-utils-25] write_verilog -mode timesim -nolib -sdf_anno true -force -file "C:/College/Thesis/VivadoProjects/SHA1_BRAM/SHA1_BRAM.sim/sim_1/synth/timing/tb_time_synth.v"
INFO: [Common 17-41] Interrupt caught. Command should exit soon.
INFO: [Common 17-344] 'write_verilog' was cancelled
INFO: [Vivado 12-4706] 'setup' step aborted
INFO: [Common 17-344] 'launch_simulation' was cancelled
launch_simulation
INFO: [Vivado 12-4795] Using compiled simulation libraries for IPs
INFO: [SIM-utils-51] Simulation object is 'sim_1'
INFO: [USF-XSim-7] Finding pre-compiled libraries...
INFO: [USF-XSim-11] File 'C:/Xilinx/Vivado/2016.3/data/xsim/ip/xsim_ip.ini' copied to run dir:'C:/College/Thesis/VivadoProjects/SHA1_BRAM/SHA1_BRAM.sim/sim_1/behav'
INFO: [USF-XSim-37] Inspecting design source files for 'tb' in fileset 'sim_1'...
INFO: [SIM-utils-43] Exported 'C:/College/Thesis/VivadoProjects/SHA1_BRAM/SHA1_BRAM.sim/sim_1/behav/blk_mem_gen_0.mif'
INFO: [SIM-utils-43] Exported 'C:/College/Thesis/VivadoProjects/SHA1_BRAM/SHA1_BRAM.sim/sim_1/behav/Init.coe'
INFO: [USF-XSim-97] Finding global include files...
INFO: [USF-XSim-98] Fetching design files from 'sim_1'...
INFO: [USF-XSim-2] XSim::Compile design
INFO: [USF-XSim-61] Executing 'COMPILE and ANALYZE' step in 'C:/College/Thesis/VivadoProjects/SHA1_BRAM/SHA1_BRAM.sim/sim_1/behav'
"xvlog -m64 --relax -prj tb_vlog.prj"
INFO: [VRFC 10-2263] Analyzing Verilog file "C:/College/Thesis/VivadoProjects/SHA1_BRAM/SHA1_BRAM.srcs/sources_1/ip/blk_mem_gen_0/sim/blk_mem_gen_0.v" into library xil_defaultlib
INFO: [VRFC 10-311] analyzing module blk_mem_gen_0
INFO: [VRFC 10-2263] Analyzing Verilog file "C:/College/Thesis/VivadoProjects/SHA1_BRAM/SHA1_BRAM.srcs/sources_1/new/counter.v" into library xil_defaultlib
INFO: [VRFC 10-311] analyzing module counter
INFO: [VRFC 10-2263] Analyzing Verilog file "C:/College/Thesis/VivadoProjects/SHA1_BRAM/SHA1_BRAM.srcs/sources_1/new/core_logic.v" into library xil_defaultlib
INFO: [VRFC 10-311] analyzing module core_logic
INFO: [VRFC 10-2263] Analyzing Verilog file "C:/College/Thesis/VivadoProjects/SHA1_BRAM/SHA1_BRAM.srcs/sources_1/new/HashIn.v" into library xil_defaultlib
INFO: [VRFC 10-311] analyzing module HashMsgIn
INFO: [VRFC 10-2263] Analyzing Verilog file "C:/College/Thesis/VivadoProjects/SHA1_BRAM/SHA1_BRAM.srcs/sources_1/new/top.v" into library xil_defaultlib
INFO: [VRFC 10-311] analyzing module top
WARNING: [VRFC 10-1315] redeclaration of ansi port digestDone is not allowed [C:/College/Thesis/VivadoProjects/SHA1_BRAM/SHA1_BRAM.srcs/sources_1/new/top.v:37]
WARNING: [VRFC 10-1315] redeclaration of ansi port digest is not allowed [C:/College/Thesis/VivadoProjects/SHA1_BRAM/SHA1_BRAM.srcs/sources_1/new/top.v:38]
INFO: [VRFC 10-2263] Analyzing Verilog file "C:/College/Thesis/VivadoProjects/SHA1_BRAM/SHA1_BRAM.srcs/sim_1/new/tb.v" into library xil_defaultlib
INFO: [VRFC 10-311] analyzing module tb
INFO: [VRFC 10-2263] Analyzing Verilog file "C:/College/Thesis/VivadoProjects/SHA1_BRAM/SHA1_BRAM.sim/sim_1/behav/glbl.v" into library xil_defaultlib
INFO: [VRFC 10-311] analyzing module glbl
INFO: [USF-XSim-69] 'compile' step finished in '1' seconds
INFO: [USF-XSim-3] XSim::Elaborate design
INFO: [USF-XSim-61] Executing 'ELABORATE' step in 'C:/College/Thesis/VivadoProjects/SHA1_BRAM/SHA1_BRAM.sim/sim_1/behav'
Vivado Simulator 2016.3
Copyright 1986-1999, 2001-2016 Xilinx, Inc. All Rights Reserved.
Running: C:/Xilinx/Vivado/2016.3/bin/unwrapped/win64.o/xelab.exe -wto 3aadec31b4bc4a6b9575b40fb5bc3d17 --debug typical --relax --mt 2 -L blk_mem_gen_v8_3_4 -L xil_defaultlib -L unisims_ver -L unimacro_ver -L secureip -L xpm --snapshot tb_behav xil_defaultlib.tb xil_defaultlib.glbl -log elaborate.log 
Using 2 slave threads.
Starting static elaboration
WARNING: [VRFC 10-278] actual bit length 32 differs from formal bit length 1 for port wea [C:/College/Thesis/VivadoProjects/SHA1_BRAM/SHA1_BRAM.srcs/sources_1/new/top.v:40]
WARNING: [VRFC 10-1783] select index 62 into current_contents is out of bounds [/wrk/2016.3/nightly/2016_10_10_1682563/packages/customer/vivado/data/ip/xilinx/blk_mem_gen_v8_3/simulation/blk_mem_gen_v8_3.v:2415]
Completed static elaboration
Starting simulation data flow analysis
Completed simulation data flow analysis
Time Resolution for simulation is 1ps
Compiling module xil_defaultlib.counter
Compiling module blk_mem_gen_v8_3_4.blk_mem_gen_v8_3_4_output_stage(...
Compiling module blk_mem_gen_v8_3_4.blk_mem_gen_v8_3_4_output_stage(...
Compiling module blk_mem_gen_v8_3_4.blk_mem_gen_v8_3_4_softecc_outpu...
Compiling module blk_mem_gen_v8_3_4.blk_mem_gen_v8_3_4_mem_module(C_...
Compiling module blk_mem_gen_v8_3_4.blk_mem_gen_v8_3_4(C_FAMILY="art...
Compiling module xil_defaultlib.blk_mem_gen_0
Compiling module xil_defaultlib.HashMsgIn
Compiling module xil_defaultlib.core_logic
Compiling module xil_defaultlib.top
Compiling module xil_defaultlib.tb
Compiling module xil_defaultlib.glbl
Built simulation snapshot tb_behav

****** Webtalk v2016.3 (64-bit)
  **** SW Build 1682563 on Mon Oct 10 19:07:27 MDT 2016
  **** IP Build 1681267 on Mon Oct 10 21:28:31 MDT 2016
    ** Copyright 1986-2016 Xilinx, Inc. All Rights Reserved.

source C:/College/Thesis/VivadoProjects/SHA1_BRAM/SHA1_BRAM.sim/sim_1/behav/xsim.dir/tb_behav/webtalk/xsim_webtalk.tcl -notrace
INFO: [Common 17-206] Exiting Webtalk at Tue Jul 11 13:46:54 2017...
INFO: [USF-XSim-69] 'elaborate' step finished in '4' seconds
INFO: [USF-XSim-4] XSim::Simulate design
WARNING: [USF-XSim-17] WCFG file does not exist:C:/College/Thesis/SHA1_BRAM/tb_behav.wcfg
WARNING: [USF-XSim-17] WCFG file does not exist:C:/College/Thesis/SHA1_BRAM/tb_behav.wcfg
INFO: [USF-XSim-61] Executing 'SIMULATE' step in 'C:/College/Thesis/VivadoProjects/SHA1_BRAM/SHA1_BRAM.sim/sim_1/behav'
INFO: [USF-XSim-98] *** Running xsim
   with args "tb_behav -key {Behavioral:sim_1:Functional:tb} -tclbatch {tb.tcl} -log {simulate.log}"
INFO: [USF-XSim-8] Loading simulator feature
Vivado Simulator 2016.3
Time resolution is 1 ps
source tb.tcl
# set curr_wave [current_wave_config]
# if { [string length $curr_wave] == 0 } {
#   if { [llength [get_objects]] > 0} {
#     add_wave /
#     set_property needs_save false [current_wave_config]
#   } else {
#      send_msg_id Add_Wave-1 WARNING "No top level signals found. Simulator will start without a wave window. If you want to open a wave window go to 'File->New Waveform Configuration' or type 'create_wave_config' in the TCL console."
#   }
# }
# run 1000ns
 Block Memory Generator module loading initial data...
 Block Memory Generator data initialization complete.
Block Memory Generator module tb.T.B0.inst.native_mem_module.blk_mem_gen_v8_3_4_inst is using a behavioral model for simulation which will not precisely model memory collision behavior.
INFO: [USF-XSim-96] XSim completed. Design snapshot 'tb_behav' loaded.
INFO: [USF-XSim-97] XSim simulation ran for 1000ns
launch_simulation: Time (s): cpu = 00:00:01 ; elapsed = 00:00:06 . Memory (MB): peak = 1720.848 ; gain = 0.000
launch_simulation -mode post-synthesis -type timing
INFO: [Vivado 12-4795] Using compiled simulation libraries for IPs
INFO: [SIM-utils-51] Simulation object is 'sim_1'
INFO: [SIM-utils-24] Writing simulation netlist file for design 'synth_1'...
INFO: [SIM-utils-25] write_verilog -mode timesim -nolib -sdf_anno true -force -file "C:/College/Thesis/VivadoProjects/SHA1_BRAM/SHA1_BRAM.sim/sim_1/synth/timing/tb_time_synth.v"
INFO: [SIM-utils-27] Writing SDF file...
INFO: [SIM-utils-28] write_sdf -mode timesim -process_corner slow -force -file "C:/College/Thesis/VivadoProjects/SHA1_BRAM/SHA1_BRAM.sim/sim_1/synth/timing/tb_time_synth.sdf"
write_sdf: Time (s): cpu = 00:00:07 ; elapsed = 00:00:08 . Memory (MB): peak = 1727.039 ; gain = 2.621
INFO: [SIM-utils-36] Netlist generated:C:/College/Thesis/VivadoProjects/SHA1_BRAM/SHA1_BRAM.sim/sim_1/synth/timing/tb_time_synth.v
INFO: [SIM-utils-37] SDF generated:C:/College/Thesis/VivadoProjects/SHA1_BRAM/SHA1_BRAM.sim/sim_1/synth/timing/tb_time_synth.sdf
INFO: [USF-XSim-7] Finding pre-compiled libraries...
INFO: [USF-XSim-11] File 'C:/Xilinx/Vivado/2016.3/data/xsim/ip/xsim_ip.ini' copied to run dir:'C:/College/Thesis/VivadoProjects/SHA1_BRAM/SHA1_BRAM.sim/sim_1/synth/timing'
INFO: [USF-XSim-37] Inspecting design source files for 'tb' in fileset 'sim_1'...
INFO: [SIM-utils-43] Exported 'C:/College/Thesis/VivadoProjects/SHA1_BRAM/SHA1_BRAM.sim/sim_1/synth/timing/blk_mem_gen_0.mif'
INFO: [SIM-utils-43] Exported 'C:/College/Thesis/VivadoProjects/SHA1_BRAM/SHA1_BRAM.sim/sim_1/synth/timing/Init.coe'
INFO: [USF-XSim-2] XSim::Compile design
INFO: [USF-XSim-61] Executing 'COMPILE and ANALYZE' step in 'C:/College/Thesis/VivadoProjects/SHA1_BRAM/SHA1_BRAM.sim/sim_1/synth/timing'
"xvlog -m64 --relax -prj tb_vlog.prj"
INFO: [VRFC 10-2263] Analyzing Verilog file "C:/College/Thesis/VivadoProjects/SHA1_BRAM/SHA1_BRAM.sim/sim_1/synth/timing/tb_time_synth.v" into library xil_defaultlib
INFO: [VRFC 10-311] analyzing module HashMsgIn
INFO: [VRFC 10-311] analyzing module blk_mem_gen_0
INFO: [VRFC 10-311] analyzing module core_logic
INFO: [VRFC 10-311] analyzing module counter
INFO: [VRFC 10-311] analyzing module top
INFO: [VRFC 10-311] analyzing module blk_mem_gen_0blk_mem_gen_generic_cstr
INFO: [VRFC 10-311] analyzing module blk_mem_gen_0blk_mem_gen_prim_width
INFO: [VRFC 10-311] analyzing module blk_mem_gen_0blk_mem_gen_prim_wrapper_init
INFO: [VRFC 10-311] analyzing module blk_mem_gen_0blk_mem_gen_top
INFO: [VRFC 10-311] analyzing module blk_mem_gen_0blk_mem_gen_v8_3_4
INFO: [VRFC 10-311] analyzing module blk_mem_gen_0blk_mem_gen_v8_3_4_synth
INFO: [VRFC 10-311] analyzing module glbl
INFO: [VRFC 10-2263] Analyzing Verilog file "C:/College/Thesis/VivadoProjects/SHA1_BRAM/SHA1_BRAM.srcs/sim_1/new/tb.v" into library xil_defaultlib
INFO: [VRFC 10-311] analyzing module tb
INFO: [USF-XSim-69] 'compile' step finished in '1' seconds
INFO: [USF-XSim-3] XSim::Elaborate design
INFO: [USF-XSim-61] Executing 'ELABORATE' step in 'C:/College/Thesis/VivadoProjects/SHA1_BRAM/SHA1_BRAM.sim/sim_1/synth/timing'
Vivado Simulator 2016.3
Copyright 1986-1999, 2001-2016 Xilinx, Inc. All Rights Reserved.
Running: C:/Xilinx/Vivado/2016.3/bin/unwrapped/win64.o/xelab.exe -wto 3aadec31b4bc4a6b9575b40fb5bc3d17 --debug typical --relax --mt 2 --maxdelay -L xil_defaultlib -L simprims_ver -L secureip --snapshot tb_time_synth -transport_int_delays -pulse_r 0 -pulse_int_r 0 -pulse_e 0 -pulse_int_e 0 xil_defaultlib.tb xil_defaultlib.glbl -log elaborate.log 
Using 2 slave threads.
Starting static elaboration
Completed static elaboration
Starting simulation data flow analysis
Completed simulation data flow analysis
INFO: [XSIM 43-3451] SDF backannotation process started with SDF file "tb_time_synth.sdf", for root module "tb/T".
INFO: [XSIM 43-3452] SDF backannotation was successful for SDF file "tb_time_synth.sdf", for root module "tb/T".
Time Resolution for simulation is 1ps
Compiling module simprims_ver.GND
Compiling module simprims_ver.RB18_INTERNAL_VLOG(DOA_REG=0,DOB...
Compiling module simprims_ver.RAMB18E1(INIT_00=256'b0110100101...
Compiling module xil_defaultlib.blk_mem_gen_0blk_mem_gen_prim_wr...
Compiling module xil_defaultlib.blk_mem_gen_0blk_mem_gen_prim_wi...
Compiling module xil_defaultlib.blk_mem_gen_0blk_mem_gen_generic...
Compiling module xil_defaultlib.blk_mem_gen_0blk_mem_gen_top
Compiling module xil_defaultlib.blk_mem_gen_0blk_mem_gen_v8_3_4_...
Compiling module xil_defaultlib.blk_mem_gen_0blk_mem_gen_v8_3_4
Compiling module xil_defaultlib.blk_mem_gen_0
Compiling module simprims_ver.LUT4
Compiling module simprims_ver.LUT5
Compiling module simprims_ver.LUT6
Compiling module simprims_ver.x_lut1_mux2
Compiling module simprims_ver.LUT1
Compiling module simprims_ver.x_lut3_mux4
Compiling module simprims_ver.x_lut3_mux4_reduced_0
Compiling module simprims_ver.LUT3
Compiling module simprims_ver.x_lut2_mux4
Compiling module simprims_ver.LUT2
Compiling module simprims_ver.ffsrce_fdce
Compiling module simprims_ver.FDCE
Compiling module simprims_ver.CARRY4
Compiling module xil_defaultlib.counter
Compiling module simprims_ver.sffsrce_fdre
Compiling module simprims_ver.FDRE
Compiling module xil_defaultlib.HashMsgIn
Compiling module simprims_ver.ffsrce_fdpe
Compiling module simprims_ver.FDPE
Compiling module simprims_ver.latchsre_ldce
Compiling module simprims_ver.LDCE(INIT=1'b1)
Compiling module simprims_ver.LDCE
Compiling module xil_defaultlib.core_logic
Compiling module simprims_ver.BUFG
Compiling module simprims_ver.IBUF
Compiling module simprims_ver.OBUF
Compiling module xil_defaultlib.top
Compiling module xil_defaultlib.tb
Compiling module xil_defaultlib.glbl
Built simulation snapshot tb_time_synth

****** Webtalk v2016.3 (64-bit)
  **** SW Build 1682563 on Mon Oct 10 19:07:27 MDT 2016
  **** IP Build 1681267 on Mon Oct 10 21:28:31 MDT 2016
    ** Copyright 1986-2016 Xilinx, Inc. All Rights Reserved.

source C:/College/Thesis/VivadoProjects/SHA1_BRAM/SHA1_BRAM.sim/sim_1/synth/timing/xsim.dir/tb_time_synth/webtalk/xsim_webtalk.tcl -notrace
INFO: [Common 17-206] Exiting Webtalk at Tue Jul 11 13:52:27 2017...
run_program: Time (s): cpu = 00:00:02 ; elapsed = 00:05:08 . Memory (MB): peak = 1727.039 ; gain = 0.000
INFO: [USF-XSim-69] 'elaborate' step finished in '309' seconds
INFO: [USF-XSim-4] XSim::Simulate design
WARNING: [USF-XSim-17] WCFG file does not exist:C:/College/Thesis/SHA1_BRAM/tb_behav.wcfg
WARNING: [USF-XSim-17] WCFG file does not exist:C:/College/Thesis/SHA1_BRAM/tb_behav.wcfg
INFO: [USF-XSim-61] Executing 'SIMULATE' step in 'C:/College/Thesis/VivadoProjects/SHA1_BRAM/SHA1_BRAM.sim/sim_1/synth/timing'
INFO: [USF-XSim-98] *** Running xsim
   with args "tb_time_synth -key {Post-Synthesis:sim_1:Timing:tb} -tclbatch {tb.tcl} -log {simulate.log}"
INFO: [USF-XSim-8] Loading simulator feature
Vivado Simulator 2016.3
Time resolution is 1 ps
source tb.tcl
# set curr_wave [current_wave_config]
# if { [string length $curr_wave] == 0 } {
#   if { [llength [get_objects]] > 0} {
#     add_wave /
#     set_property needs_save false [current_wave_config]
#   } else {
#      send_msg_id Add_Wave-1 WARNING "No top level signals found. Simulator will start without a wave window. If you want to open a wave window go to 'File->New Waveform Configuration' or type 'create_wave_config' in the TCL console."
#   }
# }
# run 1000ns
xsim: Time (s): cpu = 00:00:01 ; elapsed = 00:00:07 . Memory (MB): peak = 1727.039 ; gain = 0.000
INFO: [USF-XSim-96] XSim completed. Design snapshot 'tb_time_synth' loaded.
INFO: [USF-XSim-97] XSim simulation ran for 1000ns
launch_simulation: Time (s): cpu = 00:00:11 ; elapsed = 00:05:26 . Memory (MB): peak = 1727.039 ; gain = 6.191
close_sim
INFO: [Simtcl 6-16] Simulation closed
close_sim
INFO: [Simtcl 6-16] Simulation closed
reset_run synth_1
launch_runs synth_1 -jobs 2
INFO: [HDL 9-2216] Analyzing Verilog file "C:/College/Thesis/VivadoProjects/SHA1_BRAM/SHA1_BRAM.srcs/sources_1/new/core_logic.v" into library work [C:/College/Thesis/VivadoProjects/SHA1_BRAM/SHA1_BRAM.srcs/sources_1/new/core_logic.v:1]
[Tue Jul 11 14:13:02 2017] Launched synth_1...
Run output will be captured here: C:/College/Thesis/VivadoProjects/SHA1_BRAM/SHA1_BRAM.runs/synth_1/runme.log
refresh_design
INFO: [Project 1-454] Reading design checkpoint 'c:/College/Thesis/VivadoProjects/SHA1_BRAM/SHA1_BRAM.srcs/sources_1/ip/blk_mem_gen_0/blk_mem_gen_0.dcp' for cell 'B0'
INFO: [Netlist 29-17] Analyzing 659 Unisim elements for replacement
INFO: [Netlist 29-28] Unisim Transformation completed in 0 CPU seconds
WARNING: [Netlist 29-101] Netlist 'top' is not ideal for floorplanning, since the cellview 'core_logic' contains a large number of primitives.  Please consider enabling hierarchy in synthesis if you want to do floorplanning.
INFO: [Project 1-479] Netlist was created with Vivado 2016.3
INFO: [Project 1-570] Preparing netlist for logic optimization
INFO: [Project 1-538] Using original IP XDC constraints instead of the XDC constraints in dcp 'c:/College/Thesis/VivadoProjects/SHA1_BRAM/SHA1_BRAM.srcs/sources_1/ip/blk_mem_gen_0/blk_mem_gen_0.dcp'
INFO: [Opt 31-138] Pushed 0 inverter(s) to 0 load pin(s).
refresh_design: Time (s): cpu = 00:00:13 ; elapsed = 00:00:09 . Memory (MB): peak = 1744.910 ; gain = 0.000
launch_simulation -mode post-synthesis -type timing
INFO: [Vivado 12-4795] Using compiled simulation libraries for IPs
INFO: [SIM-utils-51] Simulation object is 'sim_1'
INFO: [SIM-utils-24] Writing simulation netlist file for design 'synth_1'...
INFO: [SIM-utils-25] write_verilog -mode timesim -nolib -sdf_anno true -force -file "C:/College/Thesis/VivadoProjects/SHA1_BRAM/SHA1_BRAM.sim/sim_1/synth/timing/tb_time_synth.v"
INFO: [SIM-utils-27] Writing SDF file...
INFO: [SIM-utils-28] write_sdf -mode timesim -process_corner slow -force -file "C:/College/Thesis/VivadoProjects/SHA1_BRAM/SHA1_BRAM.sim/sim_1/synth/timing/tb_time_synth.sdf"
write_sdf: Time (s): cpu = 00:00:08 ; elapsed = 00:00:09 . Memory (MB): peak = 1744.910 ; gain = 0.000
INFO: [SIM-utils-36] Netlist generated:C:/College/Thesis/VivadoProjects/SHA1_BRAM/SHA1_BRAM.sim/sim_1/synth/timing/tb_time_synth.v
INFO: [SIM-utils-37] SDF generated:C:/College/Thesis/VivadoProjects/SHA1_BRAM/SHA1_BRAM.sim/sim_1/synth/timing/tb_time_synth.sdf
INFO: [USF-XSim-7] Finding pre-compiled libraries...
INFO: [USF-XSim-11] File 'C:/Xilinx/Vivado/2016.3/data/xsim/ip/xsim_ip.ini' copied to run dir:'C:/College/Thesis/VivadoProjects/SHA1_BRAM/SHA1_BRAM.sim/sim_1/synth/timing'
INFO: [USF-XSim-37] Inspecting design source files for 'tb' in fileset 'sim_1'...
INFO: [SIM-utils-43] Exported 'C:/College/Thesis/VivadoProjects/SHA1_BRAM/SHA1_BRAM.sim/sim_1/synth/timing/blk_mem_gen_0.mif'
INFO: [SIM-utils-43] Exported 'C:/College/Thesis/VivadoProjects/SHA1_BRAM/SHA1_BRAM.sim/sim_1/synth/timing/Init.coe'
INFO: [USF-XSim-2] XSim::Compile design
INFO: [USF-XSim-61] Executing 'COMPILE and ANALYZE' step in 'C:/College/Thesis/VivadoProjects/SHA1_BRAM/SHA1_BRAM.sim/sim_1/synth/timing'
"xvlog -m64 --relax -prj tb_vlog.prj"
INFO: [VRFC 10-2263] Analyzing Verilog file "C:/College/Thesis/VivadoProjects/SHA1_BRAM/SHA1_BRAM.sim/sim_1/synth/timing/tb_time_synth.v" into library xil_defaultlib
INFO: [VRFC 10-311] analyzing module HashMsgIn
INFO: [VRFC 10-311] analyzing module blk_mem_gen_0
INFO: [VRFC 10-311] analyzing module core_logic
INFO: [VRFC 10-311] analyzing module counter
INFO: [VRFC 10-311] analyzing module top
INFO: [VRFC 10-311] analyzing module blk_mem_gen_0blk_mem_gen_generic_cstr
INFO: [VRFC 10-311] analyzing module blk_mem_gen_0blk_mem_gen_prim_width
INFO: [VRFC 10-311] analyzing module blk_mem_gen_0blk_mem_gen_prim_wrapper_init
INFO: [VRFC 10-311] analyzing module blk_mem_gen_0blk_mem_gen_top
INFO: [VRFC 10-311] analyzing module blk_mem_gen_0blk_mem_gen_v8_3_4
INFO: [VRFC 10-311] analyzing module blk_mem_gen_0blk_mem_gen_v8_3_4_synth
INFO: [VRFC 10-311] analyzing module glbl
INFO: [VRFC 10-2263] Analyzing Verilog file "C:/College/Thesis/VivadoProjects/SHA1_BRAM/SHA1_BRAM.srcs/sim_1/new/tb.v" into library xil_defaultlib
INFO: [VRFC 10-311] analyzing module tb
INFO: [USF-XSim-69] 'compile' step finished in '2' seconds
INFO: [USF-XSim-3] XSim::Elaborate design
INFO: [USF-XSim-61] Executing 'ELABORATE' step in 'C:/College/Thesis/VivadoProjects/SHA1_BRAM/SHA1_BRAM.sim/sim_1/synth/timing'
Vivado Simulator 2016.3
Copyright 1986-1999, 2001-2016 Xilinx, Inc. All Rights Reserved.
Running: C:/Xilinx/Vivado/2016.3/bin/unwrapped/win64.o/xelab.exe -wto 3aadec31b4bc4a6b9575b40fb5bc3d17 --debug typical --relax --mt 2 --maxdelay -L xil_defaultlib -L simprims_ver -L secureip --snapshot tb_time_synth -transport_int_delays -pulse_r 0 -pulse_int_r 0 -pulse_e 0 -pulse_int_e 0 xil_defaultlib.tb xil_defaultlib.glbl -log elaborate.log 
Using 2 slave threads.
Starting static elaboration
Completed static elaboration
Starting simulation data flow analysis
Completed simulation data flow analysis
INFO: [XSIM 43-3451] SDF backannotation process started with SDF file "tb_time_synth.sdf", for root module "tb/T".
INFO: [XSIM 43-3452] SDF backannotation was successful for SDF file "tb_time_synth.sdf", for root module "tb/T".
Time Resolution for simulation is 1ps
Compiling module simprims_ver.GND
Compiling module simprims_ver.RB18_INTERNAL_VLOG(DOA_REG=0,DOB...
Compiling module simprims_ver.RAMB18E1(INIT_00=256'b0110100101...
Compiling module xil_defaultlib.blk_mem_gen_0blk_mem_gen_prim_wr...
Compiling module xil_defaultlib.blk_mem_gen_0blk_mem_gen_prim_wi...
Compiling module xil_defaultlib.blk_mem_gen_0blk_mem_gen_generic...
Compiling module xil_defaultlib.blk_mem_gen_0blk_mem_gen_top
Compiling module xil_defaultlib.blk_mem_gen_0blk_mem_gen_v8_3_4_...
Compiling module xil_defaultlib.blk_mem_gen_0blk_mem_gen_v8_3_4
Compiling module xil_defaultlib.blk_mem_gen_0
Compiling module simprims_ver.LUT4
Compiling module simprims_ver.LUT5
Compiling module simprims_ver.LUT6
Compiling module simprims_ver.x_lut1_mux2
Compiling module simprims_ver.LUT1
Compiling module simprims_ver.x_lut3_mux4
Compiling module simprims_ver.x_lut3_mux4_reduced_0
Compiling module simprims_ver.LUT3
Compiling module simprims_ver.x_lut2_mux4
Compiling module simprims_ver.LUT2
Compiling module simprims_ver.ffsrce_fdce
Compiling module simprims_ver.FDCE
Compiling module simprims_ver.CARRY4
Compiling module xil_defaultlib.counter
Compiling module simprims_ver.sffsrce_fdre
Compiling module simprims_ver.FDRE
Compiling module xil_defaultlib.HashMsgIn
Compiling module simprims_ver.ffsrce_fdpe
Compiling module simprims_ver.FDPE
Compiling module simprims_ver.latchsre_ldce
Compiling module simprims_ver.LDCE(INIT=1'b1)
Compiling module simprims_ver.LDCE
Compiling module xil_defaultlib.core_logic
Compiling module simprims_ver.BUFG
Compiling module simprims_ver.IBUF
Compiling module simprims_ver.OBUF
Compiling module xil_defaultlib.top
Compiling module xil_defaultlib.tb
Compiling module xil_defaultlib.glbl
Built simulation snapshot tb_time_synth

****** Webtalk v2016.3 (64-bit)
  **** SW Build 1682563 on Mon Oct 10 19:07:27 MDT 2016
  **** IP Build 1681267 on Mon Oct 10 21:28:31 MDT 2016
    ** Copyright 1986-2016 Xilinx, Inc. All Rights Reserved.

source C:/College/Thesis/VivadoProjects/SHA1_BRAM/SHA1_BRAM.sim/sim_1/synth/timing/xsim.dir/tb_time_synth/webtalk/xsim_webtalk.tcl -notrace
INFO: [Common 17-206] Exiting Webtalk at Tue Jul 11 14:48:57 2017...
run_program: Time (s): cpu = 00:00:03 ; elapsed = 00:05:27 . Memory (MB): peak = 1744.910 ; gain = 0.000
INFO: [USF-XSim-69] 'elaborate' step finished in '327' seconds
INFO: [USF-XSim-4] XSim::Simulate design
WARNING: [USF-XSim-17] WCFG file does not exist:C:/College/Thesis/SHA1_BRAM/tb_behav.wcfg
WARNING: [USF-XSim-17] WCFG file does not exist:C:/College/Thesis/SHA1_BRAM/tb_behav.wcfg
INFO: [USF-XSim-61] Executing 'SIMULATE' step in 'C:/College/Thesis/VivadoProjects/SHA1_BRAM/SHA1_BRAM.sim/sim_1/synth/timing'
INFO: [USF-XSim-98] *** Running xsim
   with args "tb_time_synth -key {Post-Synthesis:sim_1:Timing:tb} -tclbatch {tb.tcl} -log {simulate.log}"
INFO: [USF-XSim-8] Loading simulator feature
Vivado Simulator 2016.3
Time resolution is 1 ps
source tb.tcl
# set curr_wave [current_wave_config]
# if { [string length $curr_wave] == 0 } {
#   if { [llength [get_objects]] > 0} {
#     add_wave /
#     set_property needs_save false [current_wave_config]
#   } else {
#      send_msg_id Add_Wave-1 WARNING "No top level signals found. Simulator will start without a wave window. If you want to open a wave window go to 'File->New Waveform Configuration' or type 'create_wave_config' in the TCL console."
#   }
# }
# run 1000ns
run: Time (s): cpu = 00:00:02 ; elapsed = 00:00:05 . Memory (MB): peak = 1744.910 ; gain = 0.000
xsim: Time (s): cpu = 00:00:03 ; elapsed = 00:00:07 . Memory (MB): peak = 1744.910 ; gain = 0.000
INFO: [USF-XSim-96] XSim completed. Design snapshot 'tb_time_synth' loaded.
INFO: [USF-XSim-97] XSim simulation ran for 1000ns
launch_simulation: Time (s): cpu = 00:00:15 ; elapsed = 00:05:46 . Memory (MB): peak = 1744.910 ; gain = 0.000
close_sim
INFO: [Simtcl 6-16] Simulation closed
exit
