#-----------------------------------------------------------
# Vivado v2016.3 (64-bit)
# SW Build 1682563 on Mon Oct 10 19:07:27 MDT 2016
# IP Build 1681267 on Mon Oct 10 21:28:31 MDT 2016
# Start of session at: Thu Jun 01 10:39:47 2017
# Process ID: 4284
# Current directory: C:/College/Thesis/VivadoProjects/SHA1_core
# Command line: vivado.exe -gui_launcher_event rodinguilauncherevent9856 C:\College\Thesis\VivadoProjects\SHA1_core\SHA1_core.xpr
# Log file: C:/College/Thesis/VivadoProjects/SHA1_core/vivado.log
# Journal file: C:/College/Thesis/VivadoProjects/SHA1_core\vivado.jou
#-----------------------------------------------------------
start_gui
open_project C:/College/Thesis/VivadoProjects/SHA1_core/SHA1_core.xpr
Scanning sources...
Finished scanning sources
WARNING: [filemgmt 56-3] IP Output Repository Path: Could not find the directory 'C:/College/Thesis/VivadoProjects/SHA1_core/SHA1_core.cache/ip'.
INFO: [IP_Flow 19-234] Refreshing IP repositories
INFO: [IP_Flow 19-1704] No user IP repositories specified
INFO: [IP_Flow 19-2313] Loaded Vivado IP repository 'C:/Xilinx/Vivado/2016.3/data/ip'.
launch_simulation
INFO: [SIM-utils-51] Simulation object is 'sim_1'
INFO: [USF-XSim-37] Inspecting design source files for 'SHA1_core_tb' in fileset 'sim_1'...
INFO: [USF-XSim-97] Finding global include files...
INFO: [USF-XSim-98] Fetching design files from 'sim_1'...
INFO: [USF-XSim-2] XSim::Compile design
INFO: [USF-XSim-61] Executing 'COMPILE and ANALYZE' step in 'C:/College/Thesis/VivadoProjects/SHA1_core/SHA1_core.sim/sim_1/behav'
"xvlog -m64 --relax -prj SHA1_core_tb_vlog.prj"
INFO: [VRFC 10-2263] Analyzing Verilog file "C:/College/Thesis/VivadoProjects/SHA1_core/SHA1_core.srcs/sources_1/new/SHA1_core.v" into library xil_defaultlib
INFO: [VRFC 10-311] analyzing module SHA1_core
WARNING: [VRFC 10-1315] redeclaration of ansi port digest_out is not allowed [C:/College/Thesis/VivadoProjects/SHA1_core/SHA1_core.srcs/sources_1/new/SHA1_core.v:41]
INFO: [VRFC 10-2263] Analyzing Verilog file "C:/College/Thesis/VivadoProjects/SHA1_core/SHA1_core.srcs/sim_1/new/SHA1_core_tb.v" into library xil_defaultlib
INFO: [VRFC 10-311] analyzing module SHA1_core_tb
INFO: [VRFC 10-2263] Analyzing Verilog file "C:/College/Thesis/VivadoProjects/SHA1_core/SHA1_core.sim/sim_1/behav/glbl.v" into library xil_defaultlib
INFO: [VRFC 10-311] analyzing module glbl
INFO: [USF-XSim-69] 'compile' step finished in '1' seconds
INFO: [USF-XSim-3] XSim::Elaborate design
INFO: [USF-XSim-61] Executing 'ELABORATE' step in 'C:/College/Thesis/VivadoProjects/SHA1_core/SHA1_core.sim/sim_1/behav'
Vivado Simulator 2016.3
Copyright 1986-1999, 2001-2016 Xilinx, Inc. All Rights Reserved.
Running: C:/Xilinx/Vivado/2016.3/bin/unwrapped/win64.o/xelab.exe -wto dd07ee5cfe8046548a813284afb3a1c9 --debug typical --relax --mt 2 -L xil_defaultlib -L unisims_ver -L unimacro_ver -L secureip --snapshot SHA1_core_tb_behav xil_defaultlib.SHA1_core_tb xil_defaultlib.glbl -log elaborate.log 
Using 2 slave threads.
Starting static elaboration
Completed static elaboration
Starting simulation data flow analysis
Completed simulation data flow analysis
Time Resolution for simulation is 1ps
Compiling module xil_defaultlib.SHA1_core
Compiling module xil_defaultlib.SHA1_core_tb
Compiling module xil_defaultlib.glbl
Built simulation snapshot SHA1_core_tb_behav

****** Webtalk v2016.3 (64-bit)
  **** SW Build 1682563 on Mon Oct 10 19:07:27 MDT 2016
  **** IP Build 1681267 on Mon Oct 10 21:28:31 MDT 2016
    ** Copyright 1986-2016 Xilinx, Inc. All Rights Reserved.

source C:/College/Thesis/VivadoProjects/SHA1_core/SHA1_core.sim/sim_1/behav/xsim.dir/SHA1_core_tb_behav/webtalk/xsim_webtalk.tcl -notrace
INFO: [Common 17-186] 'C:/College/Thesis/VivadoProjects/SHA1_core/SHA1_core.sim/sim_1/behav/xsim.dir/SHA1_core_tb_behav/webtalk/usage_statistics_ext_xsim.xml' has been successfully sent to Xilinx on Thu Jun 01 10:40:22 2017. For additional details about this file, please refer to the WebTalk help file at C:/Xilinx/Vivado/2016.3/doc/webtalk_introduction.html.
INFO: [Common 17-206] Exiting Webtalk at Thu Jun 01 10:40:22 2017...
run_program: Time (s): cpu = 00:00:01 ; elapsed = 00:00:05 . Memory (MB): peak = 828.742 ; gain = 0.000
INFO: [USF-XSim-69] 'elaborate' step finished in '6' seconds
INFO: [USF-XSim-4] XSim::Simulate design
INFO: [USF-XSim-61] Executing 'SIMULATE' step in 'C:/College/Thesis/VivadoProjects/SHA1_core/SHA1_core.sim/sim_1/behav'
INFO: [USF-XSim-98] *** Running xsim
   with args "SHA1_core_tb_behav -key {Behavioral:sim_1:Functional:SHA1_core_tb} -tclbatch {SHA1_core_tb.tcl} -log {simulate.log}"
INFO: [USF-XSim-8] Loading simulator feature
Vivado Simulator 2016.3
Time resolution is 1 ps
source SHA1_core_tb.tcl
# set curr_wave [current_wave_config]
# if { [string length $curr_wave] == 0 } {
#   if { [llength [get_objects]] > 0} {
#     add_wave /
#     set_property needs_save false [current_wave_config]
#   } else {
#      send_msg_id Add_Wave-1 WARNING "No top level signals found. Simulator will start without a wave window. If you want to open a wave window go to 'File->New Waveform Configuration' or type 'create_wave_config' in the TCL console."
#   }
# }
# run 1000ns
INFO: [USF-XSim-96] XSim completed. Design snapshot 'SHA1_core_tb_behav' loaded.
INFO: [USF-XSim-97] XSim simulation ran for 1000ns
launch_simulation: Time (s): cpu = 00:00:06 ; elapsed = 00:00:09 . Memory (MB): peak = 885.715 ; gain = 56.973
close_sim
INFO: [Simtcl 6-16] Simulation closed
exit
INFO: [Common 17-206] Exiting Vivado at Thu Jun 01 10:44:36 2017...
