#-----------------------------------------------------------
# Vivado v2016.3 (64-bit)
# SW Build 1682563 on Mon Oct 10 19:07:27 MDT 2016
# IP Build 1681267 on Mon Oct 10 21:28:31 MDT 2016
# Start of session at: Thu Jun 15 13:39:27 2017
# Process ID: 4316
# Current directory: C:/College/Thesis/VivadoProjects/SHA1_block
# Command line: vivado.exe -gui_launcher_event rodinguilauncherevent8040 C:\College\Thesis\VivadoProjects\SHA1_block\SHA1_block.xpr
# Log file: C:/College/Thesis/VivadoProjects/SHA1_block/vivado.log
# Journal file: C:/College/Thesis/VivadoProjects/SHA1_block\vivado.jou
#-----------------------------------------------------------
start_gui
open_project C:/College/Thesis/VivadoProjects/SHA1_block/SHA1_block.xpr
Scanning sources...
Finished scanning sources
WARNING: [filemgmt 56-3] IP Output Repository Path: Could not find the directory 'C:/College/Thesis/VivadoProjects/SHA1_block/SHA1_block.cache/ip'.
INFO: [IP_Flow 19-234] Refreshing IP repositories
INFO: [IP_Flow 19-1704] No user IP repositories specified
INFO: [IP_Flow 19-2313] Loaded Vivado IP repository 'C:/Xilinx/Vivado/2016.3/data/ip'.
reset_run synth_1
launch_runs synth_1
INFO: [HDL 9-2216] Analyzing Verilog file "C:/College/Thesis/VivadoProjects/SHA1_block/SHA1_block.srcs/sources_1/new/HashIn.v" into library work [C:/College/Thesis/VivadoProjects/SHA1_block/SHA1_block.srcs/sources_1/new/HashIn.v:1]
INFO: [HDL 9-2216] Analyzing Verilog file "C:/College/Thesis/VivadoProjects/SHA1_block/SHA1_block.srcs/sources_1/new/counter.v" into library work [C:/College/Thesis/VivadoProjects/SHA1_block/SHA1_block.srcs/sources_1/new/counter.v:1]
INFO: [HDL 9-2216] Analyzing Verilog file "C:/College/Thesis/VivadoProjects/SHA1_block/SHA1_block.srcs/sources_1/new/top.v" into library work [C:/College/Thesis/VivadoProjects/SHA1_block/SHA1_block.srcs/sources_1/new/top.v:1]
[Thu Jun 15 13:39:49 2017] Launched synth_1...
Run output will be captured here: C:/College/Thesis/VivadoProjects/SHA1_block/SHA1_block.runs/synth_1/runme.log
exit
INFO: [Common 17-206] Exiting Vivado at Thu Jun 15 16:03:16 2017...
