#-----------------------------------------------------------
# Vivado v2016.3 (64-bit)
# SW Build 1682563 on Mon Oct 10 19:07:27 MDT 2016
# IP Build 1681267 on Mon Oct 10 21:28:31 MDT 2016
# Start of session at: Mon Jun 05 16:11:50 2017
# Process ID: 13896
# Current directory: C:/College/Thesis/VivadoProjects/SHA1_core
# Command line: vivado.exe -gui_launcher_event rodinguilauncherevent9128 C:\College\Thesis\VivadoProjects\SHA1_core\SHA1_core.xpr
# Log file: C:/College/Thesis/VivadoProjects/SHA1_core/vivado.log
# Journal file: C:/College/Thesis/VivadoProjects/SHA1_core\vivado.jou
#-----------------------------------------------------------
start_gui
open_project C:/College/Thesis/VivadoProjects/SHA1_core/SHA1_core.xpr
Scanning sources...
Finished scanning sources
WARNING: [filemgmt 56-3] IP Output Repository Path: Could not find the directory 'C:/College/Thesis/VivadoProjects/SHA1_core/SHA1_core.cache/ip'.
INFO: [IP_Flow 19-234] Refreshing IP repositories
INFO: [IP_Flow 19-1704] No user IP repositories specified
INFO: [IP_Flow 19-2313] Loaded Vivado IP repository 'C:/Xilinx/Vivado/2016.3/data/ip'.
open_project: Time (s): cpu = 00:00:11 ; elapsed = 00:00:05 . Memory (MB): peak = 843.965 ; gain = 189.520
reset_run synth_1
launch_runs impl_1
[Mon Jun 05 16:12:21 2017] Launched synth_1...
Run output will be captured here: C:/College/Thesis/VivadoProjects/SHA1_core/SHA1_core.runs/synth_1/runme.log
[Mon Jun 05 16:12:21 2017] Launched impl_1...
Run output will be captured here: C:/College/Thesis/VivadoProjects/SHA1_core/SHA1_core.runs/impl_1/runme.log
remove_files  C:/College/Thesis/VivadoProjects/SHA1_core/SHA1_core.srcs/sources_1/new/top.v
file delete -force C:/College/Thesis/VivadoProjects/SHA1_core/SHA1_core.srcs/sources_1/new/top.v
remove_files  C:/College/Thesis/VivadoProjects/SHA1_core/SHA1_core.srcs/sources_1/new/pad0.v
file delete -force C:/College/Thesis/VivadoProjects/SHA1_core/SHA1_core.srcs/sources_1/new/pad0.v
remove_files  C:/College/Thesis/VivadoProjects/SHA1_core/SHA1_core.srcs/sources_1/new/SHA1_core.v
file delete -force C:/College/Thesis/VivadoProjects/SHA1_core/SHA1_core.srcs/sources_1/new/SHA1_core.v
set_property is_enabled false [get_files  {C:/College/Thesis/VivadoProjects/SHA1_core/SHA1_core.srcs/sources_1/new/Final_hash.v C:/College/Thesis/VivadoProjects/SHA1_core/SHA1_core.srcs/sources_1/new/Func0.v C:/College/Thesis/VivadoProjects/SHA1_core/SHA1_core.srcs/sources_1/new/Round20_39.v C:/College/Thesis/VivadoProjects/SHA1_core/SHA1_core.srcs/sources_1/new/Round40_59.v C:/College/Thesis/VivadoProjects/SHA1_core/SHA1_core.srcs/sources_1/new/Round60_79.v C:/College/Thesis/VivadoProjects/SHA1_core/SHA1_core.srcs/sources_1/new/block0_15.v C:/College/Thesis/VivadoProjects/SHA1_core/SHA1_core.srcs/sources_1/new/block16_79.v C:/College/Thesis/VivadoProjects/SHA1_core/SHA1_core.srcs/sources_1/new/init_ABCDE.v C:/College/Thesis/VivadoProjects/SHA1_core/SHA1_core.srcs/sources_1/new/init_H01234.v C:/College/Thesis/VivadoProjects/SHA1_core/SHA1_core.srcs/sources_1/new/msg_input.v C:/College/Thesis/VivadoProjects/SHA1_core/SHA1_core.srcs/sources_1/new/pad1.v}]
update_compile_order -fileset sources_1
close [ open C:/College/Thesis/VivadoProjects/SHA1_core/SHA1_core.srcs/sources_1/new/test_core.v w ]
add_files C:/College/Thesis/VivadoProjects/SHA1_core/SHA1_core.srcs/sources_1/new/test_core.v
update_compile_order -fileset sources_1
update_compile_order -fileset sources_1
reset_run synth_1
launch_runs synth_1
INFO: [HDL 9-2216] Analyzing Verilog file "C:/College/Thesis/VivadoProjects/SHA1_core/SHA1_core.srcs/sources_1/new/test_core.v" into library work [C:/College/Thesis/VivadoProjects/SHA1_core/SHA1_core.srcs/sources_1/new/test_core.v:1]
[Mon Jun 05 16:17:23 2017] Launched synth_1...
Run output will be captured here: C:/College/Thesis/VivadoProjects/SHA1_core/SHA1_core.runs/synth_1/runme.log
launch_runs impl_1
[Mon Jun 05 16:19:21 2017] Launched impl_1...
Run output will be captured here: C:/College/Thesis/VivadoProjects/SHA1_core/SHA1_core.runs/impl_1/runme.log
exit
INFO: [Common 17-206] Exiting Vivado at Mon Jun 05 16:20:47 2017...
