Vivado Simulator 2016.3
Copyright 1986-1999, 2001-2016 Xilinx, Inc. All Rights Reserved.
Running: C:/Xilinx/Vivado/2016.3/bin/unwrapped/win64.o/xelab.exe -wto 3aadec31b4bc4a6b9575b40fb5bc3d17 --debug typical --relax --mt 2 -L xil_defaultlib -L unisims_ver -L secureip --snapshot tb_func_synth xil_defaultlib.tb xil_defaultlib.glbl -log elaborate.log 
Using 2 slave threads.
Starting static elaboration
Completed static elaboration
Starting simulation data flow analysis
Completed simulation data flow analysis
Time Resolution for simulation is 1ps
Compiling module unisims_ver.GND
Compiling module unisims_ver.RB18_INTERNAL_VLOG(DOA_REG=0,DOB...
Compiling module unisims_ver.RAMB18E1(INIT_00=256'b0110000111...
Compiling module xil_defaultlib.blk_mem_gen_0_blk_mem_gen_prim_w...
Compiling module xil_defaultlib.blk_mem_gen_0_blk_mem_gen_prim_w...
Compiling module xil_defaultlib.blk_mem_gen_0_blk_mem_gen_generi...
Compiling module xil_defaultlib.blk_mem_gen_0_blk_mem_gen_top
Compiling module xil_defaultlib.blk_mem_gen_0_blk_mem_gen_v8_3_4...
Compiling module xil_defaultlib.blk_mem_gen_0_blk_mem_gen_v8_3_4
Compiling module xil_defaultlib.blk_mem_gen_0
Compiling module unisims_ver.RB18_INTERNAL_VLOG(DOA_REG=0,DOB...
Compiling module unisims_ver.RAMB18E1(INIT_00=256'b0110000101...
Compiling module xil_defaultlib.blk_mem_gen_1_blk_mem_gen_prim_w...
Compiling module xil_defaultlib.blk_mem_gen_1_blk_mem_gen_prim_w...
Compiling module xil_defaultlib.blk_mem_gen_1_blk_mem_gen_generi...
Compiling module xil_defaultlib.blk_mem_gen_1_blk_mem_gen_top
Compiling module xil_defaultlib.blk_mem_gen_1_blk_mem_gen_v8_3_4...
Compiling module xil_defaultlib.blk_mem_gen_1_blk_mem_gen_v8_3_4
Compiling module xil_defaultlib.blk_mem_gen_1
Compiling module unisims_ver.LUT6
Compiling module unisims_ver.x_lut2_mux4
Compiling module unisims_ver.LUT2
Compiling module unisims_ver.LUT5
Compiling module unisims_ver.LUT4
Compiling module unisims_ver.x_lut1_mux2
Compiling module unisims_ver.LUT1
Compiling module unisims_ver.x_lut3_mux4
Compiling module unisims_ver.x_lut3_mux4_reduced_0
Compiling module unisims_ver.LUT3
Compiling module unisims_ver.ffsrce_fdce
Compiling module unisims_ver.FDCE
Compiling module xil_defaultlib.counter
Compiling module xil_defaultlib.counter_0
Compiling module unisims_ver.sffsrce_fdre
Compiling module unisims_ver.FDRE
Compiling module xil_defaultlib.HashIn
Compiling module unisims_ver.BUFG
Compiling module unisims_ver.IBUF
Compiling module unisims_ver.OBUF
Compiling module xil_defaultlib.top
Compiling module xil_defaultlib.tb
Compiling module xil_defaultlib.glbl
Built simulation snapshot tb_func_synth
