INFO: [VRFC 10-2263] Analyzing Verilog file "C:/College/Thesis/VivadoProjects/SHA1_BRAM/SHA1_BRAM.sim/sim_1/synth/func/tb_func_synth.v" into library xil_defaultlib
INFO: [VRFC 10-311] analyzing module HashIn
INFO: [VRFC 10-311] analyzing module blk_mem_gen_0
INFO: [VRFC 10-311] analyzing module blk_mem_gen_1
INFO: [VRFC 10-311] analyzing module counter
INFO: [VRFC 10-311] analyzing module counter_0
INFO: [VRFC 10-311] analyzing module top
INFO: [VRFC 10-311] analyzing module blk_mem_gen_0_blk_mem_gen_generic_cstr
INFO: [VRFC 10-311] analyzing module blk_mem_gen_0_blk_mem_gen_prim_width
INFO: [VRFC 10-311] analyzing module blk_mem_gen_0_blk_mem_gen_prim_wrapper_init
INFO: [VRFC 10-311] analyzing module blk_mem_gen_0_blk_mem_gen_top
INFO: [VRFC 10-311] analyzing module blk_mem_gen_0_blk_mem_gen_v8_3_4
INFO: [VRFC 10-311] analyzing module blk_mem_gen_0_blk_mem_gen_v8_3_4_synth
INFO: [VRFC 10-311] analyzing module blk_mem_gen_1_blk_mem_gen_generic_cstr
INFO: [VRFC 10-311] analyzing module blk_mem_gen_1_blk_mem_gen_prim_width
INFO: [VRFC 10-311] analyzing module blk_mem_gen_1_blk_mem_gen_prim_wrapper_init
INFO: [VRFC 10-311] analyzing module blk_mem_gen_1_blk_mem_gen_top
INFO: [VRFC 10-311] analyzing module blk_mem_gen_1_blk_mem_gen_v8_3_4
INFO: [VRFC 10-311] analyzing module blk_mem_gen_1_blk_mem_gen_v8_3_4_synth
INFO: [VRFC 10-311] analyzing module glbl
INFO: [VRFC 10-2263] Analyzing Verilog file "C:/College/Thesis/VivadoProjects/SHA1_BRAM/SHA1_BRAM.srcs/sim_1/new/tb.v" into library xil_defaultlib
INFO: [VRFC 10-311] analyzing module tb
