Unable to capture context for thread 8864 in process 10140, can not generate back trace
Unable to capture context for thread 2392 in process 10140, can not generate back trace
Unable to capture context for thread 5284 in process 10140, can not generate back trace
Exception at PC 0x00007FFA2C37BB93
Printing stacktrace...

Unable to capture context for thread 5284 in process 10140, can not generate back trace
Exception at PC 0x00007FFAA9869E08
Exception at PC 0x00007FFAA9869E08
Exception at PC 0x00007FFAA9869E08
Exception at PC 0x00007FFAA9869E08
Exception at PC 0x00007FFAA9869E08
Exception at PC 0x00007FFAA9869E08
Exception at PC 0x00007FFAA9869E08
Exception at PC 0x00007FFAA9869E08
Exception at PC 0x00007FFAA9869E08
Exception at PC 0x00007FFAA9869E08
Exception at PC 0x00007FFAA9869E08
Exception at PC 0x00007FFAA9869E08
Exception at PC 0x00007FFAA9869E08
Exception at PC 0x00007FFAA9869E08
Exception at PC 0x00007FFAA9869E08
Exception at PC 0x00007FFAA9869E08
Exception at PC 0x00007FFAA9869E08
Exception at PC 0x00007FFAA9869E08
Exception at PC 0x00007FFAA9869E08
[0]  [0x00007FFA2C37BB93]
[1]  [0x00007FFA2C37BB93]
[2]  [0x00007FFA2C37B4A1]
[3]  [0x00007FFA2C37B3EF]
[4]  [0x00007FFA2C3619FE]
[5]  [0x00007FFA2C360ED1]
[6]  [0x00007FFA2C360D76]
[7]  [0x00007FFA2C3079F6]
[8]  [0x00007FFA2C2F7AFB]
[9]  [0x00007FFA2C41E90A]
[10]  [0x00007FFA2C439F87]
[11]  [0x00007FFA2C43A05F]
[12] (BaseThreadInitThunk+0x14) [0x00007FFAACB92774]
[13] (RtlUserThreadStart+0x21) [0x00007FFAACD50D61]
Done
