Unable to capture context for thread 15368 in process 9704, can not generate back trace
Unable to capture context for thread 8456 in process 9704, can not generate back trace
Exception at PC 0x00007FF9D8D4BB93
Printing stacktrace...

Unable to capture context for thread 8456 in process 9704, can not generate back trace
Exception at PC 0x00007FFA2FD09E08
Exception at PC 0x00007FFA2FD09E08
Exception at PC 0x00007FFA2FD09E08
Exception at PC 0x00007FFA2FD09E08
Exception at PC 0x00007FFA2FD09E08
Exception at PC 0x00007FFA2FD09E08
Exception at PC 0x00007FFA2FD09E08
Exception at PC 0x00007FFA2FD09E08
Exception at PC 0x00007FFA2FD09E08
Exception at PC 0x00007FFA2FD09E08
Exception at PC 0x00007FFA2FD09E08
Exception at PC 0x00007FFA2FD09E08
Exception at PC 0x00007FFA2FD09E08
Exception at PC 0x00007FFA2FD09E08
Exception at PC 0x00007FFA2FD09E08
Exception at PC 0x00007FFA2FD09E08
Exception at PC 0x00007FFA2FD09E08
Exception at PC 0x00007FFA2FD09E08
Exception at PC 0x00007FFA2FD09E08
[0]  [0x00007FF9D8D4BB93]
[1]  [0x00007FF9D8D4BB93]
[2]  [0x00007FF9D8D4B4A1]
[3]  [0x00007FF9D8D4B3EF]
[4]  [0x00007FF9D8D319FE]
[5]  [0x00007FF9D8D30ED1]
[6]  [0x00007FF9D8D30D76]
[7]  [0x00007FF9D8CD79F6]
[8]  [0x00007FF9D8CC7AFB]
[9]  [0x00007FF9D8DEE90A]
[10]  [0x00007FF9D8E09F87]
[11]  [0x00007FF9D8E0A05F]
[12] (BaseThreadInitThunk+0x14) [0x00007FFA31522774]
[13] (RtlUserThreadStart+0x21) [0x00007FFA335B0D61]
Done
