Vivado Simulator 2016.3
Copyright 1986-1999, 2001-2016 Xilinx, Inc. All Rights Reserved.
Running: C:/Xilinx/Vivado/2016.3/bin/unwrapped/win64.o/xelab.exe -wto 1347c62a978e4969a2b5e48270acf9ed --debug typical --relax --mt 2 -L xil_defaultlib -L unisims_ver -L secureip --snapshot my_bram_tb_func_synth xil_defaultlib.my_bram_tb xil_defaultlib.glbl -log elaborate.log 
Using 2 slave threads.
Starting static elaboration
Completed static elaboration
Starting simulation data flow analysis
Completed simulation data flow analysis
Time Resolution for simulation is 1ps
Compiling module unisims_ver.CARRY4
Compiling module unisims_ver.x_lut2_mux4
Compiling module unisims_ver.LUT2
Compiling module unisims_ver.LUT4
Compiling module unisims_ver.x_lut3_mux4
Compiling module unisims_ver.x_lut3_mux4_reduced_0
Compiling module unisims_ver.LUT3
Compiling module xil_defaultlib.Final_hash
Compiling module unisims_ver.RAM32M
Compiling module unisims_ver.LUT6
Compiling module unisims_ver.LUT5
Compiling module xil_defaultlib.my_bram
Compiling module xil_defaultlib.my_bram_0
Compiling module xil_defaultlib.my_bram_1
Compiling module xil_defaultlib.my_bram_2
Compiling module xil_defaultlib.my_bram_3
Compiling module xil_defaultlib.my_bram_4
Compiling module xil_defaultlib.my_bram_5
Compiling module xil_defaultlib.my_bram_6
Compiling module xil_defaultlib.my_bram_7
Compiling module xil_defaultlib.my_bram_8
Compiling module xil_defaultlib.my_bram_9
Compiling module xil_defaultlib.my_bram_10
Compiling module xil_defaultlib.my_bram_11
Compiling module xil_defaultlib.my_bram_12
Compiling module xil_defaultlib.my_bram_13
Compiling module xil_defaultlib.my_bram_14
Compiling module xil_defaultlib.my_bram_15
Compiling module xil_defaultlib.my_bram_16
Compiling module xil_defaultlib.my_bram_17
Compiling module xil_defaultlib.my_bram_18
Compiling module xil_defaultlib.my_bram_19
Compiling module unisims_ver.BUFG
Compiling module unisims_ver.IBUF
Compiling module unisims_ver.OBUF
Compiling module xil_defaultlib.top
Compiling module xil_defaultlib.my_bram_tb
Compiling module xil_defaultlib.glbl
Built simulation snapshot my_bram_tb_func_synth
