Unable to capture context for thread 7936 in process 13344, can not generate back trace
Unable to capture context for thread 11444 in process 13344, can not generate back trace
Unable to capture context for thread 4352 in process 13344, can not generate back trace
Exception at PC 0x00007FF830319E08
Unable to capture context for thread 7936 in process 13344, can not generate back trace
Unable to capture context for thread 11444 in process 13344, can not generate back trace
Unable to capture context for thread 4352 in process 13344, can not generate back trace
Exception at PC 0x00007FFFBA1EBB93
Printing stacktrace...

Exception at PC 0x00007FF830319E08
Exception at PC 0x00007FF830319E08
Exception at PC 0x00007FF830319E08
Exception at PC 0x00007FF830319E08
Exception at PC 0x00007FF830319E08
Exception at PC 0x00007FF830319E08
Exception at PC 0x00007FF830319E08
Exception at PC 0x00007FF830319E08
Exception at PC 0x00007FF830319E08
Exception at PC 0x00007FF830319E08
Exception at PC 0x00007FF830319E08
Exception at PC 0x00007FF830319E08
Exception at PC 0x00007FF830319E08
Exception at PC 0x00007FF830319E08
Exception at PC 0x00007FF830319E08
Exception at PC 0x00007FF830319E08
Exception at PC 0x00007FF830319E08
Exception at PC 0x00007FF830319E08
[0]  [0x00007FFFBA1EBB93]
[1]  [0x00007FFFBA1EBB93]
[2]  [0x00007FFFBA1EB4A1]
[3]  [0x00007FFFBA1EB3EF]
[4]  [0x00007FFFBA1D19FE]
[5]  [0x00007FFFBA1D0ED1]
[6]  [0x00007FFFBA1D0D76]
[7]  [0x00007FFFBA1779F6]
[8]  [0x00007FFFBA167AFB]
[9]  [0x00007FFFBA28E90A]
[10]  [0x00007FFFBA2A9F87]
[11]  [0x00007FFFBA2AA05F]
[12] (BaseThreadInitThunk+0x14) [0x00007FF8333E2774]
[13] (RtlUserThreadStart+0x21) [0x00007FF8338E0D61]
Done
