Unable to capture context for thread 13808 in process 12224, can not generate back trace
Unable to capture context for thread 14388 in process 12224, can not generate back trace
Unable to capture context for thread 10040 in process 12224, can not generate back trace
Exception at PC 0x00007FFFB655BB93
Printing stacktrace...

Unable to capture context for thread 13808 in process 12224, can not generate back trace
Unable to capture context for thread 14388 in process 12224, can not generate back trace
Unable to capture context for thread 10040 in process 12224, can not generate back trace
Exception at PC 0x00007FF830319E08
Exception at PC 0x00007FF830319E08
Exception at PC 0x00007FF830319E08
Exception at PC 0x00007FF830319E08
Exception at PC 0x00007FF830319E08
Exception at PC 0x00007FF830319E08
Exception at PC 0x00007FF830319E08
Exception at PC 0x00007FF830319E08
Exception at PC 0x00007FF830319E08
Exception at PC 0x00007FF830319E08
Exception at PC 0x00007FF830319E08
Exception at PC 0x00007FF830319E08
Exception at PC 0x00007FF830319E08
Exception at PC 0x00007FF830319E08
Exception at PC 0x00007FF830319E08
Exception at PC 0x00007FF830319E08
Exception at PC 0x00007FF830319E08
Exception at PC 0x00007FF830319E08
Exception at PC 0x00007FF830319E08
[0]  [0x00007FFFB655BB93]
[1]  [0x00007FFFB655BB93]
[2]  [0x00007FFFB655B4A1]
[3]  [0x00007FFFB655B3EF]
[4]  [0x00007FFFB65419FE]
[5]  [0x00007FFFB6540ED1]
[6]  [0x00007FFFB6540D76]
[7]  [0x00007FFFB64E79F6]
[8]  [0x00007FFFB64D7AFB]
[9]  [0x00007FFFB65FE90A]
[10]  [0x00007FFFB6619F87]
[11]  [0x00007FFFB661A05F]
[12] (BaseThreadInitThunk+0x14) [0x00007FF8333E2774]
[13] (RtlUserThreadStart+0x21) [0x00007FF8338E0D61]
Done
