INFO: [VRFC 10-2263] Analyzing Verilog file "C:/College/Thesis/VivadoProjects/SHA1/SHA1.srcs/sources_1/new/Final_hash.v" into library xil_defaultlib
INFO: [VRFC 10-311] analyzing module Final_hash
INFO: [VRFC 10-2263] Analyzing Verilog file "C:/College/Thesis/VivadoProjects/SHA1/SHA1.srcs/sources_1/new/R60_79.v" into library xil_defaultlib
INFO: [VRFC 10-311] analyzing module Round60_79
INFO: [VRFC 10-2263] Analyzing Verilog file "C:/College/Thesis/VivadoProjects/SHA1/SHA1.srcs/sources_1/new/R40_59.v" into library xil_defaultlib
INFO: [VRFC 10-311] analyzing module Round40_59
INFO: [VRFC 10-2263] Analyzing Verilog file "C:/College/Thesis/VivadoProjects/SHA1/SHA1.srcs/sources_1/new/R20_39.v" into library xil_defaultlib
INFO: [VRFC 10-311] analyzing module Round20_39
INFO: [VRFC 10-2263] Analyzing Verilog file "C:/College/Thesis/VivadoProjects/SHA1/SHA1.srcs/sources_1/new/R0_19.v" into library xil_defaultlib
INFO: [VRFC 10-311] analyzing module Round0_19
INFO: [VRFC 10-2263] Analyzing Verilog file "C:/College/Thesis/VivadoProjects/SHA1/SHA1.srcs/sources_1/new/W16_19.v" into library xil_defaultlib
INFO: [VRFC 10-311] analyzing module W16_79
INFO: [VRFC 10-2263] Analyzing Verilog file "C:/College/Thesis/VivadoProjects/SHA1/SHA1.srcs/sources_1/new/my_bram.v" into library xil_defaultlib
INFO: [VRFC 10-311] analyzing module my_bram
INFO: [VRFC 10-2263] Analyzing Verilog file "C:/College/Thesis/VivadoProjects/SHA1/SHA1.srcs/sources_1/new/top.v" into library xil_defaultlib
INFO: [VRFC 10-311] analyzing module top
INFO: [VRFC 10-2263] Analyzing Verilog file "C:/College/Thesis/VivadoProjects/SHA1/SHA1.srcs/sim_1/new/SHA1_tb.v" into library xil_defaultlib
INFO: [VRFC 10-311] analyzing module my_bram_tb
INFO: [VRFC 10-2263] Analyzing Verilog file "C:/College/Thesis/VivadoProjects/SHA1/SHA1.sim/sim_1/behav/glbl.v" into library xil_defaultlib
INFO: [VRFC 10-311] analyzing module glbl
