Unable to capture context for thread 13504 in process 16348, can not generate back trace
Unable to capture context for thread 7164 in process 16348, can not generate back trace
Unable to capture context for thread 14388 in process 16348, can not generate back trace
Exception at PC 0x00007FF830319E08
Unable to capture context for thread 14388 in process 16348, can not generate back trace
Exception at PC 0x00007FFFB757BB93
Printing stacktrace...

Exception at PC 0x00007FF830319E08
Exception at PC 0x00007FF830319E08
Exception at PC 0x00007FF830319E08
Exception at PC 0x00007FF830319E08
Exception at PC 0x00007FF830319E08
Exception at PC 0x00007FF830319E08
Exception at PC 0x00007FF830319E08
Exception at PC 0x00007FF830319E08
Exception at PC 0x00007FF830319E08
Exception at PC 0x00007FF830319E08
Exception at PC 0x00007FF830319E08
Exception at PC 0x00007FF830319E08
Exception at PC 0x00007FF830319E08
Exception at PC 0x00007FF830319E08
Exception at PC 0x00007FF830319E08
Exception at PC 0x00007FF830319E08
Exception at PC 0x00007FF830319E08
Exception at PC 0x00007FF830319E08
[0]  [0x00007FFFB757BB93]
[1]  [0x00007FFFB757BB93]
[2]  [0x00007FFFB757B4A1]
[3]  [0x00007FFFB757B3EF]
[4]  [0x00007FFFB75619FE]
[5]  [0x00007FFFB7560ED1]
[6]  [0x00007FFFB7560D76]
[7]  [0x00007FFFB75079F6]
[8]  [0x00007FFFB74F7AFB]
[9]  [0x00007FFFB761E90A]
[10]  [0x00007FFFB7639F87]
[11]  [0x00007FFFB763A05F]
[12] (BaseThreadInitThunk+0x14) [0x00007FF8333E2774]
[13] (RtlUserThreadStart+0x21) [0x00007FF8338E0D61]
Done
