
*** Running vivado
    with args -log blk_mem_gen_1.vds -m64 -product Vivado -mode batch -messageDb vivado.pb -notrace -source blk_mem_gen_1.tcl


****** Vivado v2016.3 (64-bit)
  **** SW Build 1682563 on Mon Oct 10 19:07:27 MDT 2016
  **** IP Build 1681267 on Mon Oct 10 21:28:31 MDT 2016
    ** Copyright 1986-2016 Xilinx, Inc. All Rights Reserved.

source blk_mem_gen_1.tcl -notrace
Starting RTL Elaboration : Time (s): cpu = 00:00:11 ; elapsed = 00:00:14 . Memory (MB): peak = 346.645 ; gain = 137.359
INFO: [Synth 8-638] synthesizing module 'blk_mem_gen_1' [c:/College/Thesis/VivadoProjects/SHA1_BRAM/SHA1_BRAM.srcs/sources_1/ip/blk_mem_gen_1/synth/blk_mem_gen_1.vhd:70]
INFO: [Synth 8-256] done synthesizing module 'blk_mem_gen_1' (9#1) [c:/College/Thesis/VivadoProjects/SHA1_BRAM/SHA1_BRAM.srcs/sources_1/ip/blk_mem_gen_1/synth/blk_mem_gen_1.vhd:70]
Finished RTL Elaboration : Time (s): cpu = 00:01:07 ; elapsed = 00:01:15 . Memory (MB): peak = 544.922 ; gain = 335.637
Finished RTL Optimization Phase 1 : Time (s): cpu = 00:01:07 ; elapsed = 00:01:15 . Memory (MB): peak = 544.922 ; gain = 335.637
INFO: [Device 21-403] Loading part xc7a100tcsg324-1
Constraint Validation Runtime : Time (s): cpu = 00:00:00 ; elapsed = 00:00:00.019 . Memory (MB): peak = 615.512 ; gain = 0.000
Finished Constraint Validation : Time (s): cpu = 00:01:19 ; elapsed = 00:01:27 . Memory (MB): peak = 615.512 ; gain = 406.227
Finished Loading Part and Timing Information : Time (s): cpu = 00:01:19 ; elapsed = 00:01:27 . Memory (MB): peak = 615.512 ; gain = 406.227
Finished applying 'set_property' XDC Constraints : Time (s): cpu = 00:01:19 ; elapsed = 00:01:27 . Memory (MB): peak = 615.512 ; gain = 406.227
Finished RTL Optimization Phase 2 : Time (s): cpu = 00:01:19 ; elapsed = 00:01:27 . Memory (MB): peak = 615.512 ; gain = 406.227
Finished Cross Boundary and Area Optimization : Time (s): cpu = 00:01:19 ; elapsed = 00:01:27 . Memory (MB): peak = 615.512 ; gain = 406.227
Finished Applying XDC Timing Constraints : Time (s): cpu = 00:01:31 ; elapsed = 00:01:40 . Memory (MB): peak = 635.633 ; gain = 426.348
Finished Timing Optimization : Time (s): cpu = 00:01:31 ; elapsed = 00:01:40 . Memory (MB): peak = 635.633 ; gain = 426.348
Finished Technology Mapping : Time (s): cpu = 00:01:31 ; elapsed = 00:01:40 . Memory (MB): peak = 645.305 ; gain = 436.020
Finished IO Insertion : Time (s): cpu = 00:01:32 ; elapsed = 00:01:40 . Memory (MB): peak = 645.305 ; gain = 436.020
Finished Renaming Generated Instances : Time (s): cpu = 00:01:32 ; elapsed = 00:01:40 . Memory (MB): peak = 645.305 ; gain = 436.020
Finished Rebuilding User Hierarchy : Time (s): cpu = 00:01:32 ; elapsed = 00:01:40 . Memory (MB): peak = 645.305 ; gain = 436.020
Finished Renaming Generated Ports : Time (s): cpu = 00:01:32 ; elapsed = 00:01:40 . Memory (MB): peak = 645.305 ; gain = 436.020
Finished Handling Custom Attributes : Time (s): cpu = 00:01:32 ; elapsed = 00:01:41 . Memory (MB): peak = 645.305 ; gain = 436.020
Finished Renaming Generated Nets : Time (s): cpu = 00:01:32 ; elapsed = 00:01:41 . Memory (MB): peak = 645.305 ; gain = 436.020

Report Cell Usage: 
+------+---------+------+
|      |Cell     |Count |
+------+---------+------+
|1     |RAMB18E1 |     1|
+------+---------+------+
Finished Writing Synthesis Report : Time (s): cpu = 00:01:32 ; elapsed = 00:01:41 . Memory (MB): peak = 645.305 ; gain = 436.020
synth_design: Time (s): cpu = 00:01:29 ; elapsed = 00:01:35 . Memory (MB): peak = 676.059 ; gain = 406.969
