Exception at PC 0x00007FF94B959E08
Unable to capture context for thread 3176 in process 3952, can not generate back trace
Exception at PC 0x00007FF94B959E08
Unable to capture context for thread 6080 in process 3952, can not generate back trace
Unable to capture context for thread 5692 in process 3952, can not generate back trace
Exception at PC 0x00007FF94B959E08
Unable to capture context for thread 6080 in process 3952, can not generate back trace
Unable to capture context for thread 5692 in process 3952, can not generate back trace
Exception at PC 0x00007FF8D152BB93
Printing stacktrace...

Exception at PC 0x00007FF94B959E08
Exception at PC 0x00007FF94B959E08
Exception at PC 0x00007FF94B959E08
Exception at PC 0x00007FF94B959E08
Exception at PC 0x00007FF94B959E08
Exception at PC 0x00007FF94B959E08
Exception at PC 0x00007FF94B959E08
Exception at PC 0x00007FF94B959E08
Exception at PC 0x00007FF94B959E08
Exception at PC 0x00007FF94B959E08
Exception at PC 0x00007FF94B959E08
Exception at PC 0x00007FF94B959E08
Exception at PC 0x00007FF94B959E08
Exception at PC 0x00007FF94B959E08
Exception at PC 0x00007FF94B959E08
Exception at PC 0x00007FF94B959E08
[0]  [0x00007FF8D152BB93]
[1]  [0x00007FF8D152BB93]
[2]  [0x00007FF8D152B4A1]
[3]  [0x00007FF8D152B3EF]
[4]  [0x00007FF8D15119FE]
[5]  [0x00007FF8D1510ED1]
[6]  [0x00007FF8D1510D76]
[7]  [0x00007FF8D14B79F6]
[8]  [0x00007FF8D14A7AFB]
[9]  [0x00007FF8D15CE90A]
[10]  [0x00007FF8D15E9F87]
[11]  [0x00007FF8D15EA05F]
[12] (BaseThreadInitThunk+0x14) [0x00007FF94EC62774]
[13] (RtlUserThreadStart+0x21) [0x00007FF94F440D61]
Done
