Unable to capture context for thread 2384 in process 5940, can not generate back trace
Unable to capture context for thread 6412 in process 5940, can not generate back trace
Unable to capture context for thread 5848 in process 5940, can not generate back trace
Exception at PC 0x00007FFA1DBE9E08
Unable to capture context for thread 2384 in process 5940, can not generate back trace
Unable to capture context for thread 6412 in process 5940, can not generate back trace
Unable to capture context for thread 5848 in process 5940, can not generate back trace
Exception at PC 0x00007FF9E6AEBB93
Printing stacktrace...

Exception at PC 0x00007FFA1DBE9E08
Exception at PC 0x00007FFA1DBE9E08
Exception at PC 0x00007FFA1DBE9E08
Exception at PC 0x00007FFA1DBE9E08
Exception at PC 0x00007FFA1DBE9E08
Exception at PC 0x00007FFA1DBE9E08
Exception at PC 0x00007FFA1DBE9E08
Exception at PC 0x00007FFA1DBE9E08
Exception at PC 0x00007FFA1DBE9E08
Exception at PC 0x00007FFA1DBE9E08
Exception at PC 0x00007FFA1DBE9E08
Exception at PC 0x00007FFA1DBE9E08
Exception at PC 0x00007FFA1DBE9E08
Exception at PC 0x00007FFA1DBE9E08
Exception at PC 0x00007FFA1DBE9E08
Exception at PC 0x00007FFA1DBE9E08
Exception at PC 0x00007FFA1DBE9E08
Exception at PC 0x00007FFA1DBE9E08
[0]  [0x00007FF9E6AEBB93]
[1]  [0x00007FF9E6AEBB93]
[2]  [0x00007FF9E6AEB4A1]
[3]  [0x00007FF9E6AEB3EF]
[4]  [0x00007FF9E6AD19FE]
[5]  [0x00007FF9E6AD0ED1]
[6]  [0x00007FF9E6AD0D76]
[7]  [0x00007FF9E6A779F6]
[8]  [0x00007FF9E6A67AFB]
[9]  [0x00007FF9E6B8E90A]
[10]  [0x00007FF9E6BA9F87]
[11]  [0x00007FF9E6BAA05F]
[12] (BaseThreadInitThunk+0x14) [0x00007FFA207D2774]
[13] (RtlUserThreadStart+0x21) [0x00007FFA208E0D51]
Done
